INFO [12-13|19:54:43.171] Maximum peer count                       ETH=50 LES=0 total=50
INFO [12-13|19:54:43.177] Smartcard socket not found, disabling    err="stat /run/pcscd/pcscd.comm: no such file or directory"
INFO [12-13|19:54:43.184] Set global gas cap                       cap=50,000,000
INFO [12-13|19:54:43.191] Allocated trie memory caches             clean=154.00MiB dirty=256.00MiB
INFO [12-13|19:54:43.194] Using leveldb as the backing database 
INFO [12-13|19:54:43.194] Allocated cache and file handles         database=/home/raspberry-node/.testchain44/geth/chaindata cache=512.00MiB handles=524,288
INFO [12-13|19:54:43.239] Using LevelDB as the backing database 
INFO [12-13|19:54:43.241] Opened ancient database                  database=/home/raspberry-node/.testchain44/geth/chaindata/ancient/chain readonly=false
INFO [12-13|19:54:43.242] Disk storage enabled for ethash caches   dir=/home/raspberry-node/.testchain44/geth/ethash count=3
INFO [12-13|19:54:43.242] Disk storage enabled for ethash DAGs     dir=/home/raspberry-node/.ethash count=2
INFO [12-13|19:54:43.243] Initialising Ethereum protocol           network=42 dbversion=<nil>
INFO [12-13|19:54:43.244]  
INFO [12-13|19:54:43.244] --------------------------------------------------------------------------------------------------------------------------------------------------------- 
INFO [12-13|19:54:43.244] Chain ID:  4257 (unknown) 
INFO [12-13|19:54:43.244] Consensus: Ethash (proof-of-work) 
INFO [12-13|19:54:43.244]  
INFO [12-13|19:54:43.244] Pre-Merge hard forks (block based): 
INFO [12-13|19:54:43.244]  - Homestead:                   #0        (https://github.com/ethereum/execution-specs/blob/master/network-upgrades/mainnet-upgrades/homestead.md) 
INFO [12-13|19:54:43.244]  - Tangerine Whistle (EIP 150): #0        (https://github.com/ethereum/execution-specs/blob/master/network-upgrades/mainnet-upgrades/tangerine-whistle.md) 
INFO [12-13|19:54:43.245]  - Spurious Dragon/1 (EIP 155): #0        (https://github.com/ethereum/execution-specs/blob/master/network-upgrades/mainnet-upgrades/spurious-dragon.md) 
INFO [12-13|19:54:43.245]  - Spurious Dragon/2 (EIP 158): #0        (https://github.com/ethereum/execution-specs/blob/master/network-upgrades/mainnet-upgrades/spurious-dragon.md) 
INFO [12-13|19:54:43.245]  - Byzantium:                   #0        (https://github.com/ethereum/execution-specs/blob/master/network-upgrades/mainnet-upgrades/byzantium.md) 
INFO [12-13|19:54:43.245]  - Constantinople:              #0        (https://github.com/ethereum/execution-specs/blob/master/network-upgrades/mainnet-upgrades/constantinople.md) 
INFO [12-13|19:54:43.245]  - Petersburg:                  #0        (https://github.com/ethereum/execution-specs/blob/master/network-upgrades/mainnet-upgrades/petersburg.md) 
INFO [12-13|19:54:43.245]  - Istanbul:                    #0        (https://github.com/ethereum/execution-specs/blob/master/network-upgrades/mainnet-upgrades/istanbul.md) 
INFO [12-13|19:54:43.245]  - Berlin:                      #0        (https://github.com/ethereum/execution-specs/blob/master/network-upgrades/mainnet-upgrades/berlin.md) 
INFO [12-13|19:54:43.245]  - London:                      #<nil> (https://github.com/ethereum/execution-specs/blob/master/network-upgrades/mainnet-upgrades/london.md) 
INFO [12-13|19:54:43.245]  
INFO [12-13|19:54:43.245] The Merge is not yet available for this network! 
INFO [12-13|19:54:43.245]  - Hard-fork specification: https://github.com/ethereum/execution-specs/blob/master/network-upgrades/mainnet-upgrades/paris.md 
INFO [12-13|19:54:43.245]  
INFO [12-13|19:54:43.245] Post-Merge hard forks (timestamp based): 
INFO [12-13|19:54:43.245]  
INFO [12-13|19:54:43.245] --------------------------------------------------------------------------------------------------------------------------------------------------------- 
INFO [12-13|19:54:43.245]  
INFO [12-13|19:54:43.248] Loaded most recent local block           number=0 hash=15e889..fbdc3a td=30 age=54y8mo3w
WARN [12-13|19:54:43.249] Failed to load snapshot                  err="missing or corrupted snapshot"
INFO [12-13|19:54:43.249] Rebuilding state snapshot 
INFO [12-13|19:54:43.250] Resuming state snapshot generation       root=56e81f..63b421 accounts=0 slots=0 storage=0.00B dangling=0 elapsed="616.486µs"
INFO [12-13|19:54:43.250] Regenerated local transaction journal    transactions=0 accounts=0
INFO [12-13|19:54:43.250] Generated state snapshot                 accounts=0 slots=0 storage=0.00B dangling=0 elapsed=1.152ms
INFO [12-13|19:54:43.253] Gasprice oracle is ignoring threshold set threshold=2
WARN [12-13|19:54:43.253] Error reading unclean shutdown markers   error="leveldb: not found"
WARN [12-13|19:54:43.254] Engine API enabled                       protocol=eth
WARN [12-13|19:54:43.255] Engine API started but chain not configured for merge yet 
INFO [12-13|19:54:43.255] Starting peer-to-peer node               instance=Geth/v1.11.6-stable-ea9e62ca/linux-arm64/go1.20.5
INFO [12-13|19:54:43.293] New local node record                    seq=1,702,493,683,291 id=6833795ecf91f53f ip=127.0.0.1 udp=0 tcp=4242
INFO [12-13|19:54:43.293] Started P2P networking                   self="enode://3e2c008b3a4ae2e9a2a30ebb5d185d7de6151003c7106d2febd7ccc85aa54a3acb8ea0b6a2a932e7e8921465c803f9bfea170321cb0eaa35bd07666e58c5a220@127.0.0.1:4242?discport=0"
INFO [12-13|19:54:43.294] IPC endpoint opened                      url=/home/raspberry-node/.testchain44/geth.ipc
INFO [12-13|19:54:43.295] Generated JWT secret                     path=/home/raspberry-node/.testchain44/geth/jwtsecret
INFO [12-13|19:54:43.297] WebSocket enabled                        url=ws://127.0.0.1:8551
INFO [12-13|19:54:43.297] HTTP server started                      endpoint=127.0.0.1:8551 auth=true prefix= cors=localhost vhosts=localhost
Welcome to the Geth JavaScript console!

instance: Geth/v1.11.6-stable-ea9e62ca/linux-arm64/go1.20.5
coinbase: 0x1729defd7d70a7e6b12adc1adb6983375fac05f8
at block: 0 (Thu Jan 01 1970 01:00:00 GMT+0100 (CET))
 datadir: /home/raspberry-node/.testchain44
 modules: admin:1.0 debug:1.0 engine:1.0 eth:1.0 ethash:1.0 miner:1.0 net:1.0 rpc:1.0 txpool:1.0 web3:1.0

To exit, press ctrl-d or type exit
> INFO [12-13|19:55:02.095] Looking for peers                        peercount=0 tried=0 static=1
WARN [12-13|19:55:25.836] Snap syncing, discarded propagated block number=1 hash=85db8b..7bc6d4
INFO [12-13|19:55:37.096] Looking for peers                        peercount=2 tried=1 static=1
INFO [12-13|19:55:47.154] Looking for peers                        peercount=2 tried=0 static=2
INFO [12-13|19:56:09.668] Block synchronisation started 
INFO [12-13|19:56:09.874] Imported new chain segment               number=16 hash=aac0a8..597ec1 blocks=16 txs=0 mgas=0.000 elapsed=42.435ms    mgasps=0.000 dirty=4.25KiB
INFO [12-13|19:56:09.875] Syncing: chain download in progress      synced=+Inf% chain=18.00B headers=16@6.00B bodies=16@6.00B receipts=16@6.00B eta=-44.761ms
WARN [12-13|19:56:09.876] Synchronisation failed, retrying         err="sync cancelled"
WARN [12-13|19:56:09.880] Unexpected account range packet          peer=522f246b reqid=6,517,764,590,847,504,118
WARN [12-13|19:56:10.838] Snap syncing, discarded propagated block number=17 hash=fb7903..4c5633
WARN [12-13|19:56:14.946] Snap syncing, discarded propagated block number=16 hash=bbc7cb..ca80f8
WARN [12-13|19:56:15.456] Snap syncing, discarded propagated block number=16 hash=bbc7cb..ca80f8
INFO [12-13|19:56:19.942] Syncing: state download in progress      synced=5.97% state=196.00B accounts=1@196.00B slots=0@0.00B codes=0@0.00B eta=2m40.720s
INFO [12-13|19:56:20.039] Syncing: chain download in progress      synced=100.00% chain=18.00B headers=23@6.00B bodies=16@6.00B receipts=16@6.00B eta=0s
INFO [12-13|19:56:20.040] Syncing: state download in progress      synced=75.10%  state=196.00B accounts=1@196.00B slots=0@0.00B codes=0@0.00B eta=3.415s
WARN [12-13|19:56:20.045] Unexpected account range packet          peer=2b9fa6f5 reqid=3,226,363,926,765,587,289
WARN [12-13|19:56:20.059] Unexpected account range packet          peer=f0f2dbce reqid=7,110,627,573,368,504,594
INFO [12-13|19:56:20.098] Syncing: state download in progress      synced=100.00% state=390.00B accounts=2@390.00B slots=0@0.00B codes=0@0.00B eta=-314ns
WARN [12-13|19:56:20.124] Unexpected account range packet          peer=522f246b reqid=2,894,686,013,304,120,841
INFO [12-13|19:56:20.139] Syncing: state healing in progress       accounts=2@93.00B  slots=0@0.00B codes=0@0.00B nodes=3@314.00B pending=0
INFO [12-13|19:56:20.139] Rebuilding state snapshot 
INFO [12-13|19:56:20.140] Committed new head block                 number=16 hash=aac0a8..597ec1
INFO [12-13|19:56:20.140] Resuming state snapshot generation       root=4810b3..c88581 accounts=0         slots=0       storage=0.00B dangling=0 elapsed="991.742µs"
INFO [12-13|19:56:20.143] Generated state snapshot                 accounts=2         slots=0       storage=95.00B dangling=0 elapsed=3.979ms
INFO [12-13|19:56:20.153] Imported new chain segment               number=19 hash=4e9d33..cbb85d blocks=3  txs=0 mgas=0.000 elapsed=12.020ms    mgasps=0.000 dirty=5.57KiB
INFO [12-13|19:56:20.173] Imported new chain segment               number=23 hash=22e680..8b7a8f blocks=4  txs=0 mgas=0.000 elapsed=19.891ms    mgasps=0.000 dirty=8.76KiB
WARN [12-13|19:56:21.250] Snap syncing, discarded propagated block number=24 hash=aea1c7..83dab7
WARN [12-13|19:56:21.250] Snap syncing, discarded propagated block number=19 hash=32407b..41c552
INFO [12-13|19:56:22.154] Looking for peers                        peercount=3 tried=1 static=2
INFO [12-13|19:56:23.026] Imported new chain segment               number=26 hash=9ed571..f7aed7 blocks=3  txs=0 mgas=0.000 elapsed=10.864ms    mgasps=0.000 dirty=10.60KiB
INFO [12-13|19:56:23.026] Syncing: chain download in progress      synced=162.50% chain=18.00B headers=26@6.00B bodies=26@6.00B receipts=26@6.00B eta=-5.075s
INFO [12-13|19:56:23.026] Snap sync complete, auto disabling 
INFO [12-13|19:56:24.768] Imported new chain segment               number=27 hash=6c1eb4..6a0b55 blocks=1  txs=0 mgas=0.000 elapsed=8.196ms     mgasps=0.000 dirty=11.07KiB
INFO [12-13|19:56:25.077] Imported new chain segment               number=28 hash=bbd7e0..c149ae blocks=1  txs=0 mgas=0.000 elapsed=15.660ms    mgasps=0.000 dirty=11.99KiB
INFO [12-13|19:56:25.793] Imported new chain segment               number=28 hash=cba0dd..809f77 blocks=1  txs=0 mgas=0.000 elapsed=15.416ms    mgasps=0.000 dirty=12.46KiB
INFO [12-13|19:56:26.188] Imported new chain segment               number=29 hash=918a76..bd7aa8 blocks=1  txs=0 mgas=0.000 elapsed=29.156ms    mgasps=0.000 dirty=13.38KiB
INFO [12-13|19:56:26.709] Imported new chain segment               number=29 hash=22feb7..1b5d11 blocks=1  txs=0 mgas=0.000 elapsed=27.934ms    mgasps=0.000 dirty=14.06KiB
INFO [12-13|19:56:27.867] Chain reorg detected                     number=28 hash=bbd7e0..c149ae drop=1 dropfrom=918a76..bd7aa8 add=2 addfrom=3c580b..828dee
INFO [12-13|19:56:27.868] Imported new chain segment               number=30 hash=3c580b..828dee blocks=1  txs=0 mgas=0.000 elapsed=30.674ms    mgasps=0.000 dirty=14.97KiB
INFO [12-13|19:56:27.954] Imported new chain segment               number=31 hash=c08fb5..272995 blocks=1  txs=0 mgas=0.000 elapsed=11.494ms    mgasps=0.000 dirty=15.45KiB
INFO [12-13|19:56:29.697] Imported new chain segment               number=32 hash=8cf16e..e07146 blocks=1  txs=0 mgas=0.000 elapsed=16.675ms    mgasps=0.000 dirty=16.13KiB
INFO [12-13|19:56:30.471] Imported new chain segment               number=33 hash=bce161..976cdb blocks=1  txs=0 mgas=0.000 elapsed=16.335ms    mgasps=0.000 dirty=16.60KiB
INFO [12-13|19:56:32.297] Imported new chain segment               number=34 hash=fd578e..c7eb7d blocks=1  txs=0 mgas=0.000 elapsed=14.039ms    mgasps=0.000 dirty=17.08KiB
INFO [12-13|19:56:33.120] Imported new chain segment               number=35 hash=4b2e24..e61f19 blocks=1  txs=0 mgas=0.000 elapsed=16.285ms    mgasps=0.000 dirty=17.76KiB
INFO [12-13|19:56:35.711] Imported new chain segment               number=36 hash=5795b8..db7e14 blocks=1  txs=0 mgas=0.000 elapsed=15.331ms    mgasps=0.000 dirty=18.23KiB
INFO [12-13|19:56:36.600] Imported new chain segment               number=37 hash=64a319..177d49 blocks=1  txs=0 mgas=0.000 elapsed=15.268ms    mgasps=0.000 dirty=18.91KiB
INFO [12-13|19:56:39.026] Imported new chain segment               number=38 hash=7aff3c..777f6f blocks=1  txs=0 mgas=0.000 elapsed=15.477ms    mgasps=0.000 dirty=19.59KiB
INFO [12-13|19:56:39.668] Imported new chain segment               number=39 hash=362182..5db5d9 blocks=1  txs=0 mgas=0.000 elapsed=15.546ms    mgasps=0.000 dirty=20.27KiB
INFO [12-13|19:56:39.914] Imported new chain segment               number=39 hash=e1fb2c..a253d3 blocks=1  txs=0 mgas=0.000 elapsed=15.356ms    mgasps=0.000 dirty=20.95KiB
INFO [12-13|19:56:42.303] Imported new chain segment               number=40 hash=7b82e3..a4cd6b blocks=1  txs=0 mgas=0.000 elapsed=26.202ms    mgasps=0.000 dirty=22.07KiB
INFO [12-13|19:56:45.229] Updated mining threads                   threads=1
INFO [12-13|19:56:45.229] Transaction pool price threshold updated price=1,000,000,000
INFO [12-13|19:56:45.230] Commit new sealing work                  number=41 sealhash=566928..6c7946 uncles=0 txs=0 gas=0 fees=0 elapsed=1.099ms
INFO [12-13|19:56:45.231] Commit new sealing work                  number=41 sealhash=566928..6c7946 uncles=0 txs=0 gas=0 fees=0 elapsed=2.091ms
