INFO [12-13|20:02:21.014] Maximum peer count                       ETH=50 LES=0 total=50
INFO [12-13|20:02:21.017] Smartcard socket not found, disabling    err="stat /run/pcscd/pcscd.comm: no such file or directory"
INFO [12-13|20:02:21.027] Set global gas cap                       cap=50,000,000
INFO [12-13|20:02:21.035] Allocated trie memory caches             clean=154.00MiB dirty=256.00MiB
INFO [12-13|20:02:21.035] Using leveldb as the backing database 
INFO [12-13|20:02:21.035] Allocated cache and file handles         database=/home/raspberry-node/.testchain44/geth/chaindata cache=512.00MiB handles=524,288
INFO [12-13|20:02:21.082] Using LevelDB as the backing database 
INFO [12-13|20:02:21.084] Opened ancient database                  database=/home/raspberry-node/.testchain44/geth/chaindata/ancient/chain readonly=false
INFO [12-13|20:02:21.086] Disk storage enabled for ethash caches   dir=/home/raspberry-node/.testchain44/geth/ethash count=3
INFO [12-13|20:02:21.086] Disk storage enabled for ethash DAGs     dir=/home/raspberry-node/.ethash count=2
INFO [12-13|20:02:21.086] Initialising Ethereum protocol           network=42 dbversion=<nil>
INFO [12-13|20:02:21.087]  
INFO [12-13|20:02:21.087] --------------------------------------------------------------------------------------------------------------------------------------------------------- 
INFO [12-13|20:02:21.087] Chain ID:  4258 (unknown) 
INFO [12-13|20:02:21.087] Consensus: Ethash (proof-of-work) 
INFO [12-13|20:02:21.088]  
INFO [12-13|20:02:21.088] Pre-Merge hard forks (block based): 
INFO [12-13|20:02:21.088]  - Homestead:                   #0        (https://github.com/ethereum/execution-specs/blob/master/network-upgrades/mainnet-upgrades/homestead.md) 
INFO [12-13|20:02:21.088]  - Tangerine Whistle (EIP 150): #0        (https://github.com/ethereum/execution-specs/blob/master/network-upgrades/mainnet-upgrades/tangerine-whistle.md) 
INFO [12-13|20:02:21.088]  - Spurious Dragon/1 (EIP 155): #0        (https://github.com/ethereum/execution-specs/blob/master/network-upgrades/mainnet-upgrades/spurious-dragon.md) 
INFO [12-13|20:02:21.088]  - Spurious Dragon/2 (EIP 158): #0        (https://github.com/ethereum/execution-specs/blob/master/network-upgrades/mainnet-upgrades/spurious-dragon.md) 
INFO [12-13|20:02:21.088]  - Byzantium:                   #0        (https://github.com/ethereum/execution-specs/blob/master/network-upgrades/mainnet-upgrades/byzantium.md) 
INFO [12-13|20:02:21.088]  - Constantinople:              #0        (https://github.com/ethereum/execution-specs/blob/master/network-upgrades/mainnet-upgrades/constantinople.md) 
INFO [12-13|20:02:21.088]  - Petersburg:                  #0        (https://github.com/ethereum/execution-specs/blob/master/network-upgrades/mainnet-upgrades/petersburg.md) 
INFO [12-13|20:02:21.088]  - Istanbul:                    #0        (https://github.com/ethereum/execution-specs/blob/master/network-upgrades/mainnet-upgrades/istanbul.md) 
INFO [12-13|20:02:21.088]  - Berlin:                      #0        (https://github.com/ethereum/execution-specs/blob/master/network-upgrades/mainnet-upgrades/berlin.md) 
INFO [12-13|20:02:21.088]  - London:                      #<nil> (https://github.com/ethereum/execution-specs/blob/master/network-upgrades/mainnet-upgrades/london.md) 
INFO [12-13|20:02:21.088]  
INFO [12-13|20:02:21.088] The Merge is not yet available for this network! 
INFO [12-13|20:02:21.088]  - Hard-fork specification: https://github.com/ethereum/execution-specs/blob/master/network-upgrades/mainnet-upgrades/paris.md 
INFO [12-13|20:02:21.088]  
INFO [12-13|20:02:21.088] Post-Merge hard forks (timestamp based): 
INFO [12-13|20:02:21.088]  
INFO [12-13|20:02:21.088] --------------------------------------------------------------------------------------------------------------------------------------------------------- 
INFO [12-13|20:02:21.088]  
INFO [12-13|20:02:21.089] Loaded most recent local block           number=0 hash=d7f65e..f0904b td=200 age=54y8mo3w
WARN [12-13|20:02:21.089] Failed to load snapshot                  err="missing or corrupted snapshot"
INFO [12-13|20:02:21.089] Rebuilding state snapshot 
INFO [12-13|20:02:21.090] Resuming state snapshot generation       root=56e81f..63b421 accounts=0 slots=0 storage=0.00B dangling=0 elapsed="846.185µs"
INFO [12-13|20:02:21.090] Regenerated local transaction journal    transactions=0 accounts=0
INFO [12-13|20:02:21.091] Generated state snapshot                 accounts=0 slots=0 storage=0.00B dangling=0 elapsed=1.645ms
INFO [12-13|20:02:21.091] Gasprice oracle is ignoring threshold set threshold=2
WARN [12-13|20:02:21.091] Error reading unclean shutdown markers   error="leveldb: not found"
WARN [12-13|20:02:21.091] Engine API enabled                       protocol=eth
WARN [12-13|20:02:21.091] Engine API started but chain not configured for merge yet 
INFO [12-13|20:02:21.092] Starting peer-to-peer node               instance=Geth/v1.11.6-stable-ea9e62ca/linux-arm64/go1.20.5
INFO [12-13|20:02:21.126] New local node record                    seq=1,702,494,141,124 id=16a642d24627ba48 ip=127.0.0.1 udp=0 tcp=4242
INFO [12-13|20:02:21.126] Started P2P networking                   self="enode://5b6879105dc415b4c9e6e10c1b2703930d707353223efd92da385bd67026f55911c0eddaf6231fe36af5420fbefdf9b7f9c355263444220dcdbf4fca862264a0@127.0.0.1:4242?discport=0"
INFO [12-13|20:02:21.127] IPC endpoint opened                      url=/home/raspberry-node/.testchain44/geth.ipc
INFO [12-13|20:02:21.127] Generated JWT secret                     path=/home/raspberry-node/.testchain44/geth/jwtsecret
INFO [12-13|20:02:21.130] WebSocket enabled                        url=ws://127.0.0.1:8551
INFO [12-13|20:02:21.130] HTTP server started                      endpoint=127.0.0.1:8551 auth=true prefix= cors=localhost vhosts=localhost
Welcome to the Geth JavaScript console!

instance: Geth/v1.11.6-stable-ea9e62ca/linux-arm64/go1.20.5
coinbase: 0x6b43d266ff8388f29ce5ff108cd6f27c99778363
at block: 0 (Thu Jan 01 1970 01:00:00 GMT+0100 (CET))
 datadir: /home/raspberry-node/.testchain44
 modules: admin:1.0 debug:1.0 engine:1.0 eth:1.0 ethash:1.0 miner:1.0 net:1.0 rpc:1.0 txpool:1.0 web3:1.0

To exit, press ctrl-d or type exit
> INFO [12-13|20:02:41.293] Looking for peers                        peercount=0 tried=0 static=1
WARN [12-13|20:03:01.518] Snap syncing, discarded propagated block number=1 hash=9f93df..ff8895
INFO [12-13|20:03:02.494] Block synchronisation started 
INFO [12-13|20:03:02.565] Imported new chain segment               number=2 hash=eee43e..c51ae7 blocks=2 txs=0 mgas=0.000 elapsed=17.011ms    mgasps=0.000 dirty=486.00B
INFO [12-13|20:03:02.566] Syncing: chain download in progress      synced=+Inf% chain=18.00B headers=2@6.00B bodies=2@6.00B receipts=2@6.00B eta=-18.568ms
WARN [12-13|20:03:02.567] Synchronisation failed, retrying         err="sync cancelled"
WARN [12-13|20:03:03.556] Snap syncing, discarded propagated block number=3 hash=e1e6bf..f4de6b
INFO [12-13|20:03:12.641] Syncing: chain download in progress      synced=100.00% chain=18.00B headers=4@6.00B bodies=2@6.00B receipts=2@6.00B eta=0s
WARN [12-13|20:03:12.643] Unexpected account range packet          peer=9ab5f029 reqid=1,857,402,335,289,317,716
INFO [12-13|20:03:12.699] Syncing: state download in progress      synced=33.68%  state=194.00B accounts=1@194.00B slots=0@0.00B codes=0@0.00B eta=20.052s
WARN [12-13|20:03:12.845] Unexpected account range packet          peer=41971a8f reqid=6,901,748,646,524,491,637
INFO [12-13|20:03:12.943] Syncing: state download in progress      synced=100.00% state=194.00B accounts=1@194.00B slots=0@0.00B codes=0@0.00B eta=-119ns
INFO [12-13|20:03:12.960] Syncing: state healing in progress       accounts=1@46.00B  slots=0@0.00B codes=0@0.00B nodes=1@116.00B pending=0
INFO [12-13|20:03:12.961] Rebuilding state snapshot 
INFO [12-13|20:03:12.961] Committed new head block                 number=2 hash=eee43e..c51ae7
INFO [12-13|20:03:12.962] Resuming state snapshot generation       root=99602e..fd9f07 accounts=0         slots=0       storage=0.00B dangling=0 elapsed=1.228ms
INFO [12-13|20:03:12.968] Generated state snapshot                 accounts=1         slots=0       storage=47.00B dangling=0 elapsed=6.966ms
INFO [12-13|20:03:12.974] Imported new chain segment               number=4 hash=d423a9..b0c2d2 blocks=2 txs=0 mgas=0.000 elapsed=12.693ms    mgasps=0.000 dirty=972.00B
INFO [12-13|20:03:15.663] Syncing: chain download in progress      synced=200.00% chain=18.00B headers=4@6.00B bodies=4@6.00B receipts=4@6.00B eta=-6.558s
INFO [12-13|20:03:15.663] Snap sync complete, auto disabling 
INFO [12-13|20:03:16.294] Looking for peers                        peercount=2 tried=1 static=1
INFO [12-13|20:03:18.111] Imported new chain segment               number=5 hash=85b401..50db7b blocks=1 txs=0 mgas=0.000 elapsed=8.139ms     mgasps=0.000 dirty=1.19KiB
INFO [12-13|20:03:37.665] Imported new chain segment               number=6 hash=35ce3a..2501fc blocks=1 txs=0 mgas=0.000 elapsed=9.024ms     mgasps=0.000 dirty=1.42KiB
INFO [12-13|20:03:39.380] Updated mining threads                   threads=1
INFO [12-13|20:03:39.380] Transaction pool price threshold updated price=1,000,000,000
INFO [12-13|20:03:39.381] Commit new sealing work                  number=7 sealhash=36771f..ceddcf uncles=0 txs=0 gas=0 fees=0 elapsed="720.207µs"
INFO [12-13|20:03:39.381] Commit new sealing work                  number=7 sealhash=36771f..ceddcf uncles=0 txs=0 gas=0 fees=0 elapsed=1.191ms
INFO [12-13|20:03:41.134] Imported new chain segment               number=7 hash=122052..6b153c blocks=1 txs=0 mgas=0.000 elapsed=16.230ms    mgasps=0.000 dirty=2.10KiB
INFO [12-13|20:03:41.135] Commit new sealing work                  number=8 sealhash=659935..bce6a9 uncles=0 txs=0 gas=0 fees=0 elapsed="599.968µs"
INFO [12-13|20:03:41.136] Commit new sealing work                  number=8 sealhash=659935..bce6a9 uncles=0 txs=0 gas=0 fees=0 elapsed="969.09µs"
INFO [12-13|20:03:46.668] Looking for peers                        peercount=3 tried=0 static=1
INFO [12-13|20:03:46.826] Imported new chain segment               number=7 hash=e13e14..c98399 blocks=1 txs=0 mgas=0.000 elapsed=10.064ms    mgasps=0.000 dirty=2.34KiB
INFO [12-13|20:03:46.826] Commit new sealing work                  number=8 sealhash=74c388..1c2474 uncles=1 txs=0 gas=0 fees=0 elapsed="367.714µs"
INFO [12-13|20:03:50.673] Successfully sealed new block            number=8 sealhash=74c388..1c2474 hash=16491b..cc0ede elapsed=3.847s
INFO [12-13|20:03:50.674] "🔨 mined potential block"                number=8 hash=16491b..cc0ede
INFO [12-13|20:03:50.676] Commit new sealing work                  number=9 sealhash=2ca23b..d51b6a uncles=0 txs=0 gas=0 fees=0 elapsed=1.823ms
INFO [12-13|20:03:50.679] Commit new sealing work                  number=9 sealhash=2ca23b..d51b6a uncles=0 txs=0 gas=0 fees=0 elapsed=4.448ms
INFO [12-13|20:03:52.685] Imported new chain segment               number=7 hash=553002..ff585c blocks=1 txs=0 mgas=0.000 elapsed=11.659ms    mgasps=0.000 dirty=3.49KiB
INFO [12-13|20:03:52.686] Commit new sealing work                  number=9 sealhash=930ab6..8805ad uncles=1 txs=0 gas=0 fees=0 elapsed="701.911µs"
INFO [12-13|20:03:52.853] Imported new chain segment               number=9 hash=dc252d..916315 blocks=1 txs=0 mgas=0.000 elapsed=20.214ms    mgasps=0.000 dirty=4.23KiB
INFO [12-13|20:03:52.855] Commit new sealing work                  number=10 sealhash=f9fab8..a9569e uncles=0 txs=0 gas=0 fees=0 elapsed="785.094µs"
INFO [12-13|20:03:52.856] Commit new sealing work                  number=10 sealhash=f9fab8..a9569e uncles=0 txs=0 gas=0 fees=0 elapsed=1.570ms
INFO [12-13|20:03:53.674] Imported new chain segment               number=8  hash=066741..0a0688 blocks=1 txs=0 mgas=0.000 elapsed=11.247ms    mgasps=0.000 dirty=4.47KiB
INFO [12-13|20:03:57.752] Imported new chain segment               number=7  hash=594e0a..138aaf blocks=1 txs=0 mgas=0.000 elapsed=10.621ms    mgasps=0.000 dirty=4.91KiB
INFO [12-13|20:03:57.753] Commit new sealing work                  number=10 sealhash=4a72a9..f71000 uncles=1 txs=0 gas=0 fees=0 elapsed="479.73µs"
INFO [12-13|20:04:00.235] Imported new chain segment               number=10 hash=e95c1a..13f58a blocks=1 txs=0 mgas=0.000 elapsed=47.812ms    mgasps=0.000 dirty=5.86KiB
INFO [12-13|20:04:00.238] Commit new sealing work                  number=11 sealhash=733360..533147 uncles=0 txs=0 gas=0 fees=0 elapsed=1.173ms
INFO [12-13|20:04:00.239] Commit new sealing work                  number=11 sealhash=733360..533147 uncles=0 txs=0 gas=0 fees=0 elapsed=2.051ms
INFO [12-13|20:04:01.927] Imported new chain segment               number=11 hash=3ffe64..998e0c blocks=1 txs=0 mgas=0.000 elapsed=14.511ms    mgasps=0.000 dirty=6.57KiB
INFO [12-13|20:04:01.929] Commit new sealing work                  number=12 sealhash=a68137..eaedfe uncles=0 txs=0 gas=0 fees=0 elapsed="732.521µs"
INFO [12-13|20:04:01.929] Commit new sealing work                  number=12 sealhash=a68137..eaedfe uncles=0 txs=0 gas=0 fees=0 elapsed=1.154ms
INFO [12-13|20:04:03.880] Imported new chain segment               number=12 hash=3cd9e0..b584ce blocks=1 txs=0 mgas=0.000 elapsed=18.524ms    mgasps=0.000 dirty=7.28KiB
INFO [12-13|20:04:03.882] Commit new sealing work                  number=13 sealhash=b513b6..f77a4e uncles=0 txs=0 gas=0 fees=0 elapsed="674.263µs"
INFO [12-13|20:04:03.882] Commit new sealing work                  number=13 sealhash=b513b6..f77a4e uncles=0 txs=0 gas=0 fees=0 elapsed=1.187ms
INFO [12-13|20:04:09.342] Imported new chain segment               number=13 hash=85caed..0c928c blocks=1 txs=0 mgas=0.000 elapsed=10.681ms    mgasps=0.000 dirty=7.99KiB
INFO [12-13|20:04:09.344] Commit new sealing work                  number=14 sealhash=09fa18..805fce uncles=0 txs=0 gas=0 fees=0 elapsed="820.964µs"
INFO [12-13|20:04:09.345] Commit new sealing work                  number=14 sealhash=09fa18..805fce uncles=0 txs=0 gas=0 fees=0 elapsed=1.985ms
INFO [12-13|20:04:11.673] Imported new chain segment               number=14 hash=d0c5e3..3b4b94 blocks=1 txs=0 mgas=0.000 elapsed=17.587ms    mgasps=0.000 dirty=8.70KiB
INFO [12-13|20:04:11.675] Commit new sealing work                  number=15 sealhash=7ff0b8..87abaa uncles=0 txs=0 gas=0 fees=0 elapsed="745.521µs"
INFO [12-13|20:04:11.675] Commit new sealing work                  number=15 sealhash=7ff0b8..87abaa uncles=0 txs=0 gas=0 fees=0 elapsed=1.173ms
INFO [12-13|20:04:12.798] Imported new chain segment               number=15 hash=c1b457..fb1a0a blocks=1 txs=0 mgas=0.000 elapsed=11.226ms    mgasps=0.000 dirty=9.21KiB
INFO [12-13|20:04:12.800] "🔗 block reached canonical chain"        number=8  hash=16491b..cc0ede
INFO [12-13|20:04:12.800] Commit new sealing work                  number=16 sealhash=4f6ff2..1feac0 uncles=0 txs=0 gas=0 fees=0 elapsed="878.963µs"
INFO [12-13|20:04:12.801] Commit new sealing work                  number=16 sealhash=4f6ff2..1feac0 uncles=0 txs=0 gas=0 fees=0 elapsed=1.601ms
INFO [12-13|20:04:19.228] Imported new chain segment               number=16 hash=be03e9..f2c4fe blocks=1 txs=0 mgas=0.000 elapsed=18.350ms    mgasps=0.000 dirty=9.71KiB
INFO [12-13|20:04:19.229] Commit new sealing work                  number=17 sealhash=4bb72c..3789ff uncles=0 txs=0 gas=0 fees=0 elapsed="577.006µs"
INFO [12-13|20:04:19.230] Commit new sealing work                  number=17 sealhash=4bb72c..3789ff uncles=0 txs=0 gas=0 fees=0 elapsed=1.566ms
INFO [12-13|20:04:20.998] Imported new chain segment               number=17 hash=70b3d4..c3c899 blocks=1 txs=0 mgas=0.000 elapsed=13.722ms    mgasps=0.000 dirty=10.22KiB
INFO [12-13|20:04:21.000] Commit new sealing work                  number=18 sealhash=651b66..9852f8 uncles=0 txs=0 gas=0 fees=0 elapsed="776.465µs"
INFO [12-13|20:04:21.000] Commit new sealing work                  number=18 sealhash=651b66..9852f8 uncles=0 txs=0 gas=0 fees=0 elapsed=1.159ms
INFO [12-13|20:04:21.351] Imported new chain segment               number=18 hash=2168af..e51e5c blocks=1 txs=0 mgas=0.000 elapsed=26.986ms    mgasps=0.000 dirty=10.93KiB
INFO [12-13|20:04:21.353] Commit new sealing work                  number=19 sealhash=19fb97..9fce7d uncles=0 txs=0 gas=0 fees=0 elapsed=1.032ms
INFO [12-13|20:04:21.354] Commit new sealing work                  number=19 sealhash=19fb97..9fce7d uncles=0 txs=0 gas=0 fees=0 elapsed=1.828ms
INFO [12-13|20:04:21.581] Imported new chain segment               number=17 hash=eb089d..bc8091 blocks=1 txs=0 mgas=0.000 elapsed=9.663ms     mgasps=0.000 dirty=11.43KiB
INFO [12-13|20:04:21.598] Commit new sealing work                  number=19 sealhash=661e80..4b4e6b uncles=1 txs=0 gas=0 fees=0 elapsed=16.195ms
INFO [12-13|20:04:22.518] Imported new chain segment               number=19 hash=58e27c..9da70f blocks=1 txs=0 mgas=0.000 elapsed=41.251ms    mgasps=0.000 dirty=12.18KiB
INFO [12-13|20:04:22.522] Commit new sealing work                  number=20 sealhash=b1b992..9e9938 uncles=0 txs=0 gas=0 fees=0 elapsed=2.660ms
INFO [12-13|20:04:22.523] Commit new sealing work                  number=20 sealhash=b1b992..9e9938 uncles=0 txs=0 gas=0 fees=0 elapsed=3.839ms
INFO [12-13|20:04:28.271] Imported new chain segment               number=18 hash=7bba10..ef63f0 blocks=1 txs=0 mgas=0.000 elapsed=9.974ms     mgasps=0.000 dirty=12.68KiB
INFO [12-13|20:04:28.680] Successfully sealed new block            number=20 sealhash=b1b992..9e9938 hash=5271ae..097769 elapsed=6.159s
INFO [12-13|20:04:28.680] "🔨 mined potential block"                number=20 hash=5271ae..097769
INFO [12-13|20:04:28.680] Commit new sealing work                  number=21 sealhash=c78f7b..4984d7 uncles=0 txs=0 gas=0 fees=0 elapsed="661.282µs"
INFO [12-13|20:04:28.681] Commit new sealing work                  number=21 sealhash=c78f7b..4984d7 uncles=0 txs=0 gas=0 fees=0 elapsed=1.047ms
INFO [12-13|20:04:29.271] Imported new chain segment               number=21 hash=f70423..8fc95a blocks=1 txs=0 mgas=0.000 elapsed=14.978ms    mgasps=0.000 dirty=13.69KiB
INFO [12-13|20:04:29.273] Commit new sealing work                  number=22 sealhash=fa34f5..5da6a7 uncles=0 txs=0 gas=0 fees=0 elapsed="651.467µs"
INFO [12-13|20:04:29.273] Commit new sealing work                  number=22 sealhash=fa34f5..5da6a7 uncles=0 txs=0 gas=0 fees=0 elapsed=1.019ms
INFO [12-13|20:04:30.482] Imported new chain segment               number=22 hash=b3dffd..e8683d blocks=1 txs=0 mgas=0.000 elapsed=10.438ms    mgasps=0.000 dirty=14.20KiB
INFO [12-13|20:04:30.485] Commit new sealing work                  number=23 sealhash=508067..33b110 uncles=0 txs=0 gas=0 fees=0 elapsed=2.214ms
INFO [12-13|20:04:30.485] Commit new sealing work                  number=23 sealhash=508067..33b110 uncles=0 txs=0 gas=0 fees=0 elapsed=2.671ms
INFO [12-13|20:04:30.831] Imported new chain segment               number=23 hash=05e1d7..f9227a blocks=1 txs=0 mgas=0.000 elapsed=10.347ms    mgasps=0.000 dirty=14.70KiB
INFO [12-13|20:04:30.833] Commit new sealing work                  number=24 sealhash=49edcd..214526 uncles=0 txs=0 gas=0 fees=0 elapsed="587.043µs"
INFO [12-13|20:04:30.834] Commit new sealing work                  number=24 sealhash=49edcd..214526 uncles=0 txs=0 gas=0 fees=0 elapsed=1.212ms
INFO [12-13|20:04:31.215] Imported new chain segment               number=18 hash=58800d..41ae7b blocks=1 txs=0 mgas=0.000 elapsed=18.725ms    mgasps=0.000 dirty=15.42KiB
INFO [12-13|20:04:32.566] Imported new chain segment               number=24 hash=246338..32d52d blocks=1 txs=0 mgas=0.000 elapsed=11.755ms    mgasps=0.000 dirty=15.92KiB
INFO [12-13|20:04:32.568] Commit new sealing work                  number=25 sealhash=24ec52..9dcd73 uncles=0 txs=0 gas=0 fees=0 elapsed="875.666µs"
INFO [12-13|20:04:32.569] Commit new sealing work                  number=25 sealhash=24ec52..9dcd73 uncles=0 txs=0 gas=0 fees=0 elapsed=1.682ms
INFO [12-13|20:04:33.173] Successfully sealed new block            number=25 sealhash=24ec52..9dcd73 hash=b45342..830203 elapsed=605.079ms
INFO [12-13|20:04:33.174] "🔨 mined potential block"                number=25 hash=b45342..830203
INFO [12-13|20:04:33.179] Commit new sealing work                  number=26 sealhash=c01a07..5ab142 uncles=0 txs=0 gas=0 fees=0 elapsed=5.519ms
INFO [12-13|20:04:33.181] Commit new sealing work                  number=26 sealhash=c01a07..5ab142 uncles=0 txs=0 gas=0 fees=0 elapsed=7.003ms
INFO [12-13|20:04:33.234] Imported new chain segment               number=19 hash=dd80c1..df59bc blocks=1 txs=0 mgas=0.000 elapsed=14.914ms    mgasps=0.000 dirty=16.93KiB
INFO [12-13|20:04:36.822] Imported new chain segment               number=26 hash=50a35d..497d79 blocks=1 txs=0 mgas=0.000 elapsed=18.735ms    mgasps=0.000 dirty=17.44KiB
INFO [12-13|20:04:36.825] Commit new sealing work                  number=27 sealhash=ad41f2..aaafc7 uncles=0 txs=0 gas=0 fees=0 elapsed=1.059ms
INFO [12-13|20:04:36.826] Commit new sealing work                  number=27 sealhash=ad41f2..aaafc7 uncles=0 txs=0 gas=0 fees=0 elapsed=1.717ms
INFO [12-13|20:04:36.945] Imported new chain segment               number=27 hash=b88811..08d917 blocks=1 txs=0 mgas=0.000 elapsed=9.523ms     mgasps=0.000 dirty=17.94KiB
INFO [12-13|20:04:36.946] "🔗 block reached canonical chain"        number=20 hash=5271ae..097769
INFO [12-13|20:04:36.946] Commit new sealing work                  number=28 sealhash=31d496..535b04 uncles=0 txs=0 gas=0 fees=0 elapsed="830.038µs"
INFO [12-13|20:04:36.946] Commit new sealing work                  number=28 sealhash=31d496..535b04 uncles=0 txs=0 gas=0 fees=0 elapsed=1.311ms
INFO [12-13|20:04:38.023] Imported new chain segment               number=28 hash=f25114..519832 blocks=1 txs=0 mgas=0.000 elapsed=17.267ms    mgasps=0.000 dirty=18.42KiB
INFO [12-13|20:04:38.025] Commit new sealing work                  number=29 sealhash=3ed9a2..5ef50e uncles=0 txs=0 gas=0 fees=0 elapsed="738.095µs"
INFO [12-13|20:04:38.026] Commit new sealing work                  number=29 sealhash=3ed9a2..5ef50e uncles=0 txs=0 gas=0 fees=0 elapsed=1.291ms
INFO [12-13|20:04:41.620] Imported new chain segment               number=29 hash=2776f8..dded58 blocks=1 txs=0 mgas=0.000 elapsed=13.979ms    mgasps=0.000 dirty=19.13KiB
INFO [12-13|20:04:41.624] Commit new sealing work                  number=30 sealhash=d62dba..44bb32 uncles=0 txs=0 gas=0 fees=0 elapsed=1.359ms
INFO [12-13|20:04:41.625] Commit new sealing work                  number=30 sealhash=d62dba..44bb32 uncles=0 txs=0 gas=0 fees=0 elapsed=2.742ms
INFO [12-13|20:04:43.889] Chain reorg detected                     number=28 hash=f25114..519832 drop=1 dropfrom=2776f8..dded58 add=1 addfrom=de59dc..3c13d3
INFO [12-13|20:04:43.894] Imported new chain segment               number=29 hash=de59dc..3c13d3 blocks=1 txs=0 mgas=0.000 elapsed=34.126ms    mgasps=0.000 dirty=19.84KiB
INFO [12-13|20:04:43.897] Commit new sealing work                  number=30 sealhash=0a9e34..5bb62b uncles=1 txs=0 gas=0 fees=0 elapsed=1.702ms
INFO [12-13|20:04:43.900] Commit new sealing work                  number=30 sealhash=0a9e34..5bb62b uncles=1 txs=0 gas=0 fees=0 elapsed=4.312ms
INFO [12-13|20:04:45.559] Imported new chain segment               number=30 hash=966afa..2ed1cd blocks=1 txs=0 mgas=0.000 elapsed=27.077ms    mgasps=0.000 dirty=20.79KiB
INFO [12-13|20:04:45.561] Commit new sealing work                  number=31 sealhash=0b2272..f1cd4c uncles=0 txs=0 gas=0 fees=0 elapsed="858.908µs"
INFO [12-13|20:04:45.562] Commit new sealing work                  number=31 sealhash=0b2272..f1cd4c uncles=0 txs=0 gas=0 fees=0 elapsed=1.354ms
INFO [12-13|20:04:45.887] Chain reorg detected                     number=28 hash=f25114..519832 drop=2 dropfrom=966afa..2ed1cd add=2 addfrom=1686e3..1df78a
INFO [12-13|20:04:45.888] Imported new chain segment               number=30 hash=1686e3..1df78a blocks=1 txs=0 mgas=0.000 elapsed=35.308ms    mgasps=0.000 dirty=21.73KiB
INFO [12-13|20:04:45.891] Commit new sealing work                  number=31 sealhash=b6b276..b0eb2c uncles=0 txs=0 gas=0 fees=0 elapsed=2.095ms
INFO [12-13|20:04:45.898] Commit new sealing work                  number=31 sealhash=b6b276..b0eb2c uncles=0 txs=0 gas=0 fees=0 elapsed=8.960ms
INFO [12-13|20:04:46.523] Chain reorg detected                     number=28 hash=f25114..519832 drop=2 dropfrom=1686e3..1df78a add=3 addfrom=4c450a..8e58e8
INFO [12-13|20:04:46.525] Imported new chain segment               number=31 hash=4c450a..8e58e8 blocks=1 txs=0 mgas=0.000 elapsed=11.197ms    mgasps=0.000 dirty=22.24KiB
INFO [12-13|20:04:46.527] Commit new sealing work                  number=32 sealhash=8b53ed..3a3ef4 uncles=0 txs=0 gas=0 fees=0 elapsed=1.260ms
INFO [12-13|20:04:46.533] Commit new sealing work                  number=32 sealhash=8b53ed..3a3ef4 uncles=0 txs=0 gas=0 fees=0 elapsed=6.909ms
INFO [12-13|20:04:47.005] Imported new chain segment               number=32 hash=e5ffcc..e450ea blocks=1 txs=0 mgas=0.000 elapsed=9.934ms     mgasps=0.000 dirty=22.75KiB
INFO [12-13|20:04:47.007] "🔗 block reached canonical chain"        number=25 hash=b45342..830203
INFO [12-13|20:04:47.007] Commit new sealing work                  number=33 sealhash=48ef2c..089b75 uncles=0 txs=0 gas=0 fees=0 elapsed="921.832µs"
INFO [12-13|20:04:47.014] Commit new sealing work                  number=33 sealhash=48ef2c..089b75 uncles=0 txs=0 gas=0 fees=0 elapsed=8.262ms
INFO [12-13|20:04:49.092] Imported new chain segment               number=33 hash=3ef5e3..b0e135 blocks=1 txs=0 mgas=0.000 elapsed=31.726ms    mgasps=0.000 dirty=23.25KiB
INFO [12-13|20:04:49.095] Commit new sealing work                  number=34 sealhash=5864ef..393d9c uncles=0 txs=0 gas=0 fees=0 elapsed=1.615ms
INFO [12-13|20:04:49.096] Commit new sealing work                  number=34 sealhash=5864ef..393d9c uncles=0 txs=0 gas=0 fees=0 elapsed=2.660ms
INFO [12-13|20:04:49.617] Commit new sealing work                  number=35 sealhash=808d85..de286d uncles=0 txs=0 gas=0 fees=0 elapsed="590.358µs"
INFO [12-13|20:04:49.617] Commit new sealing work                  number=35 sealhash=808d85..de286d uncles=0 txs=0 gas=0 fees=0 elapsed="865.074µs"
INFO [12-13|20:04:49.616] Successfully sealed new block            number=34 sealhash=5864ef..393d9c hash=16c083..c30c8c elapsed=520.823ms
INFO [12-13|20:04:49.617] "🔨 mined potential block"                number=34 hash=16c083..c30c8c
INFO [12-13|20:04:50.030] Imported new chain segment               number=35 hash=af3c54..dcb04a blocks=1 txs=0 mgas=0.000 elapsed=13.521ms    mgasps=0.000 dirty=24.29KiB
INFO [12-13|20:04:50.031] Commit new sealing work                  number=36 sealhash=dc1f7d..cf3b0b uncles=0 txs=0 gas=0 fees=0 elapsed="557.396µs"
INFO [12-13|20:04:50.031] Commit new sealing work                  number=36 sealhash=dc1f7d..cf3b0b uncles=0 txs=0 gas=0 fees=0 elapsed=1.075ms
INFO [12-13|20:04:52.403] Imported new chain segment               number=36 hash=f8e8c5..7f4d3a blocks=1 txs=0 mgas=0.000 elapsed=23.513ms    mgasps=0.000 dirty=24.86KiB
INFO [12-13|20:04:52.406] Commit new sealing work                  number=37 sealhash=200c67..2fe940 uncles=0 txs=0 gas=0 fees=0 elapsed=1.286ms
INFO [12-13|20:04:52.407] Commit new sealing work                  number=37 sealhash=200c67..2fe940 uncles=0 txs=0 gas=0 fees=0 elapsed=2.005ms
INFO [12-13|20:04:52.592] Imported new chain segment               number=37 hash=ff6bd5..e1ad38 blocks=1 txs=0 mgas=0.000 elapsed=22.923ms    mgasps=0.000 dirty=25.43KiB
INFO [12-13|20:04:52.593] Commit new sealing work                  number=38 sealhash=275653..b8f9b0 uncles=0 txs=0 gas=0 fees=0 elapsed="709.799µs"
INFO [12-13|20:04:52.593] Commit new sealing work                  number=38 sealhash=275653..b8f9b0 uncles=0 txs=0 gas=0 fees=0 elapsed=1.105ms
INFO [12-13|20:04:53.005] Imported new chain segment               number=38 hash=3151e6..e95ae1 blocks=1 txs=0 mgas=0.000 elapsed=16.573ms    mgasps=0.000 dirty=26.20KiB
INFO [12-13|20:04:53.006] Commit new sealing work                  number=39 sealhash=9d3ae7..8739c8 uncles=0 txs=0 gas=0 fees=0 elapsed="663.541µs"
INFO [12-13|20:04:53.007] Commit new sealing work                  number=39 sealhash=9d3ae7..8739c8 uncles=0 txs=0 gas=0 fees=0 elapsed=1.207ms
INFO [12-13|20:04:53.756] Imported new chain segment               number=39 hash=66f10a..fdcb1a blocks=1 txs=0 mgas=0.000 elapsed=16.255ms    mgasps=0.000 dirty=26.97KiB
INFO [12-13|20:04:53.758] Commit new sealing work                  number=40 sealhash=b49b51..204f3c uncles=0 txs=0 gas=0 fees=0 elapsed="705.707µs"
INFO [12-13|20:04:53.758] Commit new sealing work                  number=40 sealhash=b49b51..204f3c uncles=0 txs=0 gas=0 fees=0 elapsed=1.116ms
INFO [12-13|20:04:54.663] Imported new chain segment               number=40 hash=68df9b..738291 blocks=1 txs=0 mgas=0.000 elapsed=17.410ms    mgasps=0.000 dirty=27.54KiB
INFO [12-13|20:04:54.666] Commit new sealing work                  number=41 sealhash=dcf62e..b6cb44 uncles=0 txs=0 gas=0 fees=0 elapsed=1.505ms
INFO [12-13|20:04:54.669] Commit new sealing work                  number=41 sealhash=dcf62e..b6cb44 uncles=0 txs=0 gas=0 fees=0 elapsed=4.305ms
INFO [12-13|20:04:55.755] Imported new chain segment               number=41 hash=268e21..4bcd41 blocks=1 txs=0 mgas=0.000 elapsed=13.858ms    mgasps=0.000 dirty=28.32KiB
INFO [12-13|20:04:55.756] "🔗 block reached canonical chain"        number=34 hash=16c083..c30c8c
INFO [12-13|20:04:55.756] Commit new sealing work                  number=42 sealhash=765305..0d82b9 uncles=0 txs=0 gas=0 fees=0 elapsed="690.67µs"
INFO [12-13|20:04:55.757] Commit new sealing work                  number=42 sealhash=765305..0d82b9 uncles=0 txs=0 gas=0 fees=0 elapsed="994.886µs"
INFO [12-13|20:04:58.222] Successfully sealed new block            number=42 sealhash=765305..0d82b9 hash=fade33..bf4c58 elapsed=2.466s
INFO [12-13|20:04:58.223] "🔨 mined potential block"                number=42 hash=fade33..bf4c58
INFO [12-13|20:04:58.223] Commit new sealing work                  number=43 sealhash=e2437d..f0c80a uncles=0 txs=0 gas=0 fees=0 elapsed="737.966µs"
INFO [12-13|20:04:58.224] Commit new sealing work                  number=43 sealhash=e2437d..f0c80a uncles=0 txs=0 gas=0 fees=0 elapsed=1.170ms
INFO [12-13|20:04:58.385] Imported new chain segment               number=42 hash=0eb6be..4592dc blocks=1 txs=0 mgas=0.000 elapsed=15.653ms    mgasps=0.000 dirty=29.66KiB
INFO [12-13|20:04:58.386] Commit new sealing work                  number=43 sealhash=535f0b..435e0b uncles=1 txs=0 gas=0 fees=0 elapsed="414.565µs"
