INFO [12-13|20:40:55.479] Maximum peer count                       ETH=50 LES=0 total=50
INFO [12-13|20:40:55.483] Smartcard socket not found, disabling    err="stat /run/pcscd/pcscd.comm: no such file or directory"
INFO [12-13|20:40:55.491] Set global gas cap                       cap=50,000,000
INFO [12-13|20:40:55.498] Allocated trie memory caches             clean=154.00MiB dirty=256.00MiB
INFO [12-13|20:40:55.498] Using leveldb as the backing database 
INFO [12-13|20:40:55.498] Allocated cache and file handles         database=/home/raspberry-node/.testchain44/geth/chaindata cache=512.00MiB handles=524,288
INFO [12-13|20:40:55.544] Using LevelDB as the backing database 
INFO [12-13|20:40:55.546] Opened ancient database                  database=/home/raspberry-node/.testchain44/geth/chaindata/ancient/chain readonly=false
INFO [12-13|20:40:55.547] Disk storage enabled for ethash caches   dir=/home/raspberry-node/.testchain44/geth/ethash count=3
INFO [12-13|20:40:55.547] Disk storage enabled for ethash DAGs     dir=/home/raspberry-node/.ethash count=2
INFO [12-13|20:40:55.548] Initialising Ethereum protocol           network=42 dbversion=<nil>
INFO [12-13|20:40:55.549]  
INFO [12-13|20:40:55.549] --------------------------------------------------------------------------------------------------------------------------------------------------------- 
INFO [12-13|20:40:55.549] Chain ID:  4265 (unknown) 
INFO [12-13|20:40:55.549] Consensus: Ethash (proof-of-work) 
INFO [12-13|20:40:55.549]  
INFO [12-13|20:40:55.549] Pre-Merge hard forks (block based): 
INFO [12-13|20:40:55.549]  - Homestead:                   #0        (https://github.com/ethereum/execution-specs/blob/master/network-upgrades/mainnet-upgrades/homestead.md) 
INFO [12-13|20:40:55.549]  - Tangerine Whistle (EIP 150): #0        (https://github.com/ethereum/execution-specs/blob/master/network-upgrades/mainnet-upgrades/tangerine-whistle.md) 
INFO [12-13|20:40:55.549]  - Spurious Dragon/1 (EIP 155): #0        (https://github.com/ethereum/execution-specs/blob/master/network-upgrades/mainnet-upgrades/spurious-dragon.md) 
INFO [12-13|20:40:55.549]  - Spurious Dragon/2 (EIP 158): #0        (https://github.com/ethereum/execution-specs/blob/master/network-upgrades/mainnet-upgrades/spurious-dragon.md) 
INFO [12-13|20:40:55.549]  - Byzantium:                   #0        (https://github.com/ethereum/execution-specs/blob/master/network-upgrades/mainnet-upgrades/byzantium.md) 
INFO [12-13|20:40:55.549]  - Constantinople:              #0        (https://github.com/ethereum/execution-specs/blob/master/network-upgrades/mainnet-upgrades/constantinople.md) 
INFO [12-13|20:40:55.549]  - Petersburg:                  #0        (https://github.com/ethereum/execution-specs/blob/master/network-upgrades/mainnet-upgrades/petersburg.md) 
INFO [12-13|20:40:55.549]  - Istanbul:                    #0        (https://github.com/ethereum/execution-specs/blob/master/network-upgrades/mainnet-upgrades/istanbul.md) 
INFO [12-13|20:40:55.549]  - Berlin:                      #0        (https://github.com/ethereum/execution-specs/blob/master/network-upgrades/mainnet-upgrades/berlin.md) 
INFO [12-13|20:40:55.550]  - London:                      #<nil> (https://github.com/ethereum/execution-specs/blob/master/network-upgrades/mainnet-upgrades/london.md) 
INFO [12-13|20:40:55.550]  
INFO [12-13|20:40:55.550] The Merge is not yet available for this network! 
INFO [12-13|20:40:55.550]  - Hard-fork specification: https://github.com/ethereum/execution-specs/blob/master/network-upgrades/mainnet-upgrades/paris.md 
INFO [12-13|20:40:55.550]  
INFO [12-13|20:40:55.550] Post-Merge hard forks (timestamp based): 
INFO [12-13|20:40:55.550]  
INFO [12-13|20:40:55.550] --------------------------------------------------------------------------------------------------------------------------------------------------------- 
INFO [12-13|20:40:55.550]  
INFO [12-13|20:40:55.550] Loaded most recent local block           number=0 hash=15e889..fbdc3a td=30 age=54y8mo3w
WARN [12-13|20:40:55.550] Failed to load snapshot                  err="missing or corrupted snapshot"
INFO [12-13|20:40:55.551] Rebuilding state snapshot 
INFO [12-13|20:40:55.551] Resuming state snapshot generation       root=56e81f..63b421 accounts=0 slots=0 storage=0.00B dangling=0 elapsed="547.917µs"
INFO [12-13|20:40:55.552] Regenerated local transaction journal    transactions=0 accounts=0
INFO [12-13|20:40:55.552] Generated state snapshot                 accounts=0 slots=0 storage=0.00B dangling=0 elapsed=1.247ms
INFO [12-13|20:40:55.552] Gasprice oracle is ignoring threshold set threshold=2
WARN [12-13|20:40:55.552] Error reading unclean shutdown markers   error="leveldb: not found"
WARN [12-13|20:40:55.552] Engine API enabled                       protocol=eth
WARN [12-13|20:40:55.552] Engine API started but chain not configured for merge yet 
INFO [12-13|20:40:55.553] Starting peer-to-peer node               instance=Geth/v1.11.6-stable-ea9e62ca/linux-arm64/go1.20.5
INFO [12-13|20:40:55.587] New local node record                    seq=1,702,496,455,585 id=385c4ea94f59cc21 ip=127.0.0.1 udp=0 tcp=4242
INFO [12-13|20:40:55.587] Started P2P networking                   self="enode://9cdbf9527530e4abc589bee3d902d102450b73c8717e35e85585f7bc4e80aa59d075a9ff24c002423f4b5608adb63ae51f897a1e22ba99e127b33dfcbcdcae3a@127.0.0.1:4242?discport=0"
INFO [12-13|20:40:55.588] IPC endpoint opened                      url=/home/raspberry-node/.testchain44/geth.ipc
INFO [12-13|20:40:55.588] Generated JWT secret                     path=/home/raspberry-node/.testchain44/geth/jwtsecret
INFO [12-13|20:40:55.590] WebSocket enabled                        url=ws://127.0.0.1:8551
INFO [12-13|20:40:55.590] HTTP server started                      endpoint=127.0.0.1:8551 auth=true prefix= cors=localhost vhosts=localhost
Welcome to the Geth JavaScript console!

instance: Geth/v1.11.6-stable-ea9e62ca/linux-arm64/go1.20.5
coinbase: 0x008abe9d55ebcb814cf3c2f301aeb8773a72a65d
at block: 0 (Thu Jan 01 1970 01:00:00 GMT+0100 (CET))
 datadir: /home/raspberry-node/.testchain44
 modules: admin:1.0 debug:1.0 engine:1.0 eth:1.0 ethash:1.0 miner:1.0 net:1.0 rpc:1.0 txpool:1.0 web3:1.0

To exit, press ctrl-d or type exit
> INFO [12-13|20:41:17.418] Updated mining threads                   threads=1
INFO [12-13|20:41:17.418] Transaction pool price threshold updated price=1,000,000,000
INFO [12-13|20:41:17.419] Commit new sealing work                  number=1 sealhash=45183b..9c8f0d uncles=0 txs=0 gas=0 fees=0 elapsed="894.171µs"
INFO [12-13|20:41:17.420] Commit new sealing work                  number=1 sealhash=45183b..9c8f0d uncles=0 txs=0 gas=0 fees=0 elapsed=1.474ms
INFO [12-13|20:41:17.586] Successfully sealed new block            number=1 sealhash=45183b..9c8f0d hash=185e2d..ac0604 elapsed=166.394ms
INFO [12-13|20:41:17.586] "🔨 mined potential block"                number=1 hash=185e2d..ac0604
INFO [12-13|20:41:17.587] Commit new sealing work                  number=2 sealhash=33506a..274261 uncles=0 txs=0 gas=0 fees=0 elapsed="512.122µs"
INFO [12-13|20:41:17.588] Commit new sealing work                  number=2 sealhash=33506a..274261 uncles=0 txs=0 gas=0 fees=0 elapsed=2.116ms
INFO [12-13|20:41:30.935] Looking for peers                        peercount=1 tried=0 static=0
INFO [12-13|20:41:31.388] Successfully sealed new block            number=2 sealhash=33506a..274261 hash=46c6d1..cc4e97 elapsed=13.801s
INFO [12-13|20:41:31.389] "🔨 mined potential block"                number=2 hash=46c6d1..cc4e97
INFO [12-13|20:41:31.390] Commit new sealing work                  number=3 sealhash=5d8945..ed6a9a uncles=0 txs=0 gas=0 fees=0 elapsed="565.342µs"
INFO [12-13|20:41:31.391] Commit new sealing work                  number=3 sealhash=5d8945..ed6a9a uncles=0 txs=0 gas=0 fees=0 elapsed=1.301ms
INFO [12-13|20:41:35.402] Successfully sealed new block            number=3 sealhash=5d8945..ed6a9a hash=abe4a3..558955 elapsed=4.011s
INFO [12-13|20:41:35.402] "🔨 mined potential block"                number=3 hash=abe4a3..558955
INFO [12-13|20:41:35.403] Commit new sealing work                  number=4 sealhash=66c841..f2c0c0 uncles=0 txs=0 gas=0 fees=0 elapsed="457.752µs"
INFO [12-13|20:41:35.403] Commit new sealing work                  number=4 sealhash=66c841..f2c0c0 uncles=0 txs=0 gas=0 fees=0 elapsed="987.244µs"
INFO [12-13|20:41:40.695] Successfully sealed new block            number=4 sealhash=66c841..f2c0c0 hash=ad41e4..a8188a elapsed=5.291s
INFO [12-13|20:41:40.695] "🔨 mined potential block"                number=4 hash=ad41e4..a8188a
INFO [12-13|20:41:40.695] Commit new sealing work                  number=5 sealhash=c30ee0..236b7a uncles=0 txs=0 gas=0 fees=0 elapsed="531.899µs"
INFO [12-13|20:41:40.696] Commit new sealing work                  number=5 sealhash=c30ee0..236b7a uncles=0 txs=0 gas=0 fees=0 elapsed="818.858µs"
INFO [12-13|20:41:42.418] Successfully sealed new block            number=5 sealhash=c30ee0..236b7a hash=f169e3..6735e6 elapsed=1.722s
INFO [12-13|20:41:42.418] "🔨 mined potential block"                number=5 hash=f169e3..6735e6
INFO [12-13|20:41:42.419] Commit new sealing work                  number=6 sealhash=b0722c..f55807 uncles=0 txs=0 gas=0 fees=0 elapsed="944.596µs"
INFO [12-13|20:41:42.420] Commit new sealing work                  number=6 sealhash=b0722c..f55807 uncles=0 txs=0 gas=0 fees=0 elapsed=1.479ms
WARN [12-13|20:41:47.790] Snap syncing, discarded propagated block number=2 hash=b8d217..aa800b
INFO [12-13|20:41:48.316] Successfully sealed new block            number=6 sealhash=b0722c..f55807 hash=e7e0ab..733ee3 elapsed=5.896s
INFO [12-13|20:41:48.316] "🔨 mined potential block"                number=6 hash=e7e0ab..733ee3
INFO [12-13|20:41:48.316] Commit new sealing work                  number=7 sealhash=4479d0..64a6a8 uncles=0 txs=0 gas=0 fees=0 elapsed="385.272µs"
INFO [12-13|20:41:48.317] Commit new sealing work                  number=7 sealhash=4479d0..64a6a8 uncles=0 txs=0 gas=0 fees=0 elapsed="693.619µs"
INFO [12-13|20:41:49.048] Successfully sealed new block            number=7 sealhash=4479d0..64a6a8 hash=391267..ffce8a elapsed=731.886ms
INFO [12-13|20:41:49.049] "🔨 mined potential block"                number=7 hash=391267..ffce8a
INFO [12-13|20:41:49.050] Commit new sealing work                  number=8 sealhash=2d2bbd..89785a uncles=0 txs=0 gas=0 fees=0 elapsed=1.168ms
INFO [12-13|20:41:49.052] Commit new sealing work                  number=8 sealhash=2d2bbd..89785a uncles=0 txs=0 gas=0 fees=0 elapsed=3.478ms
INFO [12-13|20:41:49.616] "🔗 block reached canonical chain"        number=1 hash=185e2d..ac0604
INFO [12-13|20:41:49.616] Commit new sealing work                  number=9 sealhash=6e7c1c..951b8b uncles=0 txs=0 gas=0 fees=0 elapsed="596.787µs"
INFO [12-13|20:41:49.616] Commit new sealing work                  number=9 sealhash=6e7c1c..951b8b uncles=0 txs=0 gas=0 fees=0 elapsed="858.412µs"
INFO [12-13|20:41:49.615] Successfully sealed new block            number=8 sealhash=2d2bbd..89785a hash=508760..455c5e elapsed=565.657ms
INFO [12-13|20:41:49.617] "🔨 mined potential block"                number=8 hash=508760..455c5e
INFO [12-13|20:41:50.287] Successfully sealed new block            number=9 sealhash=6e7c1c..951b8b hash=698d8d..e29018 elapsed=671.599ms
INFO [12-13|20:41:50.288] "🔗 block reached canonical chain"        number=2 hash=46c6d1..cc4e97
INFO [12-13|20:41:50.288] "🔨 mined potential block"                number=9 hash=698d8d..e29018
INFO [12-13|20:41:50.289] Commit new sealing work                  number=10 sealhash=4bfbff..d2f8ec uncles=0 txs=0 gas=0 fees=0 elapsed="976.503µs"
INFO [12-13|20:41:50.289] Commit new sealing work                  number=10 sealhash=4bfbff..d2f8ec uncles=0 txs=0 gas=0 fees=0 elapsed=1.292ms
WARN [12-13|20:41:51.075] Snap syncing, discarded propagated block number=10 hash=7208ce..bf2e12
INFO [12-13|20:41:51.941] Successfully sealed new block            number=10 sealhash=4bfbff..d2f8ec hash=44f33b..7405cf elapsed=1.652s
INFO [12-13|20:41:51.942] "🔗 block reached canonical chain"        number=3  hash=abe4a3..558955
INFO [12-13|20:41:51.942] Commit new sealing work                  number=11 sealhash=56cdcd..546c45 uncles=0 txs=0 gas=0 fees=0 elapsed="726.062µs"
INFO [12-13|20:41:51.942] Commit new sealing work                  number=11 sealhash=56cdcd..546c45 uncles=0 txs=0 gas=0 fees=0 elapsed=1.008ms
INFO [12-13|20:41:51.942] "🔨 mined potential block"                number=10 hash=44f33b..7405cf
INFO [12-13|20:41:56.856] Successfully sealed new block            number=11 sealhash=56cdcd..546c45 hash=eb3f4e..9944bc elapsed=4.914s
INFO [12-13|20:41:56.857] "🔗 block reached canonical chain"        number=4  hash=ad41e4..a8188a
INFO [12-13|20:41:56.857] "🔨 mined potential block"                number=11 hash=eb3f4e..9944bc
INFO [12-13|20:41:56.858] Commit new sealing work                  number=12 sealhash=439810..cdeddb uncles=0 txs=0 gas=0 fees=0 elapsed=1.261ms
INFO [12-13|20:41:56.858] Commit new sealing work                  number=12 sealhash=439810..cdeddb uncles=0 txs=0 gas=0 fees=0 elapsed=1.926ms
INFO [12-13|20:41:59.588] Successfully sealed new block            number=12 sealhash=439810..cdeddb hash=4ffcd9..3a2bb3 elapsed=2.730s
INFO [12-13|20:41:59.589] "🔗 block reached canonical chain"        number=5  hash=f169e3..6735e6
INFO [12-13|20:41:59.590] Commit new sealing work                  number=13 sealhash=fc908e..96c0db uncles=0 txs=0 gas=0 fees=0 elapsed=1.326ms
INFO [12-13|20:41:59.590] "🔨 mined potential block"                number=12 hash=4ffcd9..3a2bb3
INFO [12-13|20:41:59.591] Commit new sealing work                  number=13 sealhash=fc908e..96c0db uncles=0 txs=0 gas=0 fees=0 elapsed=2.533ms
WARN [12-13|20:42:10.047] Snap syncing, discarded propagated block number=13 hash=2a663b..1f6f30
INFO [12-13|20:42:13.889] Successfully sealed new block            number=13 sealhash=fc908e..96c0db hash=9fb0cd..9f7567 elapsed=14.299s
INFO [12-13|20:42:13.889] "🔗 block reached canonical chain"        number=6  hash=e7e0ab..733ee3
INFO [12-13|20:42:13.889] "🔨 mined potential block"                number=13 hash=9fb0cd..9f7567
INFO [12-13|20:42:13.890] Commit new sealing work                  number=14 sealhash=1b2f2f..aa8763 uncles=0 txs=0 gas=0 fees=0 elapsed="580.04µs"
INFO [12-13|20:42:13.890] Commit new sealing work                  number=14 sealhash=1b2f2f..aa8763 uncles=0 txs=0 gas=0 fees=0 elapsed=1.084ms
INFO [12-13|20:42:20.969] Block synchronisation started 
INFO [12-13|20:42:20.970] Mining aborted due to sync 
INFO [12-13|20:42:21.147] Syncing: state download in progress      synced=42.98% state=196.00B accounts=1@196.00B slots=0@0.00B codes=0@0.00B eta=85.526ms
INFO [12-13|20:42:21.181] Syncing: chain download in progress      synced=100.00% chain=18.00B headers=17@6.00B bodies=13@6.00B receipts=13@6.00B eta=0s
INFO [12-13|20:42:21.197] Syncing: state download in progress      synced=75.10%  state=196.00B accounts=1@196.00B slots=0@0.00B codes=0@0.00B eta=37.966ms
WARN [12-13|20:42:21.201] Unexpected account range packet          peer=6e791297 reqid=348,690,329,879,063,610
WARN [12-13|20:42:21.202] Unexpected account range packet          peer=c2f444f1 reqid=4,385,221,646,580,389,183
INFO [12-13|20:42:21.227] Syncing: state download in progress      synced=100.00% state=196.00B accounts=1@196.00B slots=0@0.00B codes=0@0.00B eta=-128ns
INFO [12-13|20:42:21.274] Syncing: state healing in progress       accounts=3@139.00B slots=0@0.00B codes=0@0.00B nodes=4@461.00B pending=0
INFO [12-13|20:42:21.275] Rebuilding state snapshot 
INFO [12-13|20:42:21.276] Committed new head block                 number=13 hash=2a663b..1f6f30
INFO [12-13|20:42:21.277] Resuming state snapshot generation       root=f6853b..4d252e accounts=0         slots=0       storage=0.00B dangling=0 elapsed=1.421ms
INFO [12-13|20:42:21.278] Generated state snapshot                 accounts=3         slots=0       storage=142.00B dangling=0 elapsed=2.526ms
INFO [12-13|20:42:21.329] Imported new chain segment               number=17 hash=029cbc..9aab2f blocks=4 txs=0 mgas=0.000 elapsed=51.877ms    mgasps=0.000 dirty=5.22KiB
WARN [12-13|20:42:22.693] Snap syncing, discarded propagated block number=18 hash=050cd8..679eca
INFO [12-13|20:42:24.259] Imported new chain segment               number=18 hash=050cd8..679eca blocks=1 txs=0 mgas=0.000 elapsed=14.659ms    mgasps=0.000 dirty=5.69KiB
INFO [12-13|20:42:24.259] Syncing: chain download in progress      synced=138.46% chain=18.00B headers=18@6.00B bodies=18@6.00B receipts=18@6.00B eta=-855.295ms
INFO [12-13|20:42:24.259] Snap sync complete, auto disabling 
INFO [12-13|20:42:24.260] "🔗 block reached canonical chain"        number=7  hash=391267..ffce8a
INFO [12-13|20:42:24.261] "🔗 block reached canonical chain"        number=8  hash=508760..455c5e
INFO [12-13|20:42:24.261] "🔗 block reached canonical chain"        number=9  hash=698d8d..e29018
INFO [12-13|20:42:24.261] "🔗 block reached canonical chain"        number=10 hash=44f33b..7405cf
INFO [12-13|20:42:24.261] "🔗 block reached canonical chain"        number=11 hash=eb3f4e..9944bc
INFO [12-13|20:42:24.261] Commit new sealing work                  number=19 sealhash=2b788b..0b4efb uncles=0 txs=0 gas=0 fees=0 elapsed=1.100ms
INFO [12-13|20:42:24.261] Commit new sealing work                  number=19 sealhash=2b788b..0b4efb uncles=0 txs=0 gas=0 fees=0 elapsed=1.676ms
INFO [12-13|20:42:24.262] Commit new sealing work                  number=19 sealhash=eb9ed2..5d2537 uncles=0 txs=0 gas=0 fees=0 elapsed="410.397µs"
INFO [12-13|20:42:24.263] Commit new sealing work                  number=19 sealhash=eb9ed2..5d2537 uncles=0 txs=0 gas=0 fees=0 elapsed="871.534µs"
INFO [12-13|20:42:25.780] Imported new chain segment               number=19 hash=3d1a8f..834dda blocks=1 txs=0 mgas=0.000 elapsed=17.597ms    mgasps=0.000 dirty=6.17KiB
INFO [12-13|20:42:25.781] "🔗 block reached canonical chain"        number=12 hash=4ffcd9..3a2bb3
INFO [12-13|20:42:25.781] Commit new sealing work                  number=20 sealhash=982701..47f4a2 uncles=0 txs=0 gas=0 fees=0 elapsed=1.138ms
INFO [12-13|20:42:25.783] Commit new sealing work                  number=20 sealhash=982701..47f4a2 uncles=0 txs=0 gas=0 fees=0 elapsed=2.473ms
INFO [12-13|20:42:27.582] Successfully sealed new block            number=20 sealhash=982701..47f4a2 hash=49357d..530ed7 elapsed=1.801s
INFO [12-13|20:42:27.584] "⑂ block became an uncle"                number=13 hash=9fb0cd..9f7567
INFO [12-13|20:42:27.594] Commit new sealing work                  number=21 sealhash=275bcf..fb8b1d uncles=0 txs=0 gas=0 fees=0 elapsed=11.503ms
INFO [12-13|20:42:27.595] Commit new sealing work                  number=21 sealhash=275bcf..fb8b1d uncles=0 txs=0 gas=0 fees=0 elapsed=12.207ms
INFO [12-13|20:42:27.596] "🔨 mined potential block"                number=20 hash=49357d..530ed7
INFO [12-13|20:42:28.326] Imported new chain segment               number=21 hash=129226..7d1cec blocks=1 txs=0 mgas=0.000 elapsed=9.421ms     mgasps=0.000 dirty=7.12KiB
INFO [12-13|20:42:28.327] Commit new sealing work                  number=22 sealhash=9fd706..11c039 uncles=0 txs=0 gas=0 fees=0 elapsed="581.133µs"
INFO [12-13|20:42:28.328] Commit new sealing work                  number=22 sealhash=9fd706..11c039 uncles=0 txs=0 gas=0 fees=0 elapsed=1.332ms
INFO [12-13|20:42:31.005] Imported new chain segment               number=22 hash=214090..12d591 blocks=1 txs=0 mgas=0.000 elapsed=27.760ms    mgasps=0.000 dirty=7.59KiB
INFO [12-13|20:42:31.007] Commit new sealing work                  number=23 sealhash=994f5c..88c83a uncles=0 txs=0 gas=0 fees=0 elapsed="908.032µs"
INFO [12-13|20:42:31.007] Commit new sealing work                  number=23 sealhash=994f5c..88c83a uncles=0 txs=0 gas=0 fees=0 elapsed=1.387ms
INFO [12-13|20:42:34.272] Imported new chain segment               number=23 hash=eae0ae..1a690f blocks=1 txs=0 mgas=0.000 elapsed=11.575ms    mgasps=0.000 dirty=8.06KiB
INFO [12-13|20:42:34.274] Commit new sealing work                  number=24 sealhash=4b6940..bead08 uncles=0 txs=0 gas=0 fees=0 elapsed="545.227µs"
INFO [12-13|20:42:34.275] Commit new sealing work                  number=24 sealhash=4b6940..bead08 uncles=0 txs=0 gas=0 fees=0 elapsed="976.457µs"
INFO [12-13|20:42:35.767] Imported new chain segment               number=24 hash=bbdd77..94aed6 blocks=1 txs=0 mgas=0.000 elapsed=18.839ms    mgasps=0.000 dirty=8.54KiB
INFO [12-13|20:42:35.770] Commit new sealing work                  number=25 sealhash=a98b1f..7df8a7 uncles=0 txs=0 gas=0 fees=0 elapsed="694.927µs"
INFO [12-13|20:42:35.770] Commit new sealing work                  number=25 sealhash=a98b1f..7df8a7 uncles=0 txs=0 gas=0 fees=0 elapsed=1.218ms
INFO [12-13|20:42:36.956] Successfully sealed new block            number=25 sealhash=a98b1f..7df8a7 hash=560d69..279281 elapsed=1.187s
INFO [12-13|20:42:36.957] "🔨 mined potential block"                number=25 hash=560d69..279281
INFO [12-13|20:42:36.958] Commit new sealing work                  number=26 sealhash=774fcf..005708 uncles=0 txs=0 gas=0 fees=0 elapsed=1.221ms
INFO [12-13|20:42:36.959] Commit new sealing work                  number=26 sealhash=774fcf..005708 uncles=0 txs=0 gas=0 fees=0 elapsed=1.961ms
INFO [12-13|20:42:39.596] Successfully sealed new block            number=26 sealhash=774fcf..005708 hash=e1d37f..735c66 elapsed=2.638s
INFO [12-13|20:42:39.596] Commit new sealing work                  number=27 sealhash=7573cb..c5d206 uncles=0 txs=0 gas=0 fees=0 elapsed="504.173µs"
INFO [12-13|20:42:39.598] "🔨 mined potential block"                number=26 hash=e1d37f..735c66
INFO [12-13|20:42:39.600] Commit new sealing work                  number=27 sealhash=7573cb..c5d206 uncles=0 txs=0 gas=0 fees=0 elapsed=4.531ms
INFO [12-13|20:42:42.737] Successfully sealed new block            number=27 sealhash=7573cb..c5d206 hash=4c407d..e13ae7 elapsed=3.140s
INFO [12-13|20:42:42.737] "🔗 block reached canonical chain"        number=20 hash=49357d..530ed7
INFO [12-13|20:42:42.737] "🔨 mined potential block"                number=27 hash=4c407d..e13ae7
INFO [12-13|20:42:42.737] Commit new sealing work                  number=28 sealhash=f8ecc4..0559ac uncles=0 txs=0 gas=0 fees=0 elapsed="617.725µs"
INFO [12-13|20:42:42.738] Commit new sealing work                  number=28 sealhash=f8ecc4..0559ac uncles=0 txs=0 gas=0 fees=0 elapsed=1.176ms
INFO [12-13|20:42:43.332] Imported new chain segment               number=27 hash=a5a609..e6e919 blocks=1 txs=0 mgas=0.000 elapsed=32.369ms    mgasps=0.000 dirty=10.43KiB
INFO [12-13|20:42:43.333] Commit new sealing work                  number=28 sealhash=c82bef..1e4d01 uncles=1 txs=0 gas=0 fees=0 elapsed="828.701µs"
INFO [12-13|20:42:44.144] Chain reorg detected                     number=26 hash=e1d37f..735c66 drop=1 dropfrom=4c407d..e13ae7 add=2 addfrom=e124fe..8ff77d
INFO [12-13|20:42:44.146] Imported new chain segment               number=28 hash=e124fe..8ff77d blocks=1 txs=0 mgas=0.000 elapsed=21.112ms    mgasps=0.000 dirty=11.15KiB
INFO [12-13|20:42:44.149] Commit new sealing work                  number=29 sealhash=8ed304..5599b0 uncles=0 txs=0 gas=0 fees=0 elapsed=1.520ms
INFO [12-13|20:42:44.151] Commit new sealing work                  number=29 sealhash=8ed304..5599b0 uncles=0 txs=0 gas=0 fees=0 elapsed=3.064ms
INFO [12-13|20:42:45.303] Imported new chain segment               number=29 hash=e25adf..555889 blocks=1 txs=0 mgas=0.000 elapsed=15.579ms    mgasps=0.000 dirty=11.62KiB
INFO [12-13|20:42:45.306] Commit new sealing work                  number=30 sealhash=fbcc94..c3a404 uncles=0 txs=0 gas=0 fees=0 elapsed=1.241ms
INFO [12-13|20:42:45.307] Commit new sealing work                  number=30 sealhash=fbcc94..c3a404 uncles=0 txs=0 gas=0 fees=0 elapsed=2.015ms
INFO [12-13|20:42:46.860] Successfully sealed new block            number=30 sealhash=fbcc94..c3a404 hash=aa4d66..b0a11c elapsed=1.554s
INFO [12-13|20:42:46.860] "🔨 mined potential block"                number=30 hash=aa4d66..b0a11c
INFO [12-13|20:42:46.862] Commit new sealing work                  number=31 sealhash=f594c3..f72d74 uncles=0 txs=0 gas=0 fees=0 elapsed=1.323ms
INFO [12-13|20:42:46.863] Commit new sealing work                  number=31 sealhash=f594c3..f72d74 uncles=0 txs=0 gas=0 fees=0 elapsed=2.119ms
INFO [12-13|20:42:47.982] Imported new chain segment               number=31 hash=4aecc5..b71db4 blocks=1 txs=0 mgas=0.000 elapsed=18.435ms    mgasps=0.000 dirty=12.57KiB
INFO [12-13|20:42:47.984] Commit new sealing work                  number=32 sealhash=0330ba..44d0b8 uncles=0 txs=0 gas=0 fees=0 elapsed="691.297µs"
INFO [12-13|20:42:47.984] Commit new sealing work                  number=32 sealhash=0330ba..44d0b8 uncles=0 txs=0 gas=0 fees=0 elapsed=1.053ms
INFO [12-13|20:42:49.256] Imported new chain segment               number=32 hash=8ed416..d36a1e blocks=1 txs=0 mgas=0.000 elapsed=15.184ms    mgasps=0.000 dirty=13.04KiB
INFO [12-13|20:42:49.258] "🔗 block reached canonical chain"        number=25 hash=560d69..279281
INFO [12-13|20:42:49.259] Commit new sealing work                  number=33 sealhash=2d772e..a34505 uncles=0 txs=0 gas=0 fees=0 elapsed="787.739µs"
INFO [12-13|20:42:49.259] Commit new sealing work                  number=33 sealhash=2d772e..a34505 uncles=0 txs=0 gas=0 fees=0 elapsed=1.447ms
INFO [12-13|20:43:03.761] Imported new chain segment               number=33 hash=8a2d1c..644999 blocks=1 txs=0 mgas=0.000 elapsed=16.895ms    mgasps=0.000 dirty=13.52KiB
INFO [12-13|20:43:03.764] "🔗 block reached canonical chain"        number=26 hash=e1d37f..735c66
INFO [12-13|20:43:03.764] Commit new sealing work                  number=34 sealhash=2a0824..06b476 uncles=0 txs=0 gas=0 fees=0 elapsed="991.198µs"
INFO [12-13|20:43:03.765] Commit new sealing work                  number=34 sealhash=2a0824..06b476 uncles=0 txs=0 gas=0 fees=0 elapsed=1.778ms
INFO [12-13|20:43:04.035] Successfully sealed new block            number=34 sealhash=2a0824..06b476 hash=8bedac..118a23 elapsed=271.350ms
INFO [12-13|20:43:04.035] "⑂ block became an uncle"                number=27 hash=4c407d..e13ae7
INFO [12-13|20:43:04.035] "🔨 mined potential block"                number=34 hash=8bedac..118a23
INFO [12-13|20:43:04.035] Commit new sealing work                  number=35 sealhash=9f986f..52d8e4 uncles=0 txs=0 gas=0 fees=0 elapsed="540.006µs"
INFO [12-13|20:43:04.036] Commit new sealing work                  number=35 sealhash=9f986f..52d8e4 uncles=0 txs=0 gas=0 fees=0 elapsed="833.647µs"
INFO [12-13|20:43:04.553] Commit new sealing work                  number=35 sealhash=f94ddb..0419c8 uncles=1 txs=0 gas=0 fees=0 elapsed="779.537µs"
INFO [12-13|20:43:04.554] Imported new chain segment               number=34 hash=780d5e..dee6de blocks=1 txs=0 mgas=0.000 elapsed=28.346ms    mgasps=0.000 dirty=14.47KiB
INFO [12-13|20:43:11.484] Chain reorg detected                     number=33 hash=8a2d1c..644999 drop=1 dropfrom=8bedac..118a23 add=2 addfrom=ba0f8f..5b67be
INFO [12-13|20:43:11.485] Imported new chain segment               number=35 hash=ba0f8f..5b67be blocks=1 txs=0 mgas=0.000 elapsed=25.076ms    mgasps=0.000 dirty=15.18KiB
INFO [12-13|20:43:11.488] Commit new sealing work                  number=36 sealhash=f97a88..c8209d uncles=0 txs=0 gas=0 fees=0 elapsed=1.498ms
INFO [12-13|20:43:11.488] Commit new sealing work                  number=36 sealhash=f97a88..c8209d uncles=0 txs=0 gas=0 fees=0 elapsed=1.983ms
INFO [12-13|20:43:13.612] Imported new chain segment               number=36 hash=1197a7..3d55b1 blocks=1 txs=0 mgas=0.000 elapsed=28.963ms    mgasps=0.000 dirty=15.65KiB
INFO [12-13|20:43:13.617] Commit new sealing work                  number=37 sealhash=721cfe..d9de12 uncles=0 txs=0 gas=0 fees=0 elapsed=1.466ms
INFO [12-13|20:43:13.618] Commit new sealing work                  number=37 sealhash=721cfe..d9de12 uncles=0 txs=0 gas=0 fees=0 elapsed=2.555ms
INFO [12-13|20:43:13.840] Imported new chain segment               number=36 hash=0dff69..908647 blocks=1 txs=0 mgas=0.000 elapsed=18.195ms    mgasps=0.000 dirty=16.12KiB
INFO [12-13|20:43:13.841] Commit new sealing work                  number=37 sealhash=d9a6fd..3a61e7 uncles=1 txs=0 gas=0 fees=0 elapsed="510.765µs"
INFO [12-13|20:43:14.817] Chain reorg detected                     number=35 hash=ba0f8f..5b67be drop=1 dropfrom=1197a7..3d55b1 add=2 addfrom=6ef536..14e0fd
INFO [12-13|20:43:14.819] Imported new chain segment               number=37 hash=6ef536..14e0fd blocks=1 txs=0 mgas=0.000 elapsed=22.555ms    mgasps=0.000 dirty=16.84KiB
INFO [12-13|20:43:14.820] "🔗 block reached canonical chain"        number=30 hash=aa4d66..b0a11c
INFO [12-13|20:43:14.821] Commit new sealing work                  number=38 sealhash=774724..ff86e4 uncles=0 txs=0 gas=0 fees=0 elapsed="944.274µs"
INFO [12-13|20:43:14.822] Commit new sealing work                  number=38 sealhash=774724..ff86e4 uncles=0 txs=0 gas=0 fees=0 elapsed=2.272ms
INFO [12-13|20:43:16.255] Imported new chain segment               number=38 hash=5953f1..e0c5c3 blocks=1 txs=0 mgas=0.000 elapsed=15.995ms    mgasps=0.000 dirty=17.31KiB
INFO [12-13|20:43:16.256] Commit new sealing work                  number=39 sealhash=4983b2..c83400 uncles=0 txs=0 gas=0 fees=0 elapsed="571.765µs"
INFO [12-13|20:43:16.257] Commit new sealing work                  number=39 sealhash=4983b2..c83400 uncles=0 txs=0 gas=0 fees=0 elapsed=1.357ms
INFO [12-13|20:43:17.133] Imported new chain segment               number=39 hash=60805d..a0cac5 blocks=1 txs=0 mgas=0.000 elapsed=9.743ms     mgasps=0.000 dirty=17.79KiB
INFO [12-13|20:43:17.135] Commit new sealing work                  number=40 sealhash=6f4092..a83749 uncles=0 txs=0 gas=0 fees=0 elapsed="770.482µs"
INFO [12-13|20:43:17.137] Commit new sealing work                  number=40 sealhash=6f4092..a83749 uncles=0 txs=0 gas=0 fees=0 elapsed=2.585ms
INFO [12-13|20:43:17.142] Successfully sealed new block            number=40 sealhash=6f4092..a83749 hash=df7ac3..af0d74 elapsed=6.979ms
INFO [12-13|20:43:17.142] "🔨 mined potential block"                number=40 hash=df7ac3..af0d74
INFO [12-13|20:43:17.144] Commit new sealing work                  number=41 sealhash=9368a5..f06774 uncles=0 txs=0 gas=0 fees=0 elapsed="960.495µs"
INFO [12-13|20:43:17.145] Commit new sealing work                  number=41 sealhash=9368a5..f06774 uncles=0 txs=0 gas=0 fees=0 elapsed=2.588ms
INFO [12-13|20:43:18.439] Imported new chain segment               number=41 hash=0390f7..c3c061 blocks=1 txs=0 mgas=0.000 elapsed=19.988ms    mgasps=0.000 dirty=18.73KiB
INFO [12-13|20:43:18.442] "⑂ block became an uncle"                number=34 hash=8bedac..118a23
INFO [12-13|20:43:18.442] Commit new sealing work                  number=42 sealhash=560855..8b3e15 uncles=0 txs=0 gas=0 fees=0 elapsed=1.012ms
INFO [12-13|20:43:18.443] Commit new sealing work                  number=42 sealhash=560855..8b3e15 uncles=0 txs=0 gas=0 fees=0 elapsed=1.692ms
INFO [12-13|20:43:18.512] Successfully sealed new block            number=42 sealhash=560855..8b3e15 hash=cb7958..2c22ff elapsed=70.359ms
INFO [12-13|20:43:18.512] "🔨 mined potential block"                number=42 hash=cb7958..2c22ff
INFO [12-13|20:43:18.516] Commit new sealing work                  number=43 sealhash=a29a93..dab9cc uncles=0 txs=0 gas=0 fees=0 elapsed=3.547ms
INFO [12-13|20:43:18.517] Commit new sealing work                  number=43 sealhash=a29a93..dab9cc uncles=0 txs=0 gas=0 fees=0 elapsed=4.044ms
