INFO [12-13|19:54:44.700] Maximum peer count                       ETH=50 LES=0 total=50
INFO [12-13|19:54:44.707] Smartcard socket not found, disabling    err="stat /run/pcscd/pcscd.comm: no such file or directory"
INFO [12-13|19:54:44.716] Set global gas cap                       cap=50,000,000
INFO [12-13|19:54:44.725] Allocated trie memory caches             clean=154.00MiB dirty=256.00MiB
INFO [12-13|19:54:44.726] Using leveldb as the backing database 
INFO [12-13|19:54:44.726] Allocated cache and file handles         database=/home/raspberry-node/.testchain44/geth/chaindata cache=512.00MiB handles=524,288
INFO [12-13|19:54:44.977] Using LevelDB as the backing database 
INFO [12-13|19:54:44.979] Opened ancient database                  database=/home/raspberry-node/.testchain44/geth/chaindata/ancient/chain readonly=false
INFO [12-13|19:54:44.980] Disk storage enabled for ethash caches   dir=/home/raspberry-node/.testchain44/geth/ethash count=3
INFO [12-13|19:54:44.980] Disk storage enabled for ethash DAGs     dir=/home/raspberry-node/.ethash count=2
INFO [12-13|19:54:44.980] Initialising Ethereum protocol           network=42 dbversion=<nil>
INFO [12-13|19:54:44.981]  
INFO [12-13|19:54:44.981] --------------------------------------------------------------------------------------------------------------------------------------------------------- 
INFO [12-13|19:54:44.981] Chain ID:  4257 (unknown) 
INFO [12-13|19:54:44.981] Consensus: Ethash (proof-of-work) 
INFO [12-13|19:54:44.981]  
INFO [12-13|19:54:44.981] Pre-Merge hard forks (block based): 
INFO [12-13|19:54:44.981]  - Homestead:                   #0        (https://github.com/ethereum/execution-specs/blob/master/network-upgrades/mainnet-upgrades/homestead.md) 
INFO [12-13|19:54:44.981]  - Tangerine Whistle (EIP 150): #0        (https://github.com/ethereum/execution-specs/blob/master/network-upgrades/mainnet-upgrades/tangerine-whistle.md) 
INFO [12-13|19:54:44.981]  - Spurious Dragon/1 (EIP 155): #0        (https://github.com/ethereum/execution-specs/blob/master/network-upgrades/mainnet-upgrades/spurious-dragon.md) 
INFO [12-13|19:54:44.981]  - Spurious Dragon/2 (EIP 158): #0        (https://github.com/ethereum/execution-specs/blob/master/network-upgrades/mainnet-upgrades/spurious-dragon.md) 
INFO [12-13|19:54:44.981]  - Byzantium:                   #0        (https://github.com/ethereum/execution-specs/blob/master/network-upgrades/mainnet-upgrades/byzantium.md) 
INFO [12-13|19:54:44.982]  - Constantinople:              #0        (https://github.com/ethereum/execution-specs/blob/master/network-upgrades/mainnet-upgrades/constantinople.md) 
INFO [12-13|19:54:44.982]  - Petersburg:                  #0        (https://github.com/ethereum/execution-specs/blob/master/network-upgrades/mainnet-upgrades/petersburg.md) 
INFO [12-13|19:54:44.982]  - Istanbul:                    #0        (https://github.com/ethereum/execution-specs/blob/master/network-upgrades/mainnet-upgrades/istanbul.md) 
INFO [12-13|19:54:44.982]  - Berlin:                      #0        (https://github.com/ethereum/execution-specs/blob/master/network-upgrades/mainnet-upgrades/berlin.md) 
INFO [12-13|19:54:44.982]  - London:                      #<nil> (https://github.com/ethereum/execution-specs/blob/master/network-upgrades/mainnet-upgrades/london.md) 
INFO [12-13|19:54:44.982]  
INFO [12-13|19:54:44.982] The Merge is not yet available for this network! 
INFO [12-13|19:54:44.982]  - Hard-fork specification: https://github.com/ethereum/execution-specs/blob/master/network-upgrades/mainnet-upgrades/paris.md 
INFO [12-13|19:54:44.982]  
INFO [12-13|19:54:44.982] Post-Merge hard forks (timestamp based): 
INFO [12-13|19:54:44.982]  
INFO [12-13|19:54:44.982] --------------------------------------------------------------------------------------------------------------------------------------------------------- 
INFO [12-13|19:54:44.982]  
INFO [12-13|19:54:44.982] Loaded most recent local block           number=0 hash=15e889..fbdc3a td=30 age=54y8mo3w
WARN [12-13|19:54:44.983] Failed to load snapshot                  err="missing or corrupted snapshot"
INFO [12-13|19:54:44.983] Rebuilding state snapshot 
INFO [12-13|19:54:44.983] Resuming state snapshot generation       root=56e81f..63b421 accounts=0 slots=0 storage=0.00B dangling=0 elapsed="553.859µs"
INFO [12-13|19:54:44.984] Regenerated local transaction journal    transactions=0 accounts=0
INFO [12-13|19:54:44.984] Generated state snapshot                 accounts=0 slots=0 storage=0.00B dangling=0 elapsed=1.354ms
INFO [12-13|19:54:44.984] Gasprice oracle is ignoring threshold set threshold=2
WARN [12-13|19:54:44.984] Error reading unclean shutdown markers   error="leveldb: not found"
WARN [12-13|19:54:44.985] Engine API enabled                       protocol=eth
WARN [12-13|19:54:44.985] Engine API started but chain not configured for merge yet 
INFO [12-13|19:54:44.985] Starting peer-to-peer node               instance=Geth/v1.11.6-stable-ea9e62ca/linux-arm64/go1.20.5
INFO [12-13|19:54:45.014] New local node record                    seq=1,702,493,685,012 id=d72d9e8525b89a48 ip=127.0.0.1 udp=0 tcp=4242
INFO [12-13|19:54:45.014] Started P2P networking                   self="enode://51cb4b47dcc64ba14bc3193c680d3f73ccc1f7f00f513e41d1cf07e5aca3376ba8b6a7b578419fde6be620465885d5c7bc2063b2582539a6e62a4c1081792875@127.0.0.1:4242?discport=0"
INFO [12-13|19:54:45.015] IPC endpoint opened                      url=/home/raspberry-node/.testchain44/geth.ipc
INFO [12-13|19:54:45.015] Generated JWT secret                     path=/home/raspberry-node/.testchain44/geth/jwtsecret
INFO [12-13|19:54:45.017] WebSocket enabled                        url=ws://127.0.0.1:8551
INFO [12-13|19:54:45.017] HTTP server started                      endpoint=127.0.0.1:8551 auth=true prefix= cors=localhost vhosts=localhost
Welcome to the Geth JavaScript console!

instance: Geth/v1.11.6-stable-ea9e62ca/linux-arm64/go1.20.5
coinbase: 0x635e0eb8844ce750d36287d5ab5d0381219f934f
at block: 0 (Thu Jan 01 1970 01:00:00 GMT+0100 (CET))
 datadir: /home/raspberry-node/.testchain44
 modules: admin:1.0 debug:1.0 engine:1.0 eth:1.0 ethash:1.0 miner:1.0 net:1.0 rpc:1.0 txpool:1.0 web3:1.0

To exit, press ctrl-d or type exit
> INFO [12-13|19:55:04.795] Looking for peers                        peercount=1 tried=0 static=0
INFO [12-13|19:55:21.046] Block synchronisation started 
WARN [12-13|19:55:21.594] Snap syncing, discarded propagated block number=1 hash=85db8b..7bc6d4
INFO [12-13|19:55:21.612] Imported new chain segment               number=2 hash=9f0540..c7e9a0 blocks=2 txs=0 mgas=0.000 elapsed=10.869ms    mgasps=0.000 dirty=486.00B
INFO [12-13|19:55:21.612] Syncing: chain download in progress      synced=+Inf% chain=18.00B headers=2@6.00B bodies=2@6.00B receipts=2@6.00B eta=-12.750ms
WARN [12-13|19:55:21.614] Synchronisation failed, retrying         err="sync cancelled"
WARN [12-13|19:55:23.023] Snap syncing, discarded propagated block number=3 hash=05c91e..fe6fc5
INFO [12-13|19:55:31.710] Syncing: state download in progress      synced=18.48% state=194.00B accounts=1@194.00B slots=0@0.00B codes=0@0.00B eta=46.935s
INFO [12-13|19:55:31.724] Syncing: chain download in progress      synced=100.00% chain=18.00B headers=5@6.00B bodies=2@6.00B receipts=2@6.00B eta=0s
INFO [12-13|19:55:31.725] Syncing: state download in progress      synced=25.03%  state=194.00B accounts=1@194.00B slots=0@0.00B codes=0@0.00B eta=31.902s
WARN [12-13|19:55:31.728] Unexpected account range packet          peer=b6c83196 reqid=3,719,415,678,968,177,064
INFO [12-13|19:55:31.832] Syncing: state download in progress      synced=100.00% state=194.00B accounts=1@194.00B slots=0@0.00B codes=0@0.00B eta=-137ns
INFO [12-13|19:55:31.833] Syncing: state healing in progress       accounts=0@0.00B   slots=0@0.00B codes=0@0.00B nodes=0@0.00B pending=0
INFO [12-13|19:55:31.834] Rebuilding state snapshot 
INFO [12-13|19:55:31.835] Committed new head block                 number=2 hash=9f0540..c7e9a0
INFO [12-13|19:55:31.835] Resuming state snapshot generation       root=bc29b9..7a71c1 accounts=0         slots=0       storage=0.00B dangling=0 elapsed="893.89µs"
INFO [12-13|19:55:31.836] Generated state snapshot                 accounts=1         slots=0       storage=47.00B dangling=0 elapsed=2.045ms
INFO [12-13|19:55:31.850] Imported new chain segment               number=5 hash=d79bbd..b4ad76 blocks=3 txs=0 mgas=0.000 elapsed=14.728ms    mgasps=0.000 dirty=1.19KiB
INFO [12-13|19:55:34.734] Syncing: chain download in progress      synced=250.00% chain=18.00B headers=5@6.00B bodies=5@6.00B receipts=5@6.00B eta=-7.880s
INFO [12-13|19:55:34.734] Snap sync complete, auto disabling 
INFO [12-13|19:55:35.512] Imported new chain segment               number=6 hash=b1c5a3..b863bd blocks=1 txs=0 mgas=0.000 elapsed=14.569ms    mgasps=0.000 dirty=1.42KiB
INFO [12-13|19:55:38.377] Imported new chain segment               number=7 hash=361557..c5bb66 blocks=1 txs=0 mgas=0.000 elapsed=14.610ms    mgasps=0.000 dirty=1.66KiB
INFO [12-13|19:55:39.241] Imported new chain segment               number=8 hash=62830c..a4bfd6 blocks=1 txs=0 mgas=0.000 elapsed=14.746ms    mgasps=0.000 dirty=1.90KiB
INFO [12-13|19:55:39.804] Looking for peers                        peercount=2 tried=1 static=1
INFO [12-13|19:55:41.018] Imported new chain segment               number=9 hash=d77176..c504e4 blocks=1 txs=0 mgas=0.000 elapsed=14.713ms    mgasps=0.000 dirty=2.14KiB
INFO [12-13|19:55:42.647] Imported new chain segment               number=10 hash=781a7a..03585b blocks=1 txs=0 mgas=0.000 elapsed=14.446ms    mgasps=0.000 dirty=2.37KiB
INFO [12-13|19:55:46.981] Imported new chain segment               number=11 hash=71f4bb..9ff6cb blocks=1 txs=0 mgas=0.000 elapsed=15.583ms    mgasps=0.000 dirty=2.61KiB
INFO [12-13|19:55:47.012] Imported new chain segment               number=12 hash=8ef47e..538342 blocks=1 txs=0 mgas=0.000 elapsed=15.972ms    mgasps=0.000 dirty=2.85KiB
INFO [12-13|19:55:51.956] Imported new chain segment               number=13 hash=973210..e2ff16 blocks=1 txs=0 mgas=0.000 elapsed=15.453ms    mgasps=0.000 dirty=3.09KiB
INFO [12-13|19:55:52.702] Imported new chain segment               number=14 hash=fa51b5..4ba0bb blocks=1 txs=0 mgas=0.000 elapsed=20.219ms    mgasps=0.000 dirty=3.33KiB
INFO [12-13|19:56:02.073] Imported new chain segment               number=15 hash=f3079f..347499 blocks=1 txs=0 mgas=0.000 elapsed=8.780ms     mgasps=0.000 dirty=3.57KiB
INFO [12-13|19:56:02.883] Updated mining threads                   threads=1
INFO [12-13|19:56:02.884] Transaction pool price threshold updated price=1,000,000,000
INFO [12-13|19:56:02.885] Commit new sealing work                  number=16 sealhash=8d3dc3..d6cedc uncles=0 txs=0 gas=0 fees=0 elapsed="501.767µs"
INFO [12-13|19:56:02.886] Commit new sealing work                  number=16 sealhash=8d3dc3..d6cedc uncles=0 txs=0 gas=0 fees=0 elapsed=1.422ms
INFO [12-13|19:56:06.628] Successfully sealed new block            number=16 sealhash=8d3dc3..d6cedc hash=aac0a8..597ec1 elapsed=3.742s
INFO [12-13|19:56:06.628] "🔨 mined potential block"                number=16 hash=aac0a8..597ec1
INFO [12-13|19:56:06.630] Commit new sealing work                  number=17 sealhash=03ed10..c8fce7 uncles=0 txs=0 gas=0 fees=0 elapsed=1.191ms
INFO [12-13|19:56:06.630] Commit new sealing work                  number=17 sealhash=03ed10..c8fce7 uncles=0 txs=0 gas=0 fees=0 elapsed=1.554ms
INFO [12-13|19:56:07.128] Successfully sealed new block            number=17 sealhash=03ed10..c8fce7 hash=fb7903..4c5633 elapsed=498.736ms
INFO [12-13|19:56:07.129] Commit new sealing work                  number=18 sealhash=194654..460067 uncles=0 txs=0 gas=0 fees=0 elapsed="551.378µs"
INFO [12-13|19:56:07.129] "🔨 mined potential block"                number=17 hash=fb7903..4c5633
INFO [12-13|19:56:07.138] Commit new sealing work                  number=18 sealhash=194654..460067 uncles=0 txs=0 gas=0 fees=0 elapsed=9.952ms
INFO [12-13|19:56:08.882] Successfully sealed new block            number=18 sealhash=194654..460067 hash=ba2f13..d1c777 elapsed=1.752s
INFO [12-13|19:56:08.882] "🔨 mined potential block"                number=18 hash=ba2f13..d1c777
INFO [12-13|19:56:08.883] Commit new sealing work                  number=19 sealhash=6d1b0d..81b435 uncles=0 txs=0 gas=0 fees=0 elapsed="475.305µs"
INFO [12-13|19:56:08.883] Commit new sealing work                  number=19 sealhash=6d1b0d..81b435 uncles=0 txs=0 gas=0 fees=0 elapsed="827.224µs"
INFO [12-13|19:56:11.979] Successfully sealed new block            number=19 sealhash=6d1b0d..81b435 hash=4e9d33..cbb85d elapsed=3.096s
INFO [12-13|19:56:11.980] "🔨 mined potential block"                number=19 hash=4e9d33..cbb85d
INFO [12-13|19:56:11.980] Commit new sealing work                  number=20 sealhash=b2be8b..164a79 uncles=0 txs=0 gas=0 fees=0 elapsed="487.065µs"
INFO [12-13|19:56:11.980] Commit new sealing work                  number=20 sealhash=b2be8b..164a79 uncles=0 txs=0 gas=0 fees=0 elapsed="889.501µs"
INFO [12-13|19:56:12.174] Imported new chain segment               number=19 hash=32407b..41c552 blocks=1 txs=0 mgas=0.000 elapsed=13.542ms    mgasps=0.000 dirty=6.05KiB
INFO [12-13|19:56:12.174] Commit new sealing work                  number=20 sealhash=192a65..7ad6c8 uncles=1 txs=0 gas=0 fees=0 elapsed="371.141µs"
INFO [12-13|19:56:12.482] Imported new chain segment               number=20 hash=2a6da1..f2c29e blocks=1 txs=0 mgas=0.000 elapsed=25.585ms    mgasps=0.000 dirty=7.20KiB
INFO [12-13|19:56:12.484] Commit new sealing work                  number=21 sealhash=6de8cf..71f55b uncles=0 txs=0 gas=0 fees=0 elapsed="602.377µs"
INFO [12-13|19:56:12.485] Commit new sealing work                  number=21 sealhash=6de8cf..71f55b uncles=0 txs=0 gas=0 fees=0 elapsed=1.386ms
INFO [12-13|19:56:12.634] Imported new chain segment               number=21 hash=dc2b4c..d0ce7d blocks=1 txs=0 mgas=0.000 elapsed=15.112ms    mgasps=0.000 dirty=7.88KiB
INFO [12-13|19:56:12.636] Commit new sealing work                  number=22 sealhash=6b28a1..2088ae uncles=0 txs=0 gas=0 fees=0 elapsed="594.155µs"
INFO [12-13|19:56:12.636] Commit new sealing work                  number=22 sealhash=6b28a1..2088ae uncles=0 txs=0 gas=0 fees=0 elapsed=1.013ms
INFO [12-13|19:56:13.037] Imported new chain segment               number=22 hash=9a8a0f..440805 blocks=1 txs=0 mgas=0.000 elapsed=21.992ms    mgasps=0.000 dirty=8.56KiB
INFO [12-13|19:56:13.040] Commit new sealing work                  number=23 sealhash=0a6891..7b6976 uncles=0 txs=0 gas=0 fees=0 elapsed="716.43µs"
INFO [12-13|19:56:13.040] Commit new sealing work                  number=23 sealhash=0a6891..7b6976 uncles=0 txs=0 gas=0 fees=0 elapsed=1.265ms
INFO [12-13|19:56:14.395] Imported new chain segment               number=16 hash=bbc7cb..ca80f8 blocks=1 txs=0 mgas=0.000 elapsed=9.577ms     mgasps=0.000 dirty=8.80KiB
INFO [12-13|19:56:15.827] Imported new chain segment               number=23 hash=22e680..8b7a8f blocks=1 txs=0 mgas=0.000 elapsed=15.422ms    mgasps=0.000 dirty=9.48KiB
INFO [12-13|19:56:15.828] "🔗 block reached canonical chain"        number=16 hash=aac0a8..597ec1
INFO [12-13|19:56:15.829] Commit new sealing work                  number=24 sealhash=f9b6e7..a87e1d uncles=0 txs=0 gas=0 fees=0 elapsed="771.67µs"
INFO [12-13|19:56:15.829] Commit new sealing work                  number=24 sealhash=f9b6e7..a87e1d uncles=0 txs=0 gas=0 fees=0 elapsed=1.370ms
INFO [12-13|19:56:20.067] Imported new chain segment               number=24 hash=aea1c7..83dab7 blocks=1 txs=0 mgas=0.000 elapsed=16.810ms    mgasps=0.000 dirty=9.95KiB
INFO [12-13|19:56:20.068] "🔗 block reached canonical chain"        number=17 hash=fb7903..4c5633
INFO [12-13|19:56:20.069] Commit new sealing work                  number=25 sealhash=b639e1..169fa5 uncles=0 txs=0 gas=0 fees=0 elapsed="846.631µs"
INFO [12-13|19:56:20.069] Commit new sealing work                  number=25 sealhash=b639e1..169fa5 uncles=0 txs=0 gas=0 fees=0 elapsed=1.295ms
INFO [12-13|19:56:20.694] "🔗 block reached canonical chain"        number=18 hash=ba2f13..d1c777
INFO [12-13|19:56:20.694] Commit new sealing work                  number=26 sealhash=c5b1d3..bb7963 uncles=0 txs=0 gas=0 fees=0 elapsed="835.464µs"
INFO [12-13|19:56:20.694] Commit new sealing work                  number=26 sealhash=c5b1d3..bb7963 uncles=0 txs=0 gas=0 fees=0 elapsed=1.211ms
INFO [12-13|19:56:20.693] Successfully sealed new block            number=25 sealhash=b639e1..169fa5 hash=568fbc..f52084 elapsed=624.615ms
INFO [12-13|19:56:20.695] "🔨 mined potential block"                number=25 hash=568fbc..f52084
INFO [12-13|19:56:22.064] Successfully sealed new block            number=26 sealhash=c5b1d3..bb7963 hash=9ed571..f7aed7 elapsed=1.370s
INFO [12-13|19:56:22.065] "🔗 block reached canonical chain"        number=19 hash=4e9d33..cbb85d
INFO [12-13|19:56:22.065] "🔨 mined potential block"                number=26 hash=9ed571..f7aed7
INFO [12-13|19:56:22.067] Commit new sealing work                  number=27 sealhash=931a4a..8df077 uncles=0 txs=0 gas=0 fees=0 elapsed="793.614µs"
INFO [12-13|19:56:22.067] Commit new sealing work                  number=27 sealhash=931a4a..8df077 uncles=0 txs=0 gas=0 fees=0 elapsed=1.317ms
INFO [12-13|19:56:24.806] Imported new chain segment               number=27 hash=6c1eb4..6a0b55 blocks=1 txs=0 mgas=0.000 elapsed=10.311ms    mgasps=0.000 dirty=11.78KiB
INFO [12-13|19:56:24.808] Commit new sealing work                  number=28 sealhash=710c03..fe3d7b uncles=0 txs=0 gas=0 fees=0 elapsed="539.081µs"
INFO [12-13|19:56:24.808] Commit new sealing work                  number=28 sealhash=710c03..fe3d7b uncles=0 txs=0 gas=0 fees=0 elapsed="923.185µs"
INFO [12-13|19:56:25.602] Imported new chain segment               number=28 hash=cba0dd..809f77 blocks=1 txs=0 mgas=0.000 elapsed=11.198ms    mgasps=0.000 dirty=12.26KiB
INFO [12-13|19:56:25.604] Commit new sealing work                  number=29 sealhash=00128f..52c877 uncles=0 txs=0 gas=0 fees=0 elapsed=1.290ms
INFO [12-13|19:56:25.605] Commit new sealing work                  number=29 sealhash=00128f..52c877 uncles=0 txs=0 gas=0 fees=0 elapsed=1.732ms
INFO [12-13|19:56:25.653] Imported new chain segment               number=28 hash=bbd7e0..c149ae blocks=1 txs=0 mgas=0.000 elapsed=32.873ms    mgasps=0.000 dirty=13.17KiB
INFO [12-13|19:56:25.654] Commit new sealing work                  number=29 sealhash=830a77..52046a uncles=1 txs=0 gas=0 fees=0 elapsed="395.751µs"
INFO [12-13|19:56:26.651] Chain reorg detected                     number=27 hash=6c1eb4..6a0b55 drop=1 dropfrom=cba0dd..809f77 add=2 addfrom=22feb7..1b5d11
INFO [12-13|19:56:26.652] Imported new chain segment               number=29 hash=22feb7..1b5d11 blocks=1 txs=0 mgas=0.000 elapsed=30.036ms    mgasps=0.000 dirty=14.09KiB
INFO [12-13|19:56:26.654] Commit new sealing work                  number=30 sealhash=b63da2..d9f089 uncles=0 txs=0 gas=0 fees=0 elapsed="860.446µs"
INFO [12-13|19:56:26.655] Commit new sealing work                  number=30 sealhash=b63da2..d9f089 uncles=0 txs=0 gas=0 fees=0 elapsed=1.584ms
INFO [12-13|19:56:26.833] Chain reorg detected                     number=28 hash=bbd7e0..c149ae drop=1 dropfrom=22feb7..1b5d11 add=1 addfrom=918a76..bd7aa8
INFO [12-13|19:56:26.833] Imported new chain segment               number=29 hash=918a76..bd7aa8 blocks=1 txs=0 mgas=0.000 elapsed=21.025ms    mgasps=0.000 dirty=14.77KiB
INFO [12-13|19:56:26.835] Commit new sealing work                  number=30 sealhash=84ad80..0d44e9 uncles=1 txs=0 gas=0 fees=0 elapsed="589.692µs"
INFO [12-13|19:56:26.835] Commit new sealing work                  number=30 sealhash=84ad80..0d44e9 uncles=1 txs=0 gas=0 fees=0 elapsed=1.069ms
INFO [12-13|19:56:27.057] Chain reorg detected                     number=28 hash=bbd7e0..c149ae drop=1 dropfrom=918a76..bd7aa8 add=2 addfrom=3c580b..828dee
INFO [12-13|19:56:27.057] Imported new chain segment               number=30 hash=3c580b..828dee blocks=1 txs=0 mgas=0.000 elapsed=29.100ms    mgasps=0.000 dirty=15.69KiB
INFO [12-13|19:56:27.058] Commit new sealing work                  number=31 sealhash=8bd2b7..ce5ab1 uncles=0 txs=0 gas=0 fees=0 elapsed="673.209µs"
INFO [12-13|19:56:27.059] Commit new sealing work                  number=31 sealhash=8bd2b7..ce5ab1 uncles=0 txs=0 gas=0 fees=0 elapsed=1.069ms
INFO [12-13|19:56:27.157] Imported new chain segment               number=31 hash=c08fb5..272995 blocks=1 txs=0 mgas=0.000 elapsed=15.546ms    mgasps=0.000 dirty=16.16KiB
INFO [12-13|19:56:27.158] Commit new sealing work                  number=32 sealhash=8651c8..586886 uncles=0 txs=0 gas=0 fees=0 elapsed="710.856µs"
INFO [12-13|19:56:27.158] Commit new sealing work                  number=32 sealhash=8651c8..586886 uncles=0 txs=0 gas=0 fees=0 elapsed=1.097ms
INFO [12-13|19:56:29.857] Imported new chain segment               number=32 hash=8cf16e..e07146 blocks=1 txs=0 mgas=0.000 elapsed=12.592ms    mgasps=0.000 dirty=16.84KiB
INFO [12-13|19:56:29.858] "🔗 block reached canonical chain"        number=25 hash=568fbc..f52084
INFO [12-13|19:56:29.858] Commit new sealing work                  number=33 sealhash=9c615e..1376bc uncles=0 txs=0 gas=0 fees=0 elapsed="825.428µs"
INFO [12-13|19:56:29.859] Commit new sealing work                  number=33 sealhash=9c615e..1376bc uncles=0 txs=0 gas=0 fees=0 elapsed=1.164ms
INFO [12-13|19:56:30.284] Imported new chain segment               number=33 hash=bce161..976cdb blocks=1 txs=0 mgas=0.000 elapsed=13.013ms    mgasps=0.000 dirty=17.32KiB
INFO [12-13|19:56:30.286] "🔗 block reached canonical chain"        number=26 hash=9ed571..f7aed7
INFO [12-13|19:56:30.286] Commit new sealing work                  number=34 sealhash=4c0f47..0d861b uncles=0 txs=0 gas=0 fees=0 elapsed="779.78µs"
INFO [12-13|19:56:30.287] Commit new sealing work                  number=34 sealhash=4c0f47..0d861b uncles=0 txs=0 gas=0 fees=0 elapsed=1.671ms
INFO [12-13|19:56:32.245] Imported new chain segment               number=34 hash=fd578e..c7eb7d blocks=1 txs=0 mgas=0.000 elapsed=11.061ms    mgasps=0.000 dirty=17.79KiB
INFO [12-13|19:56:32.247] Commit new sealing work                  number=35 sealhash=4d6731..66637a uncles=0 txs=0 gas=0 fees=0 elapsed="692.616µs"
INFO [12-13|19:56:32.252] Commit new sealing work                  number=35 sealhash=4d6731..66637a uncles=0 txs=0 gas=0 fees=0 elapsed=6.085ms
INFO [12-13|19:56:33.014] Imported new chain segment               number=35 hash=4b2e24..e61f19 blocks=1 txs=0 mgas=0.000 elapsed=22.569ms    mgasps=0.000 dirty=18.47KiB
INFO [12-13|19:56:33.018] Commit new sealing work                  number=36 sealhash=23cca2..b2b567 uncles=0 txs=0 gas=0 fees=0 elapsed=1.482ms
INFO [12-13|19:56:33.019] Commit new sealing work                  number=36 sealhash=23cca2..b2b567 uncles=0 txs=0 gas=0 fees=0 elapsed=2.628ms
INFO [12-13|19:56:35.514] Imported new chain segment               number=36 hash=5795b8..db7e14 blocks=1 txs=0 mgas=0.000 elapsed=9.370ms     mgasps=0.000 dirty=18.94KiB
INFO [12-13|19:56:35.514] Commit new sealing work                  number=37 sealhash=780690..5f9aae uncles=0 txs=0 gas=0 fees=0 elapsed="531.416µs"
INFO [12-13|19:56:35.515] Commit new sealing work                  number=37 sealhash=780690..5f9aae uncles=0 txs=0 gas=0 fees=0 elapsed="857.354µs"
INFO [12-13|19:56:36.542] Imported new chain segment               number=37 hash=64a319..177d49 blocks=1 txs=0 mgas=0.000 elapsed=16.131ms    mgasps=0.000 dirty=19.62KiB
INFO [12-13|19:56:36.543] Commit new sealing work                  number=38 sealhash=f5a185..6a2fae uncles=0 txs=0 gas=0 fees=0 elapsed=1.419ms
INFO [12-13|19:56:36.544] Commit new sealing work                  number=38 sealhash=f5a185..6a2fae uncles=0 txs=0 gas=0 fees=0 elapsed=2.277ms
INFO [12-13|19:56:38.819] Imported new chain segment               number=38 hash=7aff3c..777f6f blocks=1 txs=0 mgas=0.000 elapsed=9.969ms     mgasps=0.000 dirty=20.30KiB
INFO [12-13|19:56:38.820] Commit new sealing work                  number=39 sealhash=41757d..db6066 uncles=0 txs=0 gas=0 fees=0 elapsed="651.265µs"
INFO [12-13|19:56:38.822] Commit new sealing work                  number=39 sealhash=41757d..db6066 uncles=0 txs=0 gas=0 fees=0 elapsed=1.773ms
INFO [12-13|19:56:39.838] Successfully sealed new block            number=39 sealhash=41757d..db6066 hash=e1fb2c..a253d3 elapsed=1.017s
INFO [12-13|19:56:39.839] "🔨 mined potential block"                number=39 hash=e1fb2c..a253d3
INFO [12-13|19:56:39.839] Commit new sealing work                  number=40 sealhash=3207a6..af54ae uncles=0 txs=0 gas=0 fees=0 elapsed=1.414ms
INFO [12-13|19:56:39.840] Commit new sealing work                  number=40 sealhash=3207a6..af54ae uncles=0 txs=0 gas=0 fees=0 elapsed=1.918ms
INFO [12-13|19:56:40.191] Imported new chain segment               number=39 hash=362182..5db5d9 blocks=1 txs=0 mgas=0.000 elapsed=22.497ms    mgasps=0.000 dirty=21.66KiB
INFO [12-13|19:56:40.192] Commit new sealing work                  number=40 sealhash=1ce7a2..f7488d uncles=1 txs=0 gas=0 fees=0 elapsed="646.765µs"
INFO [12-13|19:56:42.549] Chain reorg detected                     number=38 hash=7aff3c..777f6f drop=1 dropfrom=e1fb2c..a253d3 add=2 addfrom=7b82e3..a4cd6b
INFO [12-13|19:56:42.551] Imported new chain segment               number=40 hash=7b82e3..a4cd6b blocks=1 txs=0 mgas=0.000 elapsed=33.923ms    mgasps=0.000 dirty=22.79KiB
INFO [12-13|19:56:42.552] Commit new sealing work                  number=41 sealhash=187887..f6ec10 uncles=0 txs=0 gas=0 fees=0 elapsed="764.003µs"
INFO [12-13|19:56:42.570] Commit new sealing work                  number=41 sealhash=187887..f6ec10 uncles=0 txs=0 gas=0 fees=0 elapsed=18.235ms
