INFO [12-16|16:19:33.727] Maximum peer count                       ETH=50 LES=0 total=50
INFO [12-16|16:19:33.731] Smartcard socket not found, disabling    err="stat /run/pcscd/pcscd.comm: no such file or directory"
INFO [12-16|16:19:33.740] Set global gas cap                       cap=50,000,000
INFO [12-16|16:19:33.746] Allocated trie memory caches             clean=154.00MiB dirty=256.00MiB
INFO [12-16|16:19:33.747] Using leveldb as the backing database 
INFO [12-16|16:19:33.747] Allocated cache and file handles         database=/home/raspberry-node/.testchain44/geth/chaindata cache=512.00MiB handles=524,288
INFO [12-16|16:19:33.791] Using LevelDB as the backing database 
INFO [12-16|16:19:33.792] Opened ancient database                  database=/home/raspberry-node/.testchain44/geth/chaindata/ancient/chain readonly=false
INFO [12-16|16:19:33.794] Disk storage enabled for ethash caches   dir=/home/raspberry-node/.testchain44/geth/ethash count=3
INFO [12-16|16:19:33.794] Disk storage enabled for ethash DAGs     dir=/home/raspberry-node/.ethash count=2
INFO [12-16|16:19:33.794] Initialising Ethereum protocol           network=42 dbversion=<nil>
INFO [12-16|16:19:33.795]  
INFO [12-16|16:19:33.795] --------------------------------------------------------------------------------------------------------------------------------------------------------- 
INFO [12-16|16:19:33.795] Chain ID:  4309 (unknown) 
INFO [12-16|16:19:33.795] Consensus: Ethash (proof-of-work) 
INFO [12-16|16:19:33.795]  
INFO [12-16|16:19:33.795] Pre-Merge hard forks (block based): 
INFO [12-16|16:19:33.795]  - Homestead:                   #0        (https://github.com/ethereum/execution-specs/blob/master/network-upgrades/mainnet-upgrades/homestead.md) 
INFO [12-16|16:19:33.795]  - Tangerine Whistle (EIP 150): #0        (https://github.com/ethereum/execution-specs/blob/master/network-upgrades/mainnet-upgrades/tangerine-whistle.md) 
INFO [12-16|16:19:33.795]  - Spurious Dragon/1 (EIP 155): #0        (https://github.com/ethereum/execution-specs/blob/master/network-upgrades/mainnet-upgrades/spurious-dragon.md) 
INFO [12-16|16:19:33.795]  - Spurious Dragon/2 (EIP 158): #0        (https://github.com/ethereum/execution-specs/blob/master/network-upgrades/mainnet-upgrades/spurious-dragon.md) 
INFO [12-16|16:19:33.795]  - Byzantium:                   #0        (https://github.com/ethereum/execution-specs/blob/master/network-upgrades/mainnet-upgrades/byzantium.md) 
INFO [12-16|16:19:33.795]  - Constantinople:              #0        (https://github.com/ethereum/execution-specs/blob/master/network-upgrades/mainnet-upgrades/constantinople.md) 
INFO [12-16|16:19:33.795]  - Petersburg:                  #0        (https://github.com/ethereum/execution-specs/blob/master/network-upgrades/mainnet-upgrades/petersburg.md) 
INFO [12-16|16:19:33.795]  - Istanbul:                    #0        (https://github.com/ethereum/execution-specs/blob/master/network-upgrades/mainnet-upgrades/istanbul.md) 
INFO [12-16|16:19:33.795]  - Berlin:                      #0        (https://github.com/ethereum/execution-specs/blob/master/network-upgrades/mainnet-upgrades/berlin.md) 
INFO [12-16|16:19:33.795]  - London:                      #<nil> (https://github.com/ethereum/execution-specs/blob/master/network-upgrades/mainnet-upgrades/london.md) 
INFO [12-16|16:19:33.795]  
INFO [12-16|16:19:33.795] The Merge is not yet available for this network! 
INFO [12-16|16:19:33.795]  - Hard-fork specification: https://github.com/ethereum/execution-specs/blob/master/network-upgrades/mainnet-upgrades/paris.md 
INFO [12-16|16:19:33.795]  
INFO [12-16|16:19:33.795] Post-Merge hard forks (timestamp based): 
INFO [12-16|16:19:33.795]  
INFO [12-16|16:19:33.795] --------------------------------------------------------------------------------------------------------------------------------------------------------- 
INFO [12-16|16:19:33.795]  
INFO [12-16|16:19:33.796] Loaded most recent local block           number=0 hash=379374..1447df td=5000 age=54y8mo3w
WARN [12-16|16:19:33.796] Failed to load snapshot                  err="missing or corrupted snapshot"
INFO [12-16|16:19:33.797] Rebuilding state snapshot 
INFO [12-16|16:19:33.797] Resuming state snapshot generation       root=56e81f..63b421 accounts=0 slots=0 storage=0.00B dangling=0 elapsed="742.214µs"
INFO [12-16|16:19:33.798] Regenerated local transaction journal    transactions=0 accounts=0
INFO [12-16|16:19:33.798] Generated state snapshot                 accounts=0 slots=0 storage=0.00B dangling=0 elapsed=1.321ms
INFO [12-16|16:19:33.798] Gasprice oracle is ignoring threshold set threshold=2
WARN [12-16|16:19:33.799] Error reading unclean shutdown markers   error="leveldb: not found"
WARN [12-16|16:19:33.799] Engine API enabled                       protocol=eth
WARN [12-16|16:19:33.799] Engine API started but chain not configured for merge yet 
INFO [12-16|16:19:33.799] Starting peer-to-peer node               instance=Geth/v1.11.6-stable-ea9e62ca/linux-arm64/go1.20.5
INFO [12-16|16:19:33.833] New local node record                    seq=1,702,739,973,831 id=a919db8edb1e12c0 ip=127.0.0.1 udp=0 tcp=4242
INFO [12-16|16:19:33.833] Started P2P networking                   self="enode://11e075e7cd637a5bd4ff13931961f3d373d0fa4352efdbec619b145f3069b34dd9da535deb27d16bc89b6326df7aeb125c26119e1fe6a5eaf41bad214d8caf6f@127.0.0.1:4242?discport=0"
INFO [12-16|16:19:33.834] IPC endpoint opened                      url=/home/raspberry-node/.testchain44/geth.ipc
INFO [12-16|16:19:33.834] Generated JWT secret                     path=/home/raspberry-node/.testchain44/geth/jwtsecret
INFO [12-16|16:19:33.836] WebSocket enabled                        url=ws://127.0.0.1:8551
INFO [12-16|16:19:33.836] HTTP server started                      endpoint=127.0.0.1:8551 auth=true prefix= cors=localhost vhosts=localhost
Welcome to the Geth JavaScript console!

instance: Geth/v1.11.6-stable-ea9e62ca/linux-arm64/go1.20.5
coinbase: 0xd7a7675d2d2c7711f3a5df989847e71616c7411d
at block: 0 (Thu Jan 01 1970 01:00:00 GMT+0100 (CET))
 datadir: /home/raspberry-node/.testchain44
 modules: admin:1.0 debug:1.0 engine:1.0 eth:1.0 ethash:1.0 miner:1.0 net:1.0 rpc:1.0 txpool:1.0 web3:1.0

To exit, press ctrl-d or type exit
> INFO [12-16|16:19:44.344] Looking for peers                        peercount=2 tried=1 static=1
INFO [12-16|16:20:05.702] Updated mining threads                   threads=1
INFO [12-16|16:20:05.703] Transaction pool price threshold updated price=1,000,000,000
INFO [12-16|16:20:05.704] Commit new sealing work                  number=1 sealhash=66bb3f..ba04d0 uncles=0 txs=0 gas=0 fees=0 elapsed="952.507µs"
INFO [12-16|16:20:05.704] Commit new sealing work                  number=1 sealhash=66bb3f..ba04d0 uncles=0 txs=0 gas=0 fees=0 elapsed=1.287ms
INFO [12-16|16:20:12.084] Successfully sealed new block            number=1 sealhash=66bb3f..ba04d0 hash=c35f12..b8ad9b elapsed=6.380s
INFO [12-16|16:20:12.084] "🔨 mined potential block"                number=1 hash=c35f12..b8ad9b
INFO [12-16|16:20:12.085] Commit new sealing work                  number=2 sealhash=d49555..68080c uncles=0 txs=0 gas=0 fees=0 elapsed="676.38µs"
INFO [12-16|16:20:12.086] Commit new sealing work                  number=2 sealhash=d49555..68080c uncles=0 txs=0 gas=0 fees=0 elapsed=1.468ms
WARN [12-16|16:20:14.082] Snap syncing, discarded propagated block number=1 hash=26b8c4..51c3f8
WARN [12-16|16:20:14.090] Snap syncing, discarded propagated block number=1 hash=eb3420..1b038d
WARN [12-16|16:20:14.092] Snap syncing, discarded propagated block number=1 hash=51ffd4..66206f
WARN [12-16|16:20:14.112] Snap syncing, discarded propagated block number=1 hash=2bc4af..fc0b3f
WARN [12-16|16:20:17.436] Snap syncing, discarded propagated block number=1 hash=15dc82..7118e0
INFO [12-16|16:20:18.641] Looking for peers                        peercount=2 tried=0 static=1
INFO [12-16|16:20:19.556] Successfully sealed new block            number=2 sealhash=d49555..68080c hash=a9c982..dc09d9 elapsed=7.471s
INFO [12-16|16:20:19.557] "🔨 mined potential block"                number=2 hash=a9c982..dc09d9
INFO [12-16|16:20:19.558] Commit new sealing work                  number=3 sealhash=f44bb7..edcbbb uncles=0 txs=0 gas=0 fees=0 elapsed="744.416µs"
INFO [12-16|16:20:19.559] Commit new sealing work                  number=3 sealhash=f44bb7..edcbbb uncles=0 txs=0 gas=0 fees=0 elapsed=1.190ms
WARN [12-16|16:20:20.178] Snap syncing, discarded propagated block number=3 hash=bf66f5..84167a
INFO [12-16|16:20:23.978] Successfully sealed new block            number=3 sealhash=f44bb7..edcbbb hash=95b525..9974e9 elapsed=4.419s
INFO [12-16|16:20:23.978] "🔨 mined potential block"                number=3 hash=95b525..9974e9
INFO [12-16|16:20:23.984] Commit new sealing work                  number=4 sealhash=03de60..672ecf uncles=0 txs=0 gas=0 fees=0 elapsed=6.434ms
INFO [12-16|16:20:23.985] Commit new sealing work                  number=4 sealhash=03de60..672ecf uncles=0 txs=0 gas=0 fees=0 elapsed=6.964ms
INFO [12-16|16:20:26.222] Successfully sealed new block            number=4 sealhash=03de60..672ecf hash=4f1fae..68ff9c elapsed=2.243s
INFO [12-16|16:20:26.223] "🔨 mined potential block"                number=4 hash=4f1fae..68ff9c
INFO [12-16|16:20:26.224] Commit new sealing work                  number=5 sealhash=b87afa..b0ff86 uncles=0 txs=0 gas=0 fees=0 elapsed=2.275ms
INFO [12-16|16:20:26.225] Commit new sealing work                  number=5 sealhash=b87afa..b0ff86 uncles=0 txs=0 gas=0 fees=0 elapsed=3.160ms
INFO [12-16|16:20:29.187] Successfully sealed new block            number=5 sealhash=b87afa..b0ff86 hash=a3d811..68ae30 elapsed=2.964s
INFO [12-16|16:20:29.188] "🔨 mined potential block"                number=5 hash=a3d811..68ae30
INFO [12-16|16:20:29.191] Commit new sealing work                  number=6 sealhash=6c47e4..481b24 uncles=0 txs=0 gas=0 fees=0 elapsed=1.983ms
INFO [12-16|16:20:29.191] Commit new sealing work                  number=6 sealhash=6c47e4..481b24 uncles=0 txs=0 gas=0 fees=0 elapsed=2.737ms
INFO [12-16|16:20:33.768] Successfully sealed new block            number=6 sealhash=6c47e4..481b24 hash=b46a22..786b47 elapsed=4.577s
INFO [12-16|16:20:33.769] "🔨 mined potential block"                number=6 hash=b46a22..786b47
INFO [12-16|16:20:33.769] Commit new sealing work                  number=7 sealhash=bc1fb1..0ecdf1 uncles=0 txs=0 gas=0 fees=0 elapsed="424.254µs"
INFO [12-16|16:20:33.771] Commit new sealing work                  number=7 sealhash=bc1fb1..0ecdf1 uncles=0 txs=0 gas=0 fees=0 elapsed=2.436ms
WARN [12-16|16:20:36.096] Snap syncing, discarded propagated block number=1 hash=7f5530..5be18a
INFO [12-16|16:20:38.225] Successfully sealed new block            number=7 sealhash=bc1fb1..0ecdf1 hash=6d7623..ed8f8e elapsed=4.456s
INFO [12-16|16:20:38.227] "🔨 mined potential block"                number=7 hash=6d7623..ed8f8e
INFO [12-16|16:20:38.227] Commit new sealing work                  number=8 sealhash=094bd7..557681 uncles=0 txs=0 gas=0 fees=0 elapsed=1.236ms
INFO [12-16|16:20:38.231] Commit new sealing work                  number=8 sealhash=094bd7..557681 uncles=0 txs=0 gas=0 fees=0 elapsed=5.387ms
WARN [12-16|16:20:43.683] Snap syncing, discarded propagated block number=8 hash=aaf803..f9fb9f
WARN [12-16|16:20:44.860] Snap syncing, discarded propagated block number=1 hash=a3a3bb..620f75
INFO [12-16|16:20:45.470] Block synchronisation started 
INFO [12-16|16:20:45.471] Mining aborted due to sync 
INFO [12-16|16:20:45.562] Syncing: chain download in progress      synced=100.00% chain=18.00B headers=9@6.00B bodies=7@6.00B receipts=7@6.00B eta=0s
WARN [12-16|16:20:45.566] Unexpected account range packet          peer=3d705a6f reqid=1,633,453,070,226,958,646
INFO [12-16|16:20:45.570] Syncing: state download in progress      synced=65.32%  state=194.00B accounts=1@194.00B slots=0@0.00B codes=0@0.00B eta=39.822ms
INFO [12-16|16:20:45.588] Syncing: state download in progress      synced=100.00% state=194.00B accounts=1@194.00B slots=0@0.00B codes=0@0.00B eta=-185ns
INFO [12-16|16:20:45.600] Syncing: state healing in progress       accounts=1@46.00B  slots=0@0.00B codes=0@0.00B nodes=1@116.00B pending=0
INFO [12-16|16:20:45.602] Rebuilding state snapshot 
INFO [12-16|16:20:45.603] Committed new head block                 number=7 hash=6d7623..ed8f8e
INFO [12-16|16:20:45.603] Resuming state snapshot generation       root=5290ca..c33d10 accounts=0         slots=0       storage=0.00B dangling=0 elapsed=1.047ms
INFO [12-16|16:20:45.604] Generated state snapshot                 accounts=1         slots=0       storage=47.00B dangling=0 elapsed=2.283ms
INFO [12-16|16:20:45.620] Imported new chain segment               number=9 hash=6dacf4..593270 blocks=2 txs=0 mgas=0.000 elapsed=16.918ms    mgasps=0.000 dirty=2.81KiB
WARN [12-16|16:20:45.794] Snap syncing, discarded propagated block number=9 hash=f85d70..0281ca
INFO [12-16|16:20:48.537] Syncing: chain download in progress      synced=128.57% chain=18.00B headers=9@6.00B bodies=9@6.00B receipts=9@6.00B eta=-661.373ms
INFO [12-16|16:20:48.538] Snap sync complete, auto disabling 
INFO [12-16|16:20:48.541] "🔗 block reached canonical chain"        number=1 hash=c35f12..b8ad9b
INFO [12-16|16:20:48.541] "🔗 block reached canonical chain"        number=2 hash=a9c982..dc09d9
INFO [12-16|16:20:48.541] Commit new sealing work                  number=10 sealhash=c473ff..2324f0 uncles=0 txs=0 gas=0 fees=0 elapsed=1.360ms
INFO [12-16|16:20:48.542] Commit new sealing work                  number=10 sealhash=c473ff..2324f0 uncles=0 txs=0 gas=0 fees=0 elapsed=2.159ms
INFO [12-16|16:20:57.207] Successfully sealed new block            number=10 sealhash=c473ff..2324f0 hash=bbeb17..442ad1 elapsed=8.666s
INFO [12-16|16:20:57.208] "🔗 block reached canonical chain"        number=3  hash=95b525..9974e9
INFO [12-16|16:20:57.208] "🔨 mined potential block"                number=10 hash=bbeb17..442ad1
INFO [12-16|16:20:57.209] Commit new sealing work                  number=11 sealhash=b6508e..d17f18 uncles=0 txs=0 gas=0 fees=0 elapsed="737.638µs"
INFO [12-16|16:20:57.210] Commit new sealing work                  number=11 sealhash=b6508e..d17f18 uncles=0 txs=0 gas=0 fees=0 elapsed=1.654ms
INFO [12-16|16:20:58.210] Successfully sealed new block            number=11 sealhash=b6508e..d17f18 hash=042894..4aedab elapsed=1.000s
INFO [12-16|16:20:58.210] "🔗 block reached canonical chain"        number=4  hash=4f1fae..68ff9c
INFO [12-16|16:20:58.211] "🔨 mined potential block"                number=11 hash=042894..4aedab
INFO [12-16|16:20:58.211] Commit new sealing work                  number=12 sealhash=9e656a..49b130 uncles=0 txs=0 gas=0 fees=0 elapsed=1.039ms
INFO [12-16|16:20:58.212] Commit new sealing work                  number=12 sealhash=9e656a..49b130 uncles=0 txs=0 gas=0 fees=0 elapsed=2.154ms
INFO [12-16|16:20:58.623] Commit new sealing work                  number=12 sealhash=78f4be..1216ac uncles=1 txs=0 gas=0 fees=0 elapsed="718.305µs"
INFO [12-16|16:20:58.637] Imported new chain segment               number=9  hash=f85d70..0281ca blocks=1 txs=0 mgas=0.000 elapsed=37.793ms    mgasps=0.000 dirty=4.20KiB
INFO [12-16|16:20:58.677] Chain reorg detected                     number=8  hash=aaf803..f9fb9f drop=3 dropfrom=042894..4aedab add=3 addfrom=70a0ba..a936d7
INFO [12-16|16:20:58.701] Imported new chain segment               number=13 hash=8d39d9..5a81d1 blocks=4 txs=0 mgas=0.000 elapsed=63.803ms    mgasps=0.000 dirty=7.22KiB
INFO [12-16|16:20:58.702] "🔗 block reached canonical chain"        number=5  hash=a3d811..68ae30
INFO [12-16|16:20:58.702] "🔗 block reached canonical chain"        number=6  hash=b46a22..786b47
INFO [12-16|16:20:58.703] Commit new sealing work                  number=14 sealhash=ef9412..db060c uncles=0 txs=0 gas=0 fees=0 elapsed=1.129ms
INFO [12-16|16:20:58.704] Commit new sealing work                  number=14 sealhash=ef9412..db060c uncles=0 txs=0 gas=0 fees=0 elapsed=2.527ms
INFO [12-16|16:20:59.786] Imported new chain segment               number=14 hash=6d0666..05b31e blocks=1 txs=0 mgas=0.000 elapsed=14.900ms    mgasps=0.000 dirty=7.69KiB
INFO [12-16|16:20:59.787] "🔗 block reached canonical chain"        number=7  hash=6d7623..ed8f8e
INFO [12-16|16:20:59.787] Commit new sealing work                  number=15 sealhash=397327..e19721 uncles=0 txs=0 gas=0 fees=0 elapsed="802.192µs"
INFO [12-16|16:20:59.788] Commit new sealing work                  number=15 sealhash=397327..e19721 uncles=0 txs=0 gas=0 fees=0 elapsed=1.525ms
INFO [12-16|16:21:00.787] Chain reorg detected                     number=13 hash=8d39d9..5a81d1 drop=1 dropfrom=6d0666..05b31e add=1 addfrom=1a07ae..ca543d
INFO [12-16|16:21:00.788] Imported new chain segment               number=14 hash=1a07ae..ca543d blocks=1 txs=0 mgas=0.000 elapsed=10.063ms    mgasps=0.000 dirty=8.37KiB
INFO [12-16|16:21:00.790] Commit new sealing work                  number=15 sealhash=727fbf..fc042f uncles=1 txs=0 gas=0 fees=0 elapsed="823.006µs"
INFO [12-16|16:21:00.798] Commit new sealing work                  number=15 sealhash=727fbf..fc042f uncles=1 txs=0 gas=0 fees=0 elapsed=9.496ms
INFO [12-16|16:21:02.035] Imported new chain segment               number=15 hash=cfc3da..be58ca blocks=1 txs=0 mgas=0.000 elapsed=44.648ms    mgasps=0.000 dirty=9.08KiB
INFO [12-16|16:21:02.038] Commit new sealing work                  number=16 sealhash=cbb64a..c0b5bd uncles=0 txs=0 gas=0 fees=0 elapsed="867.413µs"
INFO [12-16|16:21:02.038] Commit new sealing work                  number=16 sealhash=cbb64a..c0b5bd uncles=0 txs=0 gas=0 fees=0 elapsed=1.414ms
INFO [12-16|16:21:02.867] Imported new chain segment               number=16 hash=37088d..b5734f blocks=1 txs=0 mgas=0.000 elapsed=13.962ms    mgasps=0.000 dirty=9.56KiB
INFO [12-16|16:21:02.869] Commit new sealing work                  number=17 sealhash=21e338..f04076 uncles=0 txs=0 gas=0 fees=0 elapsed="922.135µs"
INFO [12-16|16:21:02.870] Commit new sealing work                  number=17 sealhash=21e338..f04076 uncles=0 txs=0 gas=0 fees=0 elapsed=1.836ms
INFO [12-16|16:21:03.756] Imported new chain segment               number=17 hash=46069b..601b86 blocks=1 txs=0 mgas=0.000 elapsed=13.015ms    mgasps=0.000 dirty=10.24KiB
INFO [12-16|16:21:03.759] "😱 block lost"                           number=10 hash=bbeb17..442ad1
INFO [12-16|16:21:03.759] Commit new sealing work                  number=18 sealhash=98261e..762daf uncles=0 txs=0 gas=0 fees=0 elapsed=1.129ms
INFO [12-16|16:21:03.769] Commit new sealing work                  number=18 sealhash=98261e..762daf uncles=0 txs=0 gas=0 fees=0 elapsed=11.307ms
INFO [12-16|16:21:04.386] Imported new chain segment               number=18 hash=bf230a..de2005 blocks=1 txs=0 mgas=0.000 elapsed=33.653ms    mgasps=0.000 dirty=10.71KiB
INFO [12-16|16:21:04.391] "😱 block lost"                           number=11 hash=042894..4aedab
INFO [12-16|16:21:04.391] Commit new sealing work                  number=19 sealhash=d4116f..8c9ea7 uncles=0 txs=0 gas=0 fees=0 elapsed=1.729ms
INFO [12-16|16:21:04.392] Commit new sealing work                  number=19 sealhash=d4116f..8c9ea7 uncles=0 txs=0 gas=0 fees=0 elapsed=2.433ms
INFO [12-16|16:21:06.165] Imported new chain segment               number=19 hash=8b0a31..60ca7c blocks=1 txs=0 mgas=0.000 elapsed=16.741ms    mgasps=0.000 dirty=11.18KiB
INFO [12-16|16:21:06.167] Commit new sealing work                  number=20 sealhash=23ad0a..b7ba8a uncles=0 txs=0 gas=0 fees=0 elapsed="766.933µs"
INFO [12-16|16:21:06.167] Commit new sealing work                  number=20 sealhash=23ad0a..b7ba8a uncles=0 txs=0 gas=0 fees=0 elapsed=1.339ms
INFO [12-16|16:21:06.554] Imported new chain segment               number=20 hash=7d6e05..b615a6 blocks=1 txs=0 mgas=0.000 elapsed=11.295ms    mgasps=0.000 dirty=11.66KiB
INFO [12-16|16:21:06.556] Commit new sealing work                  number=21 sealhash=ecbd37..8fbf7b uncles=0 txs=0 gas=0 fees=0 elapsed=1.095ms
INFO [12-16|16:21:06.557] Commit new sealing work                  number=21 sealhash=ecbd37..8fbf7b uncles=0 txs=0 gas=0 fees=0 elapsed=1.813ms
INFO [12-16|16:21:08.368] Imported new chain segment               number=21 hash=568fa7..d73ce0 blocks=1 txs=0 mgas=0.000 elapsed=21.518ms    mgasps=0.000 dirty=12.13KiB
INFO [12-16|16:21:08.369] Commit new sealing work                  number=22 sealhash=cacd93..306601 uncles=0 txs=0 gas=0 fees=0 elapsed="726.212µs"
INFO [12-16|16:21:08.369] Commit new sealing work                  number=22 sealhash=cacd93..306601 uncles=0 txs=0 gas=0 fees=0 elapsed=1.134ms
INFO [12-16|16:21:08.873] Imported new chain segment               number=22 hash=3d406d..8612af blocks=1 txs=0 mgas=0.000 elapsed=22.318ms    mgasps=0.000 dirty=12.60KiB
INFO [12-16|16:21:08.875] Commit new sealing work                  number=23 sealhash=71fde3..f161c8 uncles=0 txs=0 gas=0 fees=0 elapsed="791.97µs"
INFO [12-16|16:21:08.876] Commit new sealing work                  number=23 sealhash=71fde3..f161c8 uncles=0 txs=0 gas=0 fees=0 elapsed=1.445ms
INFO [12-16|16:21:09.203] Successfully sealed new block            number=23 sealhash=71fde3..f161c8 hash=206a93..f64c49 elapsed=328.049ms
INFO [12-16|16:21:09.204] "🔨 mined potential block"                number=23 hash=206a93..f64c49
INFO [12-16|16:21:09.205] Commit new sealing work                  number=24 sealhash=dd1de4..cb3da9 uncles=0 txs=0 gas=0 fees=0 elapsed=1.717ms
INFO [12-16|16:21:09.206] Commit new sealing work                  number=24 sealhash=dd1de4..cb3da9 uncles=0 txs=0 gas=0 fees=0 elapsed=2.064ms
INFO [12-16|16:21:10.527] Imported new chain segment               number=24 hash=4281bd..583262 blocks=1 txs=0 mgas=0.000 elapsed=16.018ms    mgasps=0.000 dirty=13.76KiB
INFO [12-16|16:21:10.530] Commit new sealing work                  number=25 sealhash=bc2d0c..f1f52e uncles=0 txs=0 gas=0 fees=0 elapsed="786.804µs"
INFO [12-16|16:21:10.530] Commit new sealing work                  number=25 sealhash=bc2d0c..f1f52e uncles=0 txs=0 gas=0 fees=0 elapsed=1.694ms
INFO [12-16|16:21:10.832] Successfully sealed new block            number=25 sealhash=bc2d0c..f1f52e hash=0333be..842f68 elapsed=302.693ms
INFO [12-16|16:21:10.833] "🔨 mined potential block"                number=25 hash=0333be..842f68
INFO [12-16|16:21:10.833] Commit new sealing work                  number=26 sealhash=0268f5..1b8fab uncles=0 txs=0 gas=0 fees=0 elapsed="612.824µs"
INFO [12-16|16:21:10.835] Commit new sealing work                  number=26 sealhash=0268f5..1b8fab uncles=0 txs=0 gas=0 fees=0 elapsed=2.332ms
INFO [12-16|16:21:12.990] Imported new chain segment               number=26 hash=2adba8..26ff5b blocks=1 txs=0 mgas=0.000 elapsed=18.678ms    mgasps=0.000 dirty=14.91KiB
INFO [12-16|16:21:12.992] Commit new sealing work                  number=27 sealhash=321d8c..d5170d uncles=0 txs=0 gas=0 fees=0 elapsed="687.341µs"
INFO [12-16|16:21:13.001] Commit new sealing work                  number=27 sealhash=321d8c..d5170d uncles=0 txs=0 gas=0 fees=0 elapsed=9.780ms
INFO [12-16|16:21:13.600] Imported new chain segment               number=27 hash=f6b899..d4ae3e blocks=1 txs=0 mgas=0.000 elapsed=17.481ms    mgasps=0.000 dirty=15.38KiB
INFO [12-16|16:21:13.602] Commit new sealing work                  number=28 sealhash=b7f33d..4f7c91 uncles=0 txs=0 gas=0 fees=0 elapsed="830.007µs"
INFO [12-16|16:21:13.603] Commit new sealing work                  number=28 sealhash=b7f33d..4f7c91 uncles=0 txs=0 gas=0 fees=0 elapsed=1.903ms
INFO [12-16|16:21:14.460] Imported new chain segment               number=28 hash=c20fd3..b41dfe blocks=1 txs=0 mgas=0.000 elapsed=11.187ms    mgasps=0.000 dirty=15.86KiB
INFO [12-16|16:21:14.462] Commit new sealing work                  number=29 sealhash=f5b721..94b4de uncles=0 txs=0 gas=0 fees=0 elapsed="598.139µs"
INFO [12-16|16:21:14.463] Commit new sealing work                  number=29 sealhash=f5b721..94b4de uncles=0 txs=0 gas=0 fees=0 elapsed=1.550ms
INFO [12-16|16:21:15.887] Successfully sealed new block            number=29 sealhash=f5b721..94b4de hash=44a865..416d9b elapsed=1.424s
INFO [12-16|16:21:15.887] "🔨 mined potential block"                number=29 hash=44a865..416d9b
INFO [12-16|16:21:15.887] Commit new sealing work                  number=30 sealhash=d308b0..2edcc4 uncles=0 txs=0 gas=0 fees=0 elapsed="446.753µs"
INFO [12-16|16:21:15.888] Commit new sealing work                  number=30 sealhash=d308b0..2edcc4 uncles=0 txs=0 gas=0 fees=0 elapsed="817.507µs"
INFO [12-16|16:21:16.492] Successfully sealed new block            number=30 sealhash=d308b0..2edcc4 hash=b84bd6..e4a7e9 elapsed=604.574ms
INFO [12-16|16:21:16.492] "🔗 block reached canonical chain"        number=23 hash=206a93..f64c49
INFO [12-16|16:21:16.492] "🔨 mined potential block"                number=30 hash=b84bd6..e4a7e9
INFO [12-16|16:21:16.493] Commit new sealing work                  number=31 sealhash=fd69f0..fe5e18 uncles=0 txs=0 gas=0 fees=0 elapsed="611.232µs"
INFO [12-16|16:21:16.493] Commit new sealing work                  number=31 sealhash=fd69f0..fe5e18 uncles=0 txs=0 gas=0 fees=0 elapsed="941.801µs"
INFO [12-16|16:21:16.733] Commit new sealing work                  number=31 sealhash=b894b2..756997 uncles=1 txs=0 gas=0 fees=0 elapsed="487.475µs"
INFO [12-16|16:21:16.732] Imported new chain segment               number=29 hash=4e03bb..6f6526 blocks=1 txs=0 mgas=0.000 elapsed=14.380ms    mgasps=0.000 dirty=17.90KiB
INFO [12-16|16:21:18.592] Imported new chain segment               number=31 hash=8b4ac3..b005b0 blocks=1 txs=0 mgas=0.000 elapsed=31.024ms    mgasps=0.000 dirty=18.82KiB
INFO [12-16|16:21:18.594] Commit new sealing work                  number=32 sealhash=91dd10..6bae26 uncles=0 txs=0 gas=0 fees=0 elapsed="569.233µs"
INFO [12-16|16:21:18.596] Commit new sealing work                  number=32 sealhash=91dd10..6bae26 uncles=0 txs=0 gas=0 fees=0 elapsed=2.618ms
INFO [12-16|16:21:20.735] Imported new chain segment               number=32 hash=39a2e6..284918 blocks=1 txs=0 mgas=0.000 elapsed=17.655ms    mgasps=0.000 dirty=19.29KiB
INFO [12-16|16:21:20.737] "🔗 block reached canonical chain"        number=25 hash=0333be..842f68
INFO [12-16|16:21:20.737] Commit new sealing work                  number=33 sealhash=b2e69c..cf8ea3 uncles=0 txs=0 gas=0 fees=0 elapsed="842.636µs"
INFO [12-16|16:21:20.738] Commit new sealing work                  number=33 sealhash=b2e69c..cf8ea3 uncles=0 txs=0 gas=0 fees=0 elapsed=1.469ms
INFO [12-16|16:21:22.164] Successfully sealed new block            number=33 sealhash=b2e69c..cf8ea3 hash=e4ed4f..50e938 elapsed=1.427s
INFO [12-16|16:21:22.164] "🔨 mined potential block"                number=33 hash=e4ed4f..50e938
INFO [12-16|16:21:22.165] Commit new sealing work                  number=34 sealhash=52b7d2..e11918 uncles=0 txs=0 gas=0 fees=0 elapsed="576.269µs"
INFO [12-16|16:21:22.165] Commit new sealing work                  number=34 sealhash=52b7d2..e11918 uncles=0 txs=0 gas=0 fees=0 elapsed="908.116µs"
INFO [12-16|16:21:22.566] Imported new chain segment               number=34 hash=655f9b..967068 blocks=1 txs=0 mgas=0.000 elapsed=12.961ms    mgasps=0.000 dirty=20.45KiB
INFO [12-16|16:21:22.568] Commit new sealing work                  number=35 sealhash=b5729e..2bb86f uncles=0 txs=0 gas=0 fees=0 elapsed="600.658µs"
INFO [12-16|16:21:22.569] Commit new sealing work                  number=35 sealhash=b5729e..2bb86f uncles=0 txs=0 gas=0 fees=0 elapsed=1.668ms
INFO [12-16|16:21:23.462] Successfully sealed new block            number=35 sealhash=b5729e..2bb86f hash=def0d9..2d67cc elapsed=893.821ms
INFO [12-16|16:21:23.462] "🔨 mined potential block"                number=35 hash=def0d9..2d67cc
INFO [12-16|16:21:23.462] Commit new sealing work                  number=36 sealhash=037c73..100351 uncles=0 txs=0 gas=0 fees=0 elapsed="619.473µs"
INFO [12-16|16:21:23.464] Commit new sealing work                  number=36 sealhash=037c73..100351 uncles=0 txs=0 gas=0 fees=0 elapsed=1.798ms
INFO [12-16|16:21:24.740] Successfully sealed new block            number=36 sealhash=037c73..100351 hash=82d6e3..797777 elapsed=1.277s
INFO [12-16|16:21:24.740] "🔗 block reached canonical chain"        number=29 hash=44a865..416d9b
INFO [12-16|16:21:24.740] "🔨 mined potential block"                number=36 hash=82d6e3..797777
INFO [12-16|16:21:24.742] Commit new sealing work                  number=37 sealhash=1707f6..6cee5d uncles=0 txs=0 gas=0 fees=0 elapsed="846.581µs"
INFO [12-16|16:21:24.743] Commit new sealing work                  number=37 sealhash=1707f6..6cee5d uncles=0 txs=0 gas=0 fees=0 elapsed=1.608ms
INFO [12-16|16:21:25.248] Successfully sealed new block            number=37 sealhash=1707f6..6cee5d hash=800f29..1f781c elapsed=506.575ms
INFO [12-16|16:21:25.249] "🔗 block reached canonical chain"        number=30 hash=b84bd6..e4a7e9
INFO [12-16|16:21:25.249] "🔨 mined potential block"                number=37 hash=800f29..1f781c
INFO [12-16|16:21:25.250] Commit new sealing work                  number=38 sealhash=7dc78e..9770d2 uncles=0 txs=0 gas=0 fees=0 elapsed="607.402µs"
INFO [12-16|16:21:25.251] Commit new sealing work                  number=38 sealhash=7dc78e..9770d2 uncles=0 txs=0 gas=0 fees=0 elapsed=1.695ms
INFO [12-16|16:21:26.162] Imported new chain segment               number=38 hash=62f8b9..849354 blocks=1 txs=0 mgas=0.000 elapsed=18.002ms    mgasps=0.000 dirty=22.96KiB
INFO [12-16|16:21:26.166] Commit new sealing work                  number=39 sealhash=f010f2..075f03 uncles=0 txs=0 gas=0 fees=0 elapsed=2.536ms
INFO [12-16|16:21:26.167] Commit new sealing work                  number=39 sealhash=f010f2..075f03 uncles=0 txs=0 gas=0 fees=0 elapsed=3.163ms
INFO [12-16|16:21:31.985] Imported new chain segment               number=39 hash=09770a..65d8e3 blocks=1 txs=0 mgas=0.000 elapsed=14.943ms    mgasps=0.000 dirty=23.44KiB
INFO [12-16|16:21:31.986] Commit new sealing work                  number=40 sealhash=5fbe25..0d2dc2 uncles=0 txs=0 gas=0 fees=0 elapsed="475.644µs"
INFO [12-16|16:21:31.989] Commit new sealing work                  number=40 sealhash=5fbe25..0d2dc2 uncles=0 txs=0 gas=0 fees=0 elapsed=2.820ms
INFO [12-16|16:21:32.191] Successfully sealed new block            number=40 sealhash=5fbe25..0d2dc2 hash=1bc1f1..5ad1e8 elapsed=204.857ms
INFO [12-16|16:21:32.192] "🔗 block reached canonical chain"        number=33 hash=e4ed4f..50e938
INFO [12-16|16:21:32.192] Commit new sealing work                  number=41 sealhash=4258aa..bbdf03 uncles=0 txs=0 gas=0 fees=0 elapsed=1.069ms
INFO [12-16|16:21:32.193] "🔨 mined potential block"                number=40 hash=1bc1f1..5ad1e8
INFO [12-16|16:21:32.194] Commit new sealing work                  number=41 sealhash=4258aa..bbdf03 uncles=0 txs=0 gas=0 fees=0 elapsed=2.286ms
INFO [12-16|16:21:35.475] Imported new chain segment               number=41 hash=07d104..cd4fc3 blocks=1 txs=0 mgas=0.000 elapsed=14.208ms    mgasps=0.000 dirty=24.59KiB
INFO [12-16|16:21:35.477] Commit new sealing work                  number=42 sealhash=8328fc..e9b888 uncles=0 txs=0 gas=0 fees=0 elapsed="811.085µs"
INFO [12-16|16:21:35.478] Commit new sealing work                  number=42 sealhash=8328fc..e9b888 uncles=0 txs=0 gas=0 fees=0 elapsed=1.495ms
INFO [12-16|16:21:35.776] Successfully sealed new block            number=42 sealhash=8328fc..e9b888 hash=3aa0a5..78f685 elapsed=299.157ms
INFO [12-16|16:21:35.777] "🔗 block reached canonical chain"        number=35 hash=def0d9..2d67cc
INFO [12-16|16:21:35.777] "🔨 mined potential block"                number=42 hash=3aa0a5..78f685
INFO [12-16|16:21:35.785] Commit new sealing work                  number=43 sealhash=0acecb..1a3bca uncles=0 txs=0 gas=0 fees=0 elapsed=7.918ms
INFO [12-16|16:21:35.790] Commit new sealing work                  number=43 sealhash=0acecb..1a3bca uncles=0 txs=0 gas=0 fees=0 elapsed=13.265ms
INFO [12-16|16:21:36.040] Imported new chain segment               number=43 hash=0b557e..574b81 blocks=1 txs=0 mgas=0.000 elapsed=13.229ms    mgasps=0.000 dirty=25.75KiB
INFO [12-16|16:21:36.041] "🔗 block reached canonical chain"        number=36 hash=82d6e3..797777
INFO [12-16|16:21:36.041] Commit new sealing work                  number=44 sealhash=147422..626b2a uncles=0 txs=0 gas=0 fees=0 elapsed="907.769µs"
INFO [12-16|16:21:36.042] Commit new sealing work                  number=44 sealhash=147422..626b2a uncles=0 txs=0 gas=0 fees=0 elapsed=1.814ms
INFO [12-16|16:21:36.213] Imported new chain segment               number=44 hash=5040de..088fa9 blocks=1 txs=0 mgas=0.000 elapsed=9.670ms     mgasps=0.000 dirty=26.22KiB
INFO [12-16|16:21:36.214] "🔗 block reached canonical chain"        number=37 hash=800f29..1f781c
INFO [12-16|16:21:36.214] Commit new sealing work                  number=45 sealhash=641c01..438597 uncles=0 txs=0 gas=0 fees=0 elapsed="705.975µs"
INFO [12-16|16:21:36.215] Commit new sealing work                  number=45 sealhash=641c01..438597 uncles=0 txs=0 gas=0 fees=0 elapsed=1.644ms
INFO [12-16|16:21:36.728] Successfully sealed new block            number=45 sealhash=641c01..438597 hash=56b0a6..d7f031 elapsed=513.575ms
INFO [12-16|16:21:36.728] "🔨 mined potential block"                number=45 hash=56b0a6..d7f031
INFO [12-16|16:21:36.729] Commit new sealing work                  number=46 sealhash=321e2d..24398f uncles=0 txs=0 gas=0 fees=0 elapsed=1.258ms
INFO [12-16|16:21:36.730] Commit new sealing work                  number=46 sealhash=321e2d..24398f uncles=0 txs=0 gas=0 fees=0 elapsed=2.312ms
INFO [12-16|16:21:42.003] Imported new chain segment               number=46 hash=a7230c..efaa6c blocks=1 txs=0 mgas=0.000 elapsed=24.792ms    mgasps=0.000 dirty=27.38KiB
INFO [12-16|16:21:42.005] Commit new sealing work                  number=47 sealhash=c98a3d..a4dbb3 uncles=0 txs=0 gas=0 fees=0 elapsed="810.011µs"
INFO [12-16|16:21:42.006] Commit new sealing work                  number=47 sealhash=c98a3d..a4dbb3 uncles=0 txs=0 gas=0 fees=0 elapsed=1.794ms
INFO [12-16|16:21:44.269] Imported new chain segment               number=47 hash=3e0b20..ea651e blocks=1 txs=0 mgas=0.000 elapsed=16.640ms    mgasps=0.000 dirty=27.85KiB
INFO [12-16|16:21:44.270] "🔗 block reached canonical chain"        number=40 hash=1bc1f1..5ad1e8
INFO [12-16|16:21:44.271] Commit new sealing work                  number=48 sealhash=d0a038..860519 uncles=0 txs=0 gas=0 fees=0 elapsed="763.493µs"
INFO [12-16|16:21:44.271] Commit new sealing work                  number=48 sealhash=d0a038..860519 uncles=0 txs=0 gas=0 fees=0 elapsed=1.196ms
INFO [12-16|16:21:44.444] Successfully sealed new block            number=48 sealhash=d0a038..860519 hash=feff47..e21a36 elapsed=173.206ms
INFO [12-16|16:21:44.444] "🔨 mined potential block"                number=48 hash=feff47..e21a36
INFO [12-16|16:21:44.444] Commit new sealing work                  number=49 sealhash=83e677..922ed8 uncles=0 txs=0 gas=0 fees=0 elapsed="574.735µs"
INFO [12-16|16:21:44.445] Commit new sealing work                  number=49 sealhash=83e677..922ed8 uncles=0 txs=0 gas=0 fees=0 elapsed=1.351ms
INFO [12-16|16:21:46.224] Imported new chain segment               number=49 hash=216393..573be1 blocks=1 txs=0 mgas=0.000 elapsed=12.217ms    mgasps=0.000 dirty=29.01KiB
INFO [12-16|16:21:46.226] "🔗 block reached canonical chain"        number=42 hash=3aa0a5..78f685
INFO [12-16|16:21:46.227] Commit new sealing work                  number=50 sealhash=e5ce14..114ee1 uncles=0 txs=0 gas=0 fees=0 elapsed=1.876ms
INFO [12-16|16:21:46.229] Commit new sealing work                  number=50 sealhash=e5ce14..114ee1 uncles=0 txs=0 gas=0 fees=0 elapsed=3.324ms
INFO [12-16|16:21:46.366] Imported new chain segment               number=50 hash=53cb2a..565973 blocks=1 txs=0 mgas=0.000 elapsed=14.844ms    mgasps=0.000 dirty=29.48KiB
INFO [12-16|16:21:46.368] Commit new sealing work                  number=51 sealhash=9dc1bd..254d05 uncles=0 txs=0 gas=0 fees=0 elapsed="598.476µs"
INFO [12-16|16:21:46.368] Commit new sealing work                  number=51 sealhash=9dc1bd..254d05 uncles=0 txs=0 gas=0 fees=0 elapsed=1.044ms
