INFO [12-16|16:09:21.901] Maximum peer count                       ETH=50 LES=0 total=50
INFO [12-16|16:09:21.906] Smartcard socket not found, disabling    err="stat /run/pcscd/pcscd.comm: no such file or directory"
INFO [12-16|16:09:21.914] Set global gas cap                       cap=50,000,000
INFO [12-16|16:09:21.920] Allocated trie memory caches             clean=154.00MiB dirty=256.00MiB
INFO [12-16|16:09:21.921] Using leveldb as the backing database 
INFO [12-16|16:09:21.921] Allocated cache and file handles         database=/home/raspberry-node/.testchain44/geth/chaindata cache=512.00MiB handles=524,288
INFO [12-16|16:09:22.166] Using LevelDB as the backing database 
INFO [12-16|16:09:22.168] Opened ancient database                  database=/home/raspberry-node/.testchain44/geth/chaindata/ancient/chain readonly=false
INFO [12-16|16:09:22.169] Disk storage enabled for ethash caches   dir=/home/raspberry-node/.testchain44/geth/ethash count=3
INFO [12-16|16:09:22.170] Disk storage enabled for ethash DAGs     dir=/home/raspberry-node/.ethash count=2
INFO [12-16|16:09:22.170] Initialising Ethereum protocol           network=42 dbversion=<nil>
INFO [12-16|16:09:22.171]  
INFO [12-16|16:09:22.172] --------------------------------------------------------------------------------------------------------------------------------------------------------- 
INFO [12-16|16:09:22.172] Chain ID:  4308 (unknown) 
INFO [12-16|16:09:22.172] Consensus: Ethash (proof-of-work) 
INFO [12-16|16:09:22.173]  
INFO [12-16|16:09:22.173] Pre-Merge hard forks (block based): 
INFO [12-16|16:09:22.173]  - Homestead:                   #0        (https://github.com/ethereum/execution-specs/blob/master/network-upgrades/mainnet-upgrades/homestead.md) 
INFO [12-16|16:09:22.173]  - Tangerine Whistle (EIP 150): #0        (https://github.com/ethereum/execution-specs/blob/master/network-upgrades/mainnet-upgrades/tangerine-whistle.md) 
INFO [12-16|16:09:22.173]  - Spurious Dragon/1 (EIP 155): #0        (https://github.com/ethereum/execution-specs/blob/master/network-upgrades/mainnet-upgrades/spurious-dragon.md) 
INFO [12-16|16:09:22.173]  - Spurious Dragon/2 (EIP 158): #0        (https://github.com/ethereum/execution-specs/blob/master/network-upgrades/mainnet-upgrades/spurious-dragon.md) 
INFO [12-16|16:09:22.173]  - Byzantium:                   #0        (https://github.com/ethereum/execution-specs/blob/master/network-upgrades/mainnet-upgrades/byzantium.md) 
INFO [12-16|16:09:22.174]  - Constantinople:              #0        (https://github.com/ethereum/execution-specs/blob/master/network-upgrades/mainnet-upgrades/constantinople.md) 
INFO [12-16|16:09:22.174]  - Petersburg:                  #0        (https://github.com/ethereum/execution-specs/blob/master/network-upgrades/mainnet-upgrades/petersburg.md) 
INFO [12-16|16:09:22.174]  - Istanbul:                    #0        (https://github.com/ethereum/execution-specs/blob/master/network-upgrades/mainnet-upgrades/istanbul.md) 
INFO [12-16|16:09:22.174]  - Berlin:                      #0        (https://github.com/ethereum/execution-specs/blob/master/network-upgrades/mainnet-upgrades/berlin.md) 
INFO [12-16|16:09:22.174]  - London:                      #<nil> (https://github.com/ethereum/execution-specs/blob/master/network-upgrades/mainnet-upgrades/london.md) 
INFO [12-16|16:09:22.174]  
INFO [12-16|16:09:22.175] The Merge is not yet available for this network! 
INFO [12-16|16:09:22.175]  - Hard-fork specification: https://github.com/ethereum/execution-specs/blob/master/network-upgrades/mainnet-upgrades/paris.md 
INFO [12-16|16:09:22.175]  
INFO [12-16|16:09:22.175] Post-Merge hard forks (timestamp based): 
INFO [12-16|16:09:22.175]  
INFO [12-16|16:09:22.175] --------------------------------------------------------------------------------------------------------------------------------------------------------- 
INFO [12-16|16:09:22.175]  
INFO [12-16|16:09:22.176] Loaded most recent local block           number=0 hash=2aebf2..35d131 td=2500 age=54y8mo3w
WARN [12-16|16:09:22.177] Failed to load snapshot                  err="missing or corrupted snapshot"
INFO [12-16|16:09:22.177] Rebuilding state snapshot 
INFO [12-16|16:09:22.178] Resuming state snapshot generation       root=56e81f..63b421 accounts=0 slots=0 storage=0.00B dangling=0 elapsed="681.786µs"
INFO [12-16|16:09:22.178] Generated state snapshot                 accounts=0 slots=0 storage=0.00B dangling=0 elapsed=1.230ms
INFO [12-16|16:09:22.179] Regenerated local transaction journal    transactions=0 accounts=0
INFO [12-16|16:09:22.180] Gasprice oracle is ignoring threshold set threshold=2
WARN [12-16|16:09:22.180] Error reading unclean shutdown markers   error="leveldb: not found"
WARN [12-16|16:09:22.180] Engine API enabled                       protocol=eth
WARN [12-16|16:09:22.180] Engine API started but chain not configured for merge yet 
INFO [12-16|16:09:22.181] Starting peer-to-peer node               instance=Geth/v1.11.6-stable-ea9e62ca/linux-arm64/go1.20.5
INFO [12-16|16:09:22.210] New local node record                    seq=1,702,739,362,207 id=966a1a3531b18f45 ip=127.0.0.1 udp=0 tcp=4242
INFO [12-16|16:09:22.210] Started P2P networking                   self="enode://2ee30d5e2755bf051b61efd4bab684303a07c20597f758c187d156c39d34c6d2cb50734cc1c06ccc9041df476815877c70c4730ded64885cbe7b2026710cb6a1@127.0.0.1:4242?discport=0"
INFO [12-16|16:09:22.211] IPC endpoint opened                      url=/home/raspberry-node/.testchain44/geth.ipc
INFO [12-16|16:09:22.212] Generated JWT secret                     path=/home/raspberry-node/.testchain44/geth/jwtsecret
INFO [12-16|16:09:22.214] WebSocket enabled                        url=ws://127.0.0.1:8551
INFO [12-16|16:09:22.215] HTTP server started                      endpoint=127.0.0.1:8551 auth=true prefix= cors=localhost vhosts=localhost
Welcome to the Geth JavaScript console!

instance: Geth/v1.11.6-stable-ea9e62ca/linux-arm64/go1.20.5
coinbase: 0x937ad36f04f2fb09ce37375b60c4b72e5762686e
at block: 0 (Thu Jan 01 1970 01:00:00 GMT+0100 (CET))
 datadir: /home/raspberry-node/.testchain44
 modules: admin:1.0 debug:1.0 engine:1.0 eth:1.0 ethash:1.0 miner:1.0 net:1.0 rpc:1.0 txpool:1.0 web3:1.0

To exit, press ctrl-d or type exit
> INFO [12-16|16:09:53.126] Updated mining threads                   threads=1
INFO [12-16|16:09:53.126] Transaction pool price threshold updated price=1,000,000,000
INFO [12-16|16:09:53.127] Commit new sealing work                  number=1 sealhash=aa9108..cb4e97 uncles=0 txs=0 gas=0 fees=0 elapsed="999.837µs"
INFO [12-16|16:09:53.128] Commit new sealing work                  number=1 sealhash=aa9108..cb4e97 uncles=0 txs=0 gas=0 fees=0 elapsed=2.323ms
INFO [12-16|16:10:00.156] Successfully sealed new block            number=1 sealhash=aa9108..cb4e97 hash=7e6ac1..4e3967 elapsed=7.029s
INFO [12-16|16:10:00.156] "🔨 mined potential block"                number=1 hash=7e6ac1..4e3967
INFO [12-16|16:10:00.157] Commit new sealing work                  number=2 sealhash=7ff86a..833b21 uncles=0 txs=0 gas=0 fees=0 elapsed="415.957µs"
INFO [12-16|16:10:00.158] Commit new sealing work                  number=2 sealhash=7ff86a..833b21 uncles=0 txs=0 gas=0 fees=0 elapsed=1.086ms
INFO [12-16|16:10:02.582] Successfully sealed new block            number=2 sealhash=7ff86a..833b21 hash=20ec0c..d2b1ea elapsed=2.425s
INFO [12-16|16:10:02.583] "🔨 mined potential block"                number=2 hash=20ec0c..d2b1ea
INFO [12-16|16:10:02.583] Commit new sealing work                  number=3 sealhash=0cde73..95d678 uncles=0 txs=0 gas=0 fees=0 elapsed="448.438µs"
INFO [12-16|16:10:02.583] Commit new sealing work                  number=3 sealhash=0cde73..95d678 uncles=0 txs=0 gas=0 fees=0 elapsed="872.043µs"
WARN [12-16|16:10:02.821] Snap syncing, discarded propagated block number=1 hash=c47c37..111dce
WARN [12-16|16:10:02.839] Snap syncing, discarded propagated block number=1 hash=e2f004..8fd07d
WARN [12-16|16:10:02.840] Snap syncing, discarded propagated block number=1 hash=d4ec96..9bd4c8
WARN [12-16|16:10:02.841] Snap syncing, discarded propagated block number=1 hash=e754ee..f72de8
WARN [12-16|16:10:02.844] Snap syncing, discarded propagated block number=1 hash=005b12..5197d4
WARN [12-16|16:10:02.853] Snap syncing, discarded propagated block number=1 hash=0aeeae..66f276
INFO [12-16|16:10:05.810] Successfully sealed new block            number=3 sealhash=0cde73..95d678 hash=848af1..268a91 elapsed=3.227s
INFO [12-16|16:10:05.810] "🔨 mined potential block"                number=3 hash=848af1..268a91
INFO [12-16|16:10:05.811] Commit new sealing work                  number=4 sealhash=2db936..eb1295 uncles=0 txs=0 gas=0 fees=0 elapsed="419.753µs"
INFO [12-16|16:10:05.811] Commit new sealing work                  number=4 sealhash=2db936..eb1295 uncles=0 txs=0 gas=0 fees=0 elapsed="647.898µs"
INFO [12-16|16:10:06.057] Looking for peers                        peercount=2 tried=1 static=1
INFO [12-16|16:10:06.169] Successfully sealed new block            number=4 sealhash=2db936..eb1295 hash=7180bf..80e293 elapsed=358.439ms
INFO [12-16|16:10:06.169] "🔨 mined potential block"                number=4 hash=7180bf..80e293
INFO [12-16|16:10:06.170] Commit new sealing work                  number=5 sealhash=b31936..a0d899 uncles=0 txs=0 gas=0 fees=0 elapsed="456.697µs"
INFO [12-16|16:10:06.170] Commit new sealing work                  number=5 sealhash=b31936..a0d899 uncles=0 txs=0 gas=0 fees=0 elapsed="911.931µs"
INFO [12-16|16:10:10.242] Successfully sealed new block            number=5 sealhash=b31936..a0d899 hash=a5f583..e1ba87 elapsed=4.071s
INFO [12-16|16:10:10.242] "🔨 mined potential block"                number=5 hash=a5f583..e1ba87
INFO [12-16|16:10:10.242] Commit new sealing work                  number=6 sealhash=f18735..714580 uncles=0 txs=0 gas=0 fees=0 elapsed="510.437µs"
INFO [12-16|16:10:10.243] Commit new sealing work                  number=6 sealhash=f18735..714580 uncles=0 txs=0 gas=0 fees=0 elapsed=1.055ms
INFO [12-16|16:10:12.769] Successfully sealed new block            number=6 sealhash=f18735..714580 hash=6b6593..995799 elapsed=2.526s
INFO [12-16|16:10:12.769] "🔨 mined potential block"                number=6 hash=6b6593..995799
INFO [12-16|16:10:12.770] Commit new sealing work                  number=7 sealhash=056e79..a35eab uncles=0 txs=0 gas=0 fees=0 elapsed="411.253µs"
INFO [12-16|16:10:12.771] Commit new sealing work                  number=7 sealhash=056e79..a35eab uncles=0 txs=0 gas=0 fees=0 elapsed="972.578µs"
INFO [12-16|16:10:14.537] Successfully sealed new block            number=7 sealhash=056e79..a35eab hash=41c843..7b9a09 elapsed=1.766s
INFO [12-16|16:10:14.538] "🔨 mined potential block"                number=7 hash=41c843..7b9a09
INFO [12-16|16:10:14.539] Commit new sealing work                  number=8 sealhash=dfc2ae..67679f uncles=0 txs=0 gas=0 fees=0 elapsed=1.420ms
INFO [12-16|16:10:14.541] Commit new sealing work                  number=8 sealhash=dfc2ae..67679f uncles=0 txs=0 gas=0 fees=0 elapsed=3.383ms
WARN [12-16|16:10:16.472] Snap syncing, discarded propagated block number=8 hash=77ac0e..6f35a2
INFO [12-16|16:10:18.328] Block synchronisation started 
INFO [12-16|16:10:18.328] Mining aborted due to sync 
INFO [12-16|16:10:18.417] Syncing: state download in progress      synced=79.18% state=194.00B accounts=1@194.00B slots=0@0.00B codes=0@0.00B eta=18.151ms
INFO [12-16|16:10:18.422] Syncing: chain download in progress      synced=100.00% chain=18.00B headers=9@6.00B bodies=7@6.00B receipts=7@6.00B eta=0s
INFO [12-16|16:10:18.424] Syncing: state download in progress      synced=94.17%  state=194.00B accounts=1@194.00B slots=0@0.00B codes=0@0.00B eta=4.695ms
WARN [12-16|16:10:18.427] Unexpected account range packet          peer=e2711b42 reqid=8,857,404,403,225,627,423
INFO [12-16|16:10:18.431] Syncing: state download in progress      synced=100.00% state=194.00B accounts=1@194.00B slots=0@0.00B codes=0@0.00B eta=-151ns
INFO [12-16|16:10:18.431] Syncing: state healing in progress       accounts=0@0.00B   slots=0@0.00B codes=0@0.00B nodes=0@0.00B pending=0
INFO [12-16|16:10:18.434] Rebuilding state snapshot 
INFO [12-16|16:10:18.434] Committed new head block                 number=7 hash=41c843..7b9a09
INFO [12-16|16:10:18.435] Resuming state snapshot generation       root=58e74d..f7ba24 accounts=0         slots=0       storage=0.00B dangling=0 elapsed="751.415µs"
INFO [12-16|16:10:18.435] Generated state snapshot                 accounts=1         slots=0       storage=47.00B dangling=0 elapsed=1.321ms
INFO [12-16|16:10:18.448] Imported new chain segment               number=9 hash=b13b51..a1732d blocks=2 txs=0 mgas=0.000 elapsed=13.707ms    mgasps=0.000 dirty=2.78KiB
INFO [12-16|16:10:19.447] Successfully sealed new block            number=8 sealhash=dfc2ae..67679f hash=f6bdae..8ba305 elapsed=4.908s
INFO [12-16|16:10:19.448] "🔗 block reached canonical chain"        number=1 hash=7e6ac1..4e3967
INFO [12-16|16:10:19.448] "🔨 mined potential block"                number=8 hash=f6bdae..8ba305
INFO [12-16|16:10:21.384] Syncing: chain download in progress      synced=128.57% chain=18.00B headers=9@6.00B bodies=9@6.00B receipts=9@6.00B eta=-658.407ms
INFO [12-16|16:10:21.384] Snap sync complete, auto disabling 
INFO [12-16|16:10:21.385] "🔗 block reached canonical chain"        number=2 hash=20ec0c..d2b1ea
INFO [12-16|16:10:21.385] Commit new sealing work                  number=10 sealhash=541e0a..869513 uncles=1 txs=0 gas=0 fees=0 elapsed="634.564µs"
INFO [12-16|16:10:21.385] Commit new sealing work                  number=10 sealhash=541e0a..869513 uncles=1 txs=0 gas=0 fees=0 elapsed=1.071ms
WARN [12-16|16:10:22.430] Failed to load old bad blocks            error="leveldb: not found"
ERROR[12-16|16:10:22.431] 
########## BAD BLOCK #########
Block: 10 (0x75961d78be76a8ab233478b3e7203658f8783a34f833c2a197a3015518b302fd)
Error: invalid merkle root (remote: 94864743273ad1b70ec84e51d490205a4e6dca45b1017d9f80d3185256d417ce local: 6579355dd18a18e50a6527e93f8958c60b3f9db0dd50da30c5badae19c5ae16b) dberr: %!w(<nil>)
Platform: geth (devel) go1.20.5 arm64 linux
VCS: ea9e62ca-20230420
Chain config: &params.ChainConfig{ChainID:4308, HomesteadBlock:0, DAOForkBlock:<nil>, DAOForkSupport:false, EIP150Block:0, EIP155Block:0, EIP158Block:0, ByzantiumBlock:0, ConstantinopleBlock:0, PetersburgBlock:0, IstanbulBlock:0, MuirGlacierBlock:<nil>, BerlinBlock:0, LondonBlock:<nil>, ArrowGlacierBlock:<nil>, GrayGlacierBlock:<nil>, MergeNetsplitBlock:<nil>, ShanghaiTime:(*uint64)(nil), CancunTime:(*uint64)(nil), PragueTime:(*uint64)(nil), TerminalTotalDifficulty:<nil>, TerminalTotalDifficultyPassed:false, Ethash:(*params.EthashConfig)(0x277f268), Clique:(*params.CliqueConfig)(nil)}
Receipts: 
##############################
 
INFO [12-16|16:10:24.660] Imported new chain segment               number=10 hash=bb9fba..b47119 blocks=1 txs=0 mgas=0.000 elapsed=28.782ms    mgasps=0.000 dirty=3.73KiB
INFO [12-16|16:10:24.662] "🔗 block reached canonical chain"        number=3  hash=848af1..268a91
INFO [12-16|16:10:24.662] Commit new sealing work                  number=11 sealhash=6c2433..dca0bc uncles=0 txs=0 gas=0 fees=0 elapsed="786.34µs"
INFO [12-16|16:10:24.664] Commit new sealing work                  number=11 sealhash=6c2433..dca0bc uncles=0 txs=0 gas=0 fees=0 elapsed=2.661ms
INFO [12-16|16:10:26.102] Successfully sealed new block            number=11 sealhash=6c2433..dca0bc hash=e5bf02..0be475 elapsed=1.440s
INFO [12-16|16:10:26.103] "🔗 block reached canonical chain"        number=4  hash=7180bf..80e293
INFO [12-16|16:10:26.104] "🔨 mined potential block"                number=11 hash=e5bf02..0be475
INFO [12-16|16:10:26.105] Commit new sealing work                  number=12 sealhash=01c209..2a4d54 uncles=0 txs=0 gas=0 fees=0 elapsed=2.455ms
INFO [12-16|16:10:26.106] Commit new sealing work                  number=12 sealhash=01c209..2a4d54 uncles=0 txs=0 gas=0 fees=0 elapsed=3.667ms
INFO [12-16|16:10:33.766] Imported new chain segment               number=12 hash=3bc634..d5fc95 blocks=1 txs=0 mgas=0.000 elapsed=19.938ms    mgasps=0.000 dirty=4.68KiB
INFO [12-16|16:10:33.769] "🔗 block reached canonical chain"        number=5  hash=a5f583..e1ba87
INFO [12-16|16:10:33.769] Commit new sealing work                  number=13 sealhash=3cf716..991f0b uncles=0 txs=0 gas=0 fees=0 elapsed="917.876µs"
INFO [12-16|16:10:33.769] Commit new sealing work                  number=13 sealhash=3cf716..991f0b uncles=0 txs=0 gas=0 fees=0 elapsed=1.519ms
INFO [12-16|16:10:35.172] Imported new chain segment               number=13 hash=8b8647..965a81 blocks=1 txs=0 mgas=0.000 elapsed=13.718ms    mgasps=0.000 dirty=5.15KiB
INFO [12-16|16:10:35.173] "🔗 block reached canonical chain"        number=6  hash=6b6593..995799
INFO [12-16|16:10:35.174] Commit new sealing work                  number=14 sealhash=30c682..f7f159 uncles=0 txs=0 gas=0 fees=0 elapsed=1.361ms
INFO [12-16|16:10:35.175] Commit new sealing work                  number=14 sealhash=30c682..f7f159 uncles=0 txs=0 gas=0 fees=0 elapsed=2.469ms
INFO [12-16|16:10:35.307] Successfully sealed new block            number=14 sealhash=30c682..f7f159 hash=e94741..d4e55f elapsed=133.338ms
INFO [12-16|16:10:35.307] "🔗 block reached canonical chain"        number=7  hash=41c843..7b9a09
INFO [12-16|16:10:35.308] "🔨 mined potential block"                number=14 hash=e94741..d4e55f
INFO [12-16|16:10:35.309] Commit new sealing work                  number=15 sealhash=4b96ee..ed7b17 uncles=0 txs=0 gas=0 fees=0 elapsed=1.875ms
INFO [12-16|16:10:35.310] Commit new sealing work                  number=15 sealhash=4b96ee..ed7b17 uncles=0 txs=0 gas=0 fees=0 elapsed=2.810ms
INFO [12-16|16:10:43.276] Imported new chain segment               number=15 hash=26676b..085a1a blocks=1 txs=0 mgas=0.000 elapsed=14.994ms    mgasps=0.000 dirty=6.10KiB
INFO [12-16|16:10:43.277] "⑂ block became an uncle"                number=8  hash=f6bdae..8ba305
INFO [12-16|16:10:43.277] Commit new sealing work                  number=16 sealhash=81e87b..a6cc4e uncles=0 txs=0 gas=0 fees=0 elapsed="803.044µs"
INFO [12-16|16:10:43.278] Commit new sealing work                  number=16 sealhash=81e87b..a6cc4e uncles=0 txs=0 gas=0 fees=0 elapsed=1.531ms
INFO [12-16|16:10:52.386] Imported new chain segment               number=16 hash=7978fd..ee625c blocks=1 txs=0 mgas=0.000 elapsed=13.444ms    mgasps=0.000 dirty=6.57KiB
INFO [12-16|16:10:52.388] Commit new sealing work                  number=17 sealhash=26d80c..a28243 uncles=0 txs=0 gas=0 fees=0 elapsed="582.195µs"
INFO [12-16|16:10:52.389] Commit new sealing work                  number=17 sealhash=26d80c..a28243 uncles=0 txs=0 gas=0 fees=0 elapsed=1.663ms
INFO [12-16|16:10:56.109] Successfully sealed new block            number=17 sealhash=26d80c..a28243 hash=706c60..45e4d0 elapsed=3.720s
INFO [12-16|16:10:56.110] "🔨 mined potential block"                number=17 hash=706c60..45e4d0
INFO [12-16|16:10:56.110] Commit new sealing work                  number=18 sealhash=c1a2db..24d897 uncles=0 txs=0 gas=0 fees=0 elapsed="842.08µs"
INFO [12-16|16:10:56.111] Commit new sealing work                  number=18 sealhash=c1a2db..24d897 uncles=0 txs=0 gas=0 fees=0 elapsed=1.752ms
INFO [12-16|16:10:56.496] Commit new sealing work                  number=18 sealhash=d0b0c7..57291b uncles=1 txs=0 gas=0 fees=0 elapsed="391.235µs"
INFO [12-16|16:10:56.495] Imported new chain segment               number=17 hash=fe4315..c6e272 blocks=1 txs=0 mgas=0.000 elapsed=13.507ms    mgasps=0.000 dirty=7.52KiB
INFO [12-16|16:10:56.612] Looking for peers                        peercount=1 tried=0 static=1
INFO [12-16|16:10:56.966] Chain reorg detected                     number=16 hash=7978fd..ee625c drop=1 dropfrom=706c60..45e4d0 add=2 addfrom=6fca1b..44e780
INFO [12-16|16:10:56.967] Imported new chain segment               number=18 hash=6fca1b..44e780 blocks=1 txs=0 mgas=0.000 elapsed=29.656ms    mgasps=0.000 dirty=8.23KiB
INFO [12-16|16:10:56.969] "🔗 block reached canonical chain"        number=11 hash=e5bf02..0be475
INFO [12-16|16:10:56.969] Commit new sealing work                  number=19 sealhash=0e27c5..049b26 uncles=0 txs=0 gas=0 fees=0 elapsed="687.602µs"
INFO [12-16|16:10:56.970] Commit new sealing work                  number=19 sealhash=0e27c5..049b26 uncles=0 txs=0 gas=0 fees=0 elapsed=1.114ms
INFO [12-16|16:10:57.219] Imported new chain segment               number=19 hash=4436e4..1102b0 blocks=1 txs=0 mgas=0.000 elapsed=15.348ms    mgasps=0.000 dirty=8.71KiB
INFO [12-16|16:10:57.221] Commit new sealing work                  number=20 sealhash=e29cf0..d49626 uncles=0 txs=0 gas=0 fees=0 elapsed=1.130ms
INFO [12-16|16:10:57.222] Commit new sealing work                  number=20 sealhash=e29cf0..d49626 uncles=0 txs=0 gas=0 fees=0 elapsed=1.948ms
INFO [12-16|16:11:02.246] Successfully sealed new block            number=20 sealhash=e29cf0..d49626 hash=1b225a..aa16b3 elapsed=5.024s
INFO [12-16|16:11:02.246] "🔨 mined potential block"                number=20 hash=1b225a..aa16b3
INFO [12-16|16:11:02.248] Commit new sealing work                  number=21 sealhash=63b0a5..cbf785 uncles=0 txs=0 gas=0 fees=0 elapsed=2.406ms
INFO [12-16|16:11:02.251] Commit new sealing work                  number=21 sealhash=63b0a5..cbf785 uncles=0 txs=0 gas=0 fees=0 elapsed=5.867ms
INFO [12-16|16:11:02.982] Successfully sealed new block            number=21 sealhash=63b0a5..cbf785 hash=dedcdc..28ee77 elapsed=734.636ms
INFO [12-16|16:11:02.982] "🔗 block reached canonical chain"        number=14 hash=e94741..d4e55f
INFO [12-16|16:11:02.982] "🔨 mined potential block"                number=21 hash=dedcdc..28ee77
INFO [12-16|16:11:02.983] Commit new sealing work                  number=22 sealhash=556982..a7e8f8 uncles=0 txs=0 gas=0 fees=0 elapsed="837.784µs"
INFO [12-16|16:11:02.984] Commit new sealing work                  number=22 sealhash=556982..a7e8f8 uncles=0 txs=0 gas=0 fees=0 elapsed=1.185ms
ERROR[12-16|16:11:04.325] 
########## BAD BLOCK #########
Block: 22 (0xc2adf3ab02895c960497f15441ff706b97c99cb3ec81766b4ea57cb1df38ba7e)
Error: invalid merkle root (remote: 3d8809e472a61a93163aa48fe8ebbc05c31888f5f72ff8e7ebe4030ea156d4db local: 6af95d69c54148f168482274af9feb9a2c1e0aad9a7cd0e9b61b64f806d645b0) dberr: %!w(<nil>)
Platform: geth (devel) go1.20.5 arm64 linux
VCS: ea9e62ca-20230420
Chain config: &params.ChainConfig{ChainID:4308, HomesteadBlock:0, DAOForkBlock:<nil>, DAOForkSupport:false, EIP150Block:0, EIP155Block:0, EIP158Block:0, ByzantiumBlock:0, ConstantinopleBlock:0, PetersburgBlock:0, IstanbulBlock:0, MuirGlacierBlock:<nil>, BerlinBlock:0, LondonBlock:<nil>, ArrowGlacierBlock:<nil>, GrayGlacierBlock:<nil>, MergeNetsplitBlock:<nil>, ShanghaiTime:(*uint64)(nil), CancunTime:(*uint64)(nil), PragueTime:(*uint64)(nil), TerminalTotalDifficulty:<nil>, TerminalTotalDifficultyPassed:false, Ethash:(*params.EthashConfig)(0x277f268), Clique:(*params.CliqueConfig)(nil)}
Receipts: 
##############################
 
INFO [12-16|16:11:06.526] Successfully sealed new block            number=22 sealhash=556982..a7e8f8 hash=cc3ef1..a5cb61 elapsed=3.542s
INFO [12-16|16:11:06.526] "🔨 mined potential block"                number=22 hash=cc3ef1..a5cb61
INFO [12-16|16:11:06.527] Commit new sealing work                  number=23 sealhash=31fd7b..2ed2ee uncles=0 txs=0 gas=0 fees=0 elapsed="519.992µs"
INFO [12-16|16:11:06.527] Commit new sealing work                  number=23 sealhash=31fd7b..2ed2ee uncles=0 txs=0 gas=0 fees=0 elapsed=1.071ms
INFO [12-16|16:11:12.561] Imported new chain segment               number=23 hash=a326aa..54b6b4 blocks=1 txs=0 mgas=0.000 elapsed=17.152ms    mgasps=0.000 dirty=10.60KiB
INFO [12-16|16:11:12.577] Commit new sealing work                  number=24 sealhash=2d8286..5dcc91 uncles=0 txs=0 gas=0 fees=0 elapsed=15.599ms
INFO [12-16|16:11:12.578] Commit new sealing work                  number=24 sealhash=2d8286..5dcc91 uncles=0 txs=0 gas=0 fees=0 elapsed=16.481ms
INFO [12-16|16:11:13.225] Imported new chain segment               number=24 hash=a983e7..e64e5e blocks=1 txs=0 mgas=0.000 elapsed=21.079ms    mgasps=0.000 dirty=11.08KiB
INFO [12-16|16:11:13.228] "⑂ block became an uncle"                number=17 hash=706c60..45e4d0
INFO [12-16|16:11:13.228] Commit new sealing work                  number=25 sealhash=1f027a..cd150b uncles=0 txs=0 gas=0 fees=0 elapsed=1.333ms
INFO [12-16|16:11:13.229] Commit new sealing work                  number=25 sealhash=1f027a..cd150b uncles=0 txs=0 gas=0 fees=0 elapsed=2.009ms
INFO [12-16|16:11:15.059] Successfully sealed new block            number=25 sealhash=1f027a..cd150b hash=04f53a..98746c elapsed=1.831s
INFO [12-16|16:11:15.059] "🔨 mined potential block"                number=25 hash=04f53a..98746c
INFO [12-16|16:11:15.060] Commit new sealing work                  number=26 sealhash=8fe20c..55a012 uncles=0 txs=0 gas=0 fees=0 elapsed="551.788µs"
INFO [12-16|16:11:15.060] Commit new sealing work                  number=26 sealhash=8fe20c..55a012 uncles=0 txs=0 gas=0 fees=0 elapsed=1.046ms
ERROR[12-16|16:11:18.378] 
########## BAD BLOCK #########
Block: 26 (0xb47a69472c762648c0e46ab71724871a7fb14eab3687b4694b4275a001f21971)
Error: invalid merkle root (remote: f55b192bce5573c0243deff559b9a1ffa1f961aa28bc1c0de2abb933ff46f918 local: 939b10b64da36f949bf2d031f60b3983f9aa4283432c9ef87237aba0ceaa3f00) dberr: %!w(<nil>)
Platform: geth (devel) go1.20.5 arm64 linux
VCS: ea9e62ca-20230420
Chain config: &params.ChainConfig{ChainID:4308, HomesteadBlock:0, DAOForkBlock:<nil>, DAOForkSupport:false, EIP150Block:0, EIP155Block:0, EIP158Block:0, ByzantiumBlock:0, ConstantinopleBlock:0, PetersburgBlock:0, IstanbulBlock:0, MuirGlacierBlock:<nil>, BerlinBlock:0, LondonBlock:<nil>, ArrowGlacierBlock:<nil>, GrayGlacierBlock:<nil>, MergeNetsplitBlock:<nil>, ShanghaiTime:(*uint64)(nil), CancunTime:(*uint64)(nil), PragueTime:(*uint64)(nil), TerminalTotalDifficulty:<nil>, TerminalTotalDifficultyPassed:false, Ethash:(*params.EthashConfig)(0x277f268), Clique:(*params.CliqueConfig)(nil)}
Receipts: 
##############################
 
INFO [12-16|16:11:21.439] Commit new sealing work                  number=27 sealhash=5d363a..1213fc uncles=0 txs=0 gas=0 fees=0 elapsed="631.75µs"
INFO [12-16|16:11:21.439] Commit new sealing work                  number=27 sealhash=5d363a..1213fc uncles=0 txs=0 gas=0 fees=0 elapsed=1.108ms
INFO [12-16|16:11:21.438] Successfully sealed new block            number=26 sealhash=8fe20c..55a012 hash=f82a04..365279 elapsed=6.378s
INFO [12-16|16:11:21.440] "🔨 mined potential block"                number=26 hash=f82a04..365279
INFO [12-16|16:11:22.052] Imported new chain segment               number=27 hash=7d1b3d..eb137c blocks=1 txs=0 mgas=0.000 elapsed=18.657ms    mgasps=0.000 dirty=12.50KiB
INFO [12-16|16:11:22.055] "🔗 block reached canonical chain"        number=20 hash=1b225a..aa16b3
INFO [12-16|16:11:22.055] Commit new sealing work                  number=28 sealhash=cb229a..81ae8b uncles=0 txs=0 gas=0 fees=0 elapsed="922.524µs"
INFO [12-16|16:11:22.056] Commit new sealing work                  number=28 sealhash=cb229a..81ae8b uncles=0 txs=0 gas=0 fees=0 elapsed=1.372ms
ERROR[12-16|16:11:23.114] 
########## BAD BLOCK #########
Block: 28 (0xf703e3e7cf17a8f645a465c77eba610729a45cced8d59a544c5bc9c847fbcfd3)
Error: invalid merkle root (remote: e4d07bcbaa64aba9af8618664ee445562d854ae600409cdbccd3eef6c1d010da local: ffb8fb72bec60578e868421f7eca39887773e652eb923c1528271d15429e1f71) dberr: %!w(<nil>)
Platform: geth (devel) go1.20.5 arm64 linux
VCS: ea9e62ca-20230420
Chain config: &params.ChainConfig{ChainID:4308, HomesteadBlock:0, DAOForkBlock:<nil>, DAOForkSupport:false, EIP150Block:0, EIP155Block:0, EIP158Block:0, ByzantiumBlock:0, ConstantinopleBlock:0, PetersburgBlock:0, IstanbulBlock:0, MuirGlacierBlock:<nil>, BerlinBlock:0, LondonBlock:<nil>, ArrowGlacierBlock:<nil>, GrayGlacierBlock:<nil>, MergeNetsplitBlock:<nil>, ShanghaiTime:(*uint64)(nil), CancunTime:(*uint64)(nil), PragueTime:(*uint64)(nil), TerminalTotalDifficulty:<nil>, TerminalTotalDifficultyPassed:false, Ethash:(*params.EthashConfig)(0x277f268), Clique:(*params.CliqueConfig)(nil)}
Receipts: 
##############################
 
INFO [12-16|16:11:24.610] Successfully sealed new block            number=28 sealhash=cb229a..81ae8b hash=d3691e..75864b elapsed=2.554s
INFO [12-16|16:11:24.610] "🔗 block reached canonical chain"        number=21 hash=dedcdc..28ee77
INFO [12-16|16:11:24.610] "🔨 mined potential block"                number=28 hash=d3691e..75864b
INFO [12-16|16:11:24.611] Commit new sealing work                  number=29 sealhash=86adaf..71166f uncles=0 txs=0 gas=0 fees=0 elapsed="979.708µs"
INFO [12-16|16:11:24.612] Commit new sealing work                  number=29 sealhash=86adaf..71166f uncles=0 txs=0 gas=0 fees=0 elapsed=1.818ms
INFO [12-16|16:11:27.011] Imported new chain segment               number=29 hash=f6bf74..3c5c38 blocks=1 txs=0 mgas=0.000 elapsed=20.745ms    mgasps=0.000 dirty=13.45KiB
INFO [12-16|16:11:27.013] "🔗 block reached canonical chain"        number=22 hash=cc3ef1..a5cb61
INFO [12-16|16:11:27.014] Commit new sealing work                  number=30 sealhash=fbd4ff..c119e4 uncles=0 txs=0 gas=0 fees=0 elapsed=2.042ms
INFO [12-16|16:11:27.015] Commit new sealing work                  number=30 sealhash=fbd4ff..c119e4 uncles=0 txs=0 gas=0 fees=0 elapsed=2.987ms
INFO [12-16|16:11:29.978] Successfully sealed new block            number=30 sealhash=fbd4ff..c119e4 hash=a90f46..4de9c0 elapsed=2.964s
INFO [12-16|16:11:29.978] "🔨 mined potential block"                number=30 hash=a90f46..4de9c0
INFO [12-16|16:11:29.979] Commit new sealing work                  number=31 sealhash=723003..fd078e uncles=0 txs=0 gas=0 fees=0 elapsed="461.864µs"
INFO [12-16|16:11:29.980] Commit new sealing work                  number=31 sealhash=723003..fd078e uncles=0 txs=0 gas=0 fees=0 elapsed=1.168ms
INFO [12-16|16:11:30.422] Imported new chain segment               number=31 hash=ec42a6..434f98 blocks=1 txs=0 mgas=0.000 elapsed=14.688ms    mgasps=0.000 dirty=14.40KiB
INFO [12-16|16:11:30.424] Commit new sealing work                  number=32 sealhash=e38145..88a1fd uncles=0 txs=0 gas=0 fees=0 elapsed="583.677µs"
INFO [12-16|16:11:30.425] Commit new sealing work                  number=32 sealhash=e38145..88a1fd uncles=0 txs=0 gas=0 fees=0 elapsed=1.700ms
INFO [12-16|16:11:31.613] Looking for peers                        peercount=1 tried=1 static=1
INFO [12-16|16:11:33.476] Imported new chain segment               number=32 hash=eb5770..940d58 blocks=1 txs=0 mgas=0.000 elapsed=20.313ms    mgasps=0.000 dirty=14.88KiB
INFO [12-16|16:11:33.479] "🔗 block reached canonical chain"        number=25 hash=04f53a..98746c
INFO [12-16|16:11:33.479] Commit new sealing work                  number=33 sealhash=1b00ea..8eb7b4 uncles=0 txs=0 gas=0 fees=0 elapsed=1.021ms
INFO [12-16|16:11:33.479] Commit new sealing work                  number=33 sealhash=1b00ea..8eb7b4 uncles=0 txs=0 gas=0 fees=0 elapsed=1.520ms
INFO [12-16|16:11:35.575] Successfully sealed new block            number=33 sealhash=1b00ea..8eb7b4 hash=271b8d..d79afe elapsed=2.096s
INFO [12-16|16:11:35.576] "🔗 block reached canonical chain"        number=26 hash=f82a04..365279
INFO [12-16|16:11:35.576] "🔨 mined potential block"                number=33 hash=271b8d..d79afe
INFO [12-16|16:11:35.576] Commit new sealing work                  number=34 sealhash=4814a4..2cf278 uncles=0 txs=0 gas=0 fees=0 elapsed=1.191ms
INFO [12-16|16:11:35.577] Commit new sealing work                  number=34 sealhash=4814a4..2cf278 uncles=0 txs=0 gas=0 fees=0 elapsed=2.132ms
INFO [12-16|16:11:36.297] Successfully sealed new block            number=34 sealhash=4814a4..2cf278 hash=db39f4..d471aa elapsed=721.439ms
INFO [12-16|16:11:36.297] "🔨 mined potential block"                number=34 hash=db39f4..d471aa
INFO [12-16|16:11:36.308] Commit new sealing work                  number=35 sealhash=9c2919..354f0c uncles=0 txs=0 gas=0 fees=0 elapsed=10.463ms
INFO [12-16|16:11:36.309] Commit new sealing work                  number=35 sealhash=9c2919..354f0c uncles=0 txs=0 gas=0 fees=0 elapsed=12.078ms
ERROR[12-16|16:11:36.350] 
########## BAD BLOCK #########
Block: 34 (0x5eb5e8f1571639a5ae59633165542c0ea1421998efa91445ff8f0dc7256ab7f2)
Error: invalid merkle root (remote: 138a5c96a92bd116d768f276372b1c284d9dc11f148070fc101257e58223f11b local: 4dab7d55f0a9ed1948cee8b556c2a4c13329d595c23e4ca26c2809f2e52c6177) dberr: %!w(<nil>)
Platform: geth (devel) go1.20.5 arm64 linux
VCS: ea9e62ca-20230420
Chain config: &params.ChainConfig{ChainID:4308, HomesteadBlock:0, DAOForkBlock:<nil>, DAOForkSupport:false, EIP150Block:0, EIP155Block:0, EIP158Block:0, ByzantiumBlock:0, ConstantinopleBlock:0, PetersburgBlock:0, IstanbulBlock:0, MuirGlacierBlock:<nil>, BerlinBlock:0, LondonBlock:<nil>, ArrowGlacierBlock:<nil>, GrayGlacierBlock:<nil>, MergeNetsplitBlock:<nil>, ShanghaiTime:(*uint64)(nil), CancunTime:(*uint64)(nil), PragueTime:(*uint64)(nil), TerminalTotalDifficulty:<nil>, TerminalTotalDifficultyPassed:false, Ethash:(*params.EthashConfig)(0x277f268), Clique:(*params.CliqueConfig)(nil)}
Receipts: 
##############################
 
INFO [12-16|16:11:38.246] Imported new chain segment               number=35 hash=ae0720..71a243 blocks=1 txs=0 mgas=0.000 elapsed=15.772ms    mgasps=0.000 dirty=16.30KiB
INFO [12-16|16:11:38.247] "🔗 block reached canonical chain"        number=28 hash=d3691e..75864b
INFO [12-16|16:11:38.248] Commit new sealing work                  number=36 sealhash=dba7ba..03211d uncles=0 txs=0 gas=0 fees=0 elapsed="671.787µs"
INFO [12-16|16:11:38.248] Commit new sealing work                  number=36 sealhash=dba7ba..03211d uncles=0 txs=0 gas=0 fees=0 elapsed="962.098µs"
INFO [12-16|16:11:39.669] Successfully sealed new block            number=36 sealhash=dba7ba..03211d hash=f2fd87..1df1c3 elapsed=1.421s
INFO [12-16|16:11:39.670] "🔨 mined potential block"                number=36 hash=f2fd87..1df1c3
INFO [12-16|16:11:39.671] Commit new sealing work                  number=37 sealhash=5a4cbb..a5f756 uncles=0 txs=0 gas=0 fees=0 elapsed=1.314ms
INFO [12-16|16:11:39.672] Commit new sealing work                  number=37 sealhash=5a4cbb..a5f756 uncles=0 txs=0 gas=0 fees=0 elapsed=2.233ms
INFO [12-16|16:11:39.767] Successfully sealed new block            number=37 sealhash=5a4cbb..a5f756 hash=a92fd4..bfec2e elapsed=95.868ms
INFO [12-16|16:11:39.767] "🔗 block reached canonical chain"        number=30 hash=a90f46..4de9c0
INFO [12-16|16:11:39.767] "🔨 mined potential block"                number=37 hash=a92fd4..bfec2e
INFO [12-16|16:11:39.771] Commit new sealing work                  number=38 sealhash=bcd7d0..befd01 uncles=0 txs=0 gas=0 fees=0 elapsed=4.038ms
INFO [12-16|16:11:39.772] Commit new sealing work                  number=38 sealhash=bcd7d0..befd01 uncles=0 txs=0 gas=0 fees=0 elapsed=4.803ms
INFO [12-16|16:11:43.680] Successfully sealed new block            number=38 sealhash=bcd7d0..befd01 hash=6d997e..92b3fb elapsed=3.908s
INFO [12-16|16:11:43.680] "🔨 mined potential block"                number=38 hash=6d997e..92b3fb
INFO [12-16|16:11:43.681] Commit new sealing work                  number=39 sealhash=ccb757..fe4aad uncles=0 txs=0 gas=0 fees=0 elapsed="757.638µs"
INFO [12-16|16:11:43.681] Commit new sealing work                  number=39 sealhash=ccb757..fe4aad uncles=0 txs=0 gas=0 fees=0 elapsed=1.146ms
INFO [12-16|16:11:44.481] Commit new sealing work                  number=40 sealhash=fe12b3..39ec1b uncles=0 txs=0 gas=0 fees=0 elapsed="509.401µs"
INFO [12-16|16:11:44.482] Commit new sealing work                  number=40 sealhash=fe12b3..39ec1b uncles=0 txs=0 gas=0 fees=0 elapsed=1.369ms
INFO [12-16|16:11:44.481] Successfully sealed new block            number=39 sealhash=ccb757..fe4aad hash=93e38f..90b93f elapsed=800.317ms
INFO [12-16|16:11:44.484] "🔨 mined potential block"                number=39 hash=93e38f..90b93f
INFO [12-16|16:11:44.557] Successfully sealed new block            number=40 sealhash=fe12b3..39ec1b hash=fd3517..af0faa elapsed=75.935ms
INFO [12-16|16:11:44.558] "🔗 block reached canonical chain"        number=33 hash=271b8d..d79afe
INFO [12-16|16:11:44.558] "🔨 mined potential block"                number=40 hash=fd3517..af0faa
INFO [12-16|16:11:44.559] Commit new sealing work                  number=41 sealhash=f28a7e..f5d5ac uncles=0 txs=0 gas=0 fees=0 elapsed="812.71µs"
INFO [12-16|16:11:44.565] Commit new sealing work                  number=41 sealhash=f28a7e..f5d5ac uncles=0 txs=0 gas=0 fees=0 elapsed=7.468ms
INFO [12-16|16:11:45.516] Imported new chain segment               number=41 hash=574f1c..9f0774 blocks=1 txs=0 mgas=0.000 elapsed=27.220ms    mgasps=0.000 dirty=19.18KiB
INFO [12-16|16:11:45.520] "🔗 block reached canonical chain"        number=34 hash=db39f4..d471aa
INFO [12-16|16:11:45.520] Commit new sealing work                  number=42 sealhash=385900..825e9f uncles=0 txs=0 gas=0 fees=0 elapsed=1.096ms
INFO [12-16|16:11:45.523] Commit new sealing work                  number=42 sealhash=385900..825e9f uncles=0 txs=0 gas=0 fees=0 elapsed=3.381ms
INFO [12-16|16:11:45.550] Imported new chain segment               number=42 hash=3eeeb1..d18276 blocks=1 txs=0 mgas=0.000 elapsed=14.004ms    mgasps=0.000 dirty=19.68KiB
INFO [12-16|16:11:45.551] Commit new sealing work                  number=43 sealhash=73eda9..21746e uncles=0 txs=0 gas=0 fees=0 elapsed="528.734µs"
INFO [12-16|16:11:45.553] Commit new sealing work                  number=43 sealhash=73eda9..21746e uncles=0 txs=0 gas=0 fees=0 elapsed=2.032ms
ERROR[12-16|16:11:46.428] 
########## BAD BLOCK #########
Block: 43 (0x0c2274e1c28aa5db914d690e5489bd35d30e920936e8cdcbda8541f6d505705e)
Error: invalid merkle root (remote: 3d1aa08699152b688c054f120b1e507acf3df9a55bf60ad1927883eb0930fcf5 local: 3b9782a32eb67070308a381b81e9e35efb037ff4fdf71b94e5ca1507a3551aaa) dberr: %!w(<nil>)
Platform: geth (devel) go1.20.5 arm64 linux
VCS: ea9e62ca-20230420
Chain config: &params.ChainConfig{ChainID:4308, HomesteadBlock:0, DAOForkBlock:<nil>, DAOForkSupport:false, EIP150Block:0, EIP155Block:0, EIP158Block:0, ByzantiumBlock:0, ConstantinopleBlock:0, PetersburgBlock:0, IstanbulBlock:0, MuirGlacierBlock:<nil>, BerlinBlock:0, LondonBlock:<nil>, ArrowGlacierBlock:<nil>, GrayGlacierBlock:<nil>, MergeNetsplitBlock:<nil>, ShanghaiTime:(*uint64)(nil), CancunTime:(*uint64)(nil), PragueTime:(*uint64)(nil), TerminalTotalDifficulty:<nil>, TerminalTotalDifficultyPassed:false, Ethash:(*params.EthashConfig)(0x277f268), Clique:(*params.CliqueConfig)(nil)}
Receipts: 
##############################
 
INFO [12-16|16:11:47.322] Successfully sealed new block            number=43 sealhash=73eda9..21746e hash=73be12..953ecc elapsed=1.770s
INFO [12-16|16:11:47.322] "🔗 block reached canonical chain"        number=36 hash=f2fd87..1df1c3
INFO [12-16|16:11:47.322] "🔨 mined potential block"                number=43 hash=73be12..953ecc
INFO [12-16|16:11:47.323] Commit new sealing work                  number=44 sealhash=a2ca67..66955f uncles=0 txs=0 gas=0 fees=0 elapsed="804.952µs"
INFO [12-16|16:11:47.325] Commit new sealing work                  number=44 sealhash=a2ca67..66955f uncles=0 txs=0 gas=0 fees=0 elapsed=2.265ms
INFO [12-16|16:11:51.107] Successfully sealed new block            number=44 sealhash=a2ca67..66955f hash=a0c2f5..5ed302 elapsed=3.783s
INFO [12-16|16:11:51.107] "🔗 block reached canonical chain"        number=37 hash=a92fd4..bfec2e
INFO [12-16|16:11:51.107] "🔨 mined potential block"                number=44 hash=a0c2f5..5ed302
INFO [12-16|16:11:51.107] Commit new sealing work                  number=45 sealhash=c33e29..bd41b2 uncles=0 txs=0 gas=0 fees=0 elapsed="420.809µs"
INFO [12-16|16:11:51.108] Commit new sealing work                  number=45 sealhash=c33e29..bd41b2 uncles=0 txs=0 gas=0 fees=0 elapsed="858.674µs"
INFO [12-16|16:11:52.405] Imported new chain segment               number=45 hash=6329d3..3d0c9a blocks=1 txs=0 mgas=0.000 elapsed=15.341ms    mgasps=0.000 dirty=21.20KiB
INFO [12-16|16:11:52.407] "🔗 block reached canonical chain"        number=38 hash=6d997e..92b3fb
INFO [12-16|16:11:52.407] Commit new sealing work                  number=46 sealhash=97757b..02fe8c uncles=0 txs=0 gas=0 fees=0 elapsed="827.748µs"
INFO [12-16|16:11:52.407] Commit new sealing work                  number=46 sealhash=97757b..02fe8c uncles=0 txs=0 gas=0 fees=0 elapsed=1.435ms
INFO [12-16|16:11:53.604] Successfully sealed new block            number=46 sealhash=97757b..02fe8c hash=0df2ab..29b06b elapsed=1.197s
INFO [12-16|16:11:53.604] "🔗 block reached canonical chain"        number=39 hash=93e38f..90b93f
INFO [12-16|16:11:53.605] "🔨 mined potential block"                number=46 hash=0df2ab..29b06b
INFO [12-16|16:11:53.605] Commit new sealing work                  number=47 sealhash=ec587d..63e571 uncles=0 txs=0 gas=0 fees=0 elapsed=1.462ms
INFO [12-16|16:11:53.606] Commit new sealing work                  number=47 sealhash=ec587d..63e571 uncles=0 txs=0 gas=0 fees=0 elapsed=2.392ms
INFO [12-16|16:11:55.678] Successfully sealed new block            number=47 sealhash=ec587d..63e571 hash=02505a..aea9db elapsed=2.072s
INFO [12-16|16:11:55.678] "🔗 block reached canonical chain"        number=40 hash=fd3517..af0faa
INFO [12-16|16:11:55.682] "🔨 mined potential block"                number=47 hash=02505a..aea9db
INFO [12-16|16:11:55.683] Commit new sealing work                  number=48 sealhash=d9ffea..53a63c uncles=0 txs=0 gas=0 fees=0 elapsed=5.034ms
INFO [12-16|16:11:55.684] Commit new sealing work                  number=48 sealhash=d9ffea..53a63c uncles=0 txs=0 gas=0 fees=0 elapsed=5.755ms
[{
    caps: ["eth/66", "eth/67", "eth/68", "snap/1"],
    enode: "enode://a9f12b9773e90a7158f176818036e2571e961c555dcc46d313a1f3940415981734fcef0c65d5fb483b2500f401934c5d055550d391a6b06bb840654d956e6714@192.168.36.12:35330",
    id: "accb93f082e65b9797319539f9e7463a326a4f42a18889569d1a26cfeba88c76",
    name: "Geth/v1.11.6-stable-ea9e62ca/linux-arm64/go1.20.5",
    network: {
      inbound: true,
      localAddress: "192.168.36.30:4242",
      remoteAddress: "192.168.36.12:35330",
      static: false,
      trusted: false
    },
    protocols: {
      eth: {
        version: 68
      },
      snap: {
        version: 1
      }
    }
}]
> INFO [12-16|16:12:03.183] Successfully sealed new block            number=48 sealhash=d9ffea..53a63c hash=d9faf1..d4b4a3 elapsed=7.504s
INFO [12-16|16:12:03.183] Commit new sealing work                  number=49 sealhash=981b47..47cc59 uncles=0 txs=0 gas=0 fees=0 elapsed="849.988µs"
INFO [12-16|16:12:03.184] "🔨 mined potential block"                number=48 hash=d9faf1..d4b4a3
INFO [12-16|16:12:03.186] Commit new sealing work                  number=49 sealhash=981b47..47cc59 uncles=0 txs=0 gas=0 fees=0 elapsed=3.831ms
INFO [12-16|16:12:06.614] Looking for peers                        peercount=1 tried=1 static=1
INFO [12-16|16:12:09.521] Imported new chain segment               number=49 hash=c609ad..96047e blocks=1 txs=0 mgas=0.000 elapsed=14.615ms    mgasps=0.000 dirty=23.22KiB
INFO [12-16|16:12:09.523] Commit new sealing work                  number=50 sealhash=56973b..7773d4 uncles=0 txs=0 gas=0 fees=0 elapsed="558.621µs"
INFO [12-16|16:12:09.523] Commit new sealing work                  number=50 sealhash=56973b..7773d4 uncles=0 txs=0 gas=0 fees=0 elapsed=1.174ms
INFO [12-16|16:12:09.524] Chain reorg detected                     number=48 hash=d9faf1..d4b4a3 drop=1 dropfrom=c609ad..96047e add=1 addfrom=bfce65..d831d8
INFO [12-16|16:12:09.524] Successfully sealed new block            number=49 sealhash=981b47..47cc59 hash=bfce65..d831d8 elapsed=6.340s
INFO [12-16|16:12:09.524] "🔨 mined potential block"                number=49 hash=bfce65..d831d8
INFO [12-16|16:12:09.526] Commit new sealing work                  number=50 sealhash=e9d8f7..b2911f uncles=1 txs=0 gas=0 fees=0 elapsed="594.714µs"
INFO [12-16|16:12:09.527] Commit new sealing work                  number=50 sealhash=e9d8f7..b2911f uncles=1 txs=0 gas=0 fees=0 elapsed=1.405ms
INFO [12-16|16:12:14.143] Chain reorg detected                     number=48 hash=d9faf1..d4b4a3 drop=1 dropfrom=bfce65..d831d8 add=2 addfrom=1aa9b7..2f7558
INFO [12-16|16:12:14.146] Imported new chain segment               number=50 hash=1aa9b7..2f7558 blocks=1 txs=0 mgas=0.000 elapsed=33.006ms    mgasps=0.000 dirty=24.47KiB
INFO [12-16|16:12:14.149] "🔗 block reached canonical chain"        number=43 hash=73be12..953ecc
INFO [12-16|16:12:14.149] Commit new sealing work                  number=51 sealhash=083f71..e4eeb8 uncles=0 txs=0 gas=0 fees=0 elapsed="777.453µs"
INFO [12-16|16:12:14.149] Commit new sealing work                  number=51 sealhash=083f71..e4eeb8 uncles=0 txs=0 gas=0 fees=0 elapsed=1.178ms
