INFO [12-16|23:45:22.662] Maximum peer count                       ETH=50 LES=0 total=50
INFO [12-16|23:45:22.666] Smartcard socket not found, disabling    err="stat /run/pcscd/pcscd.comm: no such file or directory"
INFO [12-16|23:45:22.674] Set global gas cap                       cap=50,000,000
INFO [12-16|23:45:22.680] Allocated trie memory caches             clean=154.00MiB dirty=256.00MiB
INFO [12-16|23:45:22.683] Using leveldb as the backing database 
INFO [12-16|23:45:22.683] Allocated cache and file handles         database=/home/raspberry-node/.testchain44/geth/chaindata cache=512.00MiB handles=524,288
INFO [12-16|23:45:22.722] Using LevelDB as the backing database 
INFO [12-16|23:45:22.723] Opened ancient database                  database=/home/raspberry-node/.testchain44/geth/chaindata/ancient/chain readonly=false
INFO [12-16|23:45:22.725] Disk storage enabled for ethash caches   dir=/home/raspberry-node/.testchain44/geth/ethash count=3
INFO [12-16|23:45:22.725] Disk storage enabled for ethash DAGs     dir=/home/raspberry-node/.ethash count=2
INFO [12-16|23:45:22.725] Initialising Ethereum protocol           network=42 dbversion=<nil>
INFO [12-16|23:45:22.726]  
INFO [12-16|23:45:22.726] --------------------------------------------------------------------------------------------------------------------------------------------------------- 
INFO [12-16|23:45:22.727] Chain ID:  4330 (unknown) 
INFO [12-16|23:45:22.727] Consensus: Ethash (proof-of-work) 
INFO [12-16|23:45:22.727]  
INFO [12-16|23:45:22.727] Pre-Merge hard forks (block based): 
INFO [12-16|23:45:22.727]  - Homestead:                   #0        (https://github.com/ethereum/execution-specs/blob/master/network-upgrades/mainnet-upgrades/homestead.md) 
INFO [12-16|23:45:22.727]  - Tangerine Whistle (EIP 150): #0        (https://github.com/ethereum/execution-specs/blob/master/network-upgrades/mainnet-upgrades/tangerine-whistle.md) 
INFO [12-16|23:45:22.727]  - Spurious Dragon/1 (EIP 155): #0        (https://github.com/ethereum/execution-specs/blob/master/network-upgrades/mainnet-upgrades/spurious-dragon.md) 
INFO [12-16|23:45:22.727]  - Spurious Dragon/2 (EIP 158): #0        (https://github.com/ethereum/execution-specs/blob/master/network-upgrades/mainnet-upgrades/spurious-dragon.md) 
INFO [12-16|23:45:22.727]  - Byzantium:                   #0        (https://github.com/ethereum/execution-specs/blob/master/network-upgrades/mainnet-upgrades/byzantium.md) 
INFO [12-16|23:45:22.727]  - Constantinople:              #0        (https://github.com/ethereum/execution-specs/blob/master/network-upgrades/mainnet-upgrades/constantinople.md) 
INFO [12-16|23:45:22.727]  - Petersburg:                  #0        (https://github.com/ethereum/execution-specs/blob/master/network-upgrades/mainnet-upgrades/petersburg.md) 
INFO [12-16|23:45:22.727]  - Istanbul:                    #0        (https://github.com/ethereum/execution-specs/blob/master/network-upgrades/mainnet-upgrades/istanbul.md) 
INFO [12-16|23:45:22.727]  - Berlin:                      #0        (https://github.com/ethereum/execution-specs/blob/master/network-upgrades/mainnet-upgrades/berlin.md) 
INFO [12-16|23:45:22.727]  - London:                      #<nil> (https://github.com/ethereum/execution-specs/blob/master/network-upgrades/mainnet-upgrades/london.md) 
INFO [12-16|23:45:22.727]  
INFO [12-16|23:45:22.727] The Merge is not yet available for this network! 
INFO [12-16|23:45:22.727]  - Hard-fork specification: https://github.com/ethereum/execution-specs/blob/master/network-upgrades/mainnet-upgrades/paris.md 
INFO [12-16|23:45:22.727]  
INFO [12-16|23:45:22.727] Post-Merge hard forks (timestamp based): 
INFO [12-16|23:45:22.727]  
INFO [12-16|23:45:22.727] --------------------------------------------------------------------------------------------------------------------------------------------------------- 
INFO [12-16|23:45:22.727]  
INFO [12-16|23:45:22.730] Loaded most recent local block           number=0 hash=15e889..fbdc3a td=30 age=54y8mo3w
WARN [12-16|23:45:22.730] Failed to load snapshot                  err="missing or corrupted snapshot"
INFO [12-16|23:45:22.735] Rebuilding state snapshot 
INFO [12-16|23:45:22.736] Resuming state snapshot generation       root=56e81f..63b421 accounts=0 slots=0 storage=0.00B dangling=0 elapsed="729.005µs"
INFO [12-16|23:45:22.736] Regenerated local transaction journal    transactions=0 accounts=0
INFO [12-16|23:45:22.736] Generated state snapshot                 accounts=0 slots=0 storage=0.00B dangling=0 elapsed=1.495ms
INFO [12-16|23:45:22.740] Gasprice oracle is ignoring threshold set threshold=2
WARN [12-16|23:45:22.740] Error reading unclean shutdown markers   error="leveldb: not found"
WARN [12-16|23:45:22.740] Engine API enabled                       protocol=eth
WARN [12-16|23:45:22.740] Engine API started but chain not configured for merge yet 
INFO [12-16|23:45:22.741] Starting peer-to-peer node               instance=Geth/v1.11.6-stable-ea9e62ca/linux-arm64/go1.20.5
INFO [12-16|23:45:22.823] New local node record                    seq=1,702,766,722,821 id=d7b56e7caaa7d15d ip=127.0.0.1 udp=0 tcp=4242
INFO [12-16|23:45:22.823] Started P2P networking                   self="enode://f8c673a40962ac66d82472536cf1f68af88b474ffd920b71620ac42140c63205fd46dc72b9c9fb1e3e3bdf6e8985c104dfd54706a46983aa081c5551cce19596@127.0.0.1:4242?discport=0"
INFO [12-16|23:45:22.825] IPC endpoint opened                      url=/home/raspberry-node/.testchain44/geth.ipc
INFO [12-16|23:45:22.825] Generated JWT secret                     path=/home/raspberry-node/.testchain44/geth/jwtsecret
INFO [12-16|23:45:22.827] WebSocket enabled                        url=ws://127.0.0.1:8551
INFO [12-16|23:45:22.827] HTTP server started                      endpoint=127.0.0.1:8551 auth=true prefix= cors=localhost vhosts=localhost
Welcome to the Geth JavaScript console!

instance: Geth/v1.11.6-stable-ea9e62ca/linux-arm64/go1.20.5
coinbase: 0x21f1cf84f937cebab38ddb0b904671aa0de151e0
at block: 0 (Thu Jan 01 1970 01:00:00 GMT+0100 (CET))
 datadir: /home/raspberry-node/.testchain44
 modules: admin:1.0 debug:1.0 engine:1.0 eth:1.0 ethash:1.0 miner:1.0 net:1.0 rpc:1.0 txpool:1.0 web3:1.0

To exit, press ctrl-d or type exit
> INFO [12-16|23:45:34.214] Looking for peers                        peercount=2 tried=1 static=2
INFO [12-16|23:46:07.206] Looking for peers                        peercount=3 tried=1 static=3
WARN [12-17|00:02:57.019] Snap syncing, discarded propagated block number=1 hash=09f2b6..e6aab6
WARN [12-17|00:03:06.705] Snap syncing, discarded propagated block number=1 hash=b4d122..e26fb9
WARN [12-17|00:03:31.494] Snap syncing, discarded propagated block number=1 hash=8bf8a6..9cf600
WARN [12-17|00:03:41.317] Snap syncing, discarded propagated block number=1 hash=68c8c6..95731d
INFO [12-17|00:03:59.433] Block synchronisation started 
INFO [12-17|00:03:59.495] Imported new chain segment               number=6 hash=9d162f..d72256 blocks=6 txs=0 mgas=0.000 elapsed=34.789ms    mgasps=0.000 dirty=1.42KiB
INFO [12-17|00:03:59.496] Syncing: chain download in progress      synced=+Inf% chain=18.00B headers=6@6.00B bodies=6@6.00B receipts=6@6.00B eta=-37.803ms
WARN [12-17|00:03:59.498] Synchronisation failed, retrying         err="sync cancelled"
WARN [12-17|00:04:00.806] Snap syncing, discarded propagated block number=7 hash=06e484..735288
INFO [12-17|00:04:11.895] Looking for peers                        peercount=2 tried=0 static=3
WARN [12-17|00:04:19.734] Snap syncing, discarded propagated block number=1 hash=fdf7de..d8b35f
INFO [12-17|00:04:21.906] Looking for peers                        peercount=2 tried=1 static=3
WARN [12-17|00:04:40.633] Snap syncing, discarded propagated block number=1 hash=ab9642..a85834
INFO [12-17|00:04:46.897] Looking for peers                        peercount=2 tried=0 static=3
WARN [12-17|00:05:05.839] Snap syncing, discarded propagated block number=1 hash=bf6e52..f5ff79
INFO [12-17|00:05:21.897] Looking for peers                        peercount=2 tried=1 static=3
WARN [12-17|00:05:25.566] Snap syncing, discarded propagated block number=1 hash=04dc96..f0a340
WARN [12-17|00:05:50.409] Snap syncing, discarded propagated block number=1 hash=666ee4..e90271
INFO [12-17|00:05:56.897] Looking for peers                        peercount=2 tried=1 static=3
WARN [12-17|00:06:00.458] Snap syncing, discarded propagated block number=1 hash=363977..ba4349
WARN [12-17|00:06:25.465] Snap syncing, discarded propagated block number=1 hash=0cb577..bbec10
INFO [12-17|00:06:31.897] Looking for peers                        peercount=2 tried=1 static=3
WARN [12-17|00:06:36.500] Snap syncing, discarded propagated block number=1 hash=c98993..74b913
INFO [12-17|00:07:06.898] Looking for peers                        peercount=2 tried=1 static=3
WARN [12-17|00:07:10.450] Snap syncing, discarded propagated block number=1 hash=e3b982..1b107c
WARN [12-17|00:07:37.060] Snap syncing, discarded propagated block number=1 hash=905899..407ab0
INFO [12-17|00:07:41.899] Looking for peers                        peercount=2 tried=1 static=3
WARN [12-17|00:07:46.020] Snap syncing, discarded propagated block number=1 hash=de8c0e..0d7f6a
INFO [12-17|00:08:16.899] Looking for peers                        peercount=2 tried=1 static=3
WARN [12-17|00:08:27.183] Snap syncing, discarded propagated block number=1 hash=112f4a..3dd77c
INFO [12-17|00:08:51.900] Looking for peers                        peercount=2 tried=1 static=3
WARN [12-17|00:08:58.154] Snap syncing, discarded propagated block number=1 hash=60d8fb..ae1f75
WARN [12-17|00:09:21.316] Snap syncing, discarded propagated block number=1 hash=a3faa0..0c755a
INFO [12-17|00:09:26.900] Looking for peers                        peercount=2 tried=1 static=3
WARN [12-17|00:09:32.871] Snap syncing, discarded propagated block number=1 hash=661de6..9023d6
INFO [12-17|00:09:50.228] Syncing: chain download in progress      synced=100.00% chain=18.00B headers=8@6.00B bodies=6@6.00B receipts=6@6.00B eta=0s
INFO [12-17|00:09:58.233] Syncing: chain download in progress      synced=100.00% chain=18.00B headers=8@6.00B bodies=6@6.00B receipts=6@6.00B eta=0s
INFO [12-17|00:10:01.901] Looking for peers                        peercount=2 tried=1 static=3
INFO [12-17|00:10:06.238] Syncing: chain download in progress      synced=100.00% chain=18.00B headers=8@6.00B bodies=6@6.00B receipts=6@6.00B eta=0s
WARN [12-17|00:10:08.296] Snap syncing, discarded propagated block number=1 hash=020d32..c415f3
INFO [12-17|00:10:14.242] Syncing: chain download in progress      synced=100.00% chain=18.00B headers=8@6.00B bodies=6@6.00B receipts=6@6.00B eta=0s
INFO [12-17|00:10:22.247] Syncing: chain download in progress      synced=100.00% chain=18.00B headers=8@6.00B bodies=6@6.00B receipts=6@6.00B eta=0s
INFO [12-17|00:10:30.253] Syncing: chain download in progress      synced=100.00% chain=18.00B headers=8@6.00B bodies=6@6.00B receipts=6@6.00B eta=0s
WARN [12-17|00:10:32.377] Snap syncing, discarded propagated block number=1 hash=4f98b7..6feedf
INFO [12-17|00:10:36.901] Looking for peers                        peercount=2 tried=1 static=3
INFO [12-17|00:10:38.257] Syncing: chain download in progress      synced=100.00% chain=18.00B headers=8@6.00B bodies=6@6.00B receipts=6@6.00B eta=0s
INFO [12-17|00:10:46.260] Syncing: chain download in progress      synced=100.00% chain=18.00B headers=8@6.00B bodies=6@6.00B receipts=6@6.00B eta=0s
WARN [12-17|00:10:51.864] Snap syncing, discarded propagated block number=1 hash=6d37a0..34ebff
INFO [12-17|00:10:54.264] Syncing: chain download in progress      synced=100.00% chain=18.00B headers=8@6.00B bodies=6@6.00B receipts=6@6.00B eta=0s
INFO [12-17|00:11:02.270] Syncing: chain download in progress      synced=100.00% chain=18.00B headers=8@6.00B bodies=6@6.00B receipts=6@6.00B eta=0s
INFO [12-17|00:11:10.274] Syncing: chain download in progress      synced=100.00% chain=18.00B headers=8@6.00B bodies=6@6.00B receipts=6@6.00B eta=0s
INFO [12-17|00:11:11.902] Looking for peers                        peercount=2 tried=1 static=3
WARN [12-17|00:11:12.491] Snap syncing, discarded propagated block number=1 hash=4ba807..ed7344
INFO [12-17|00:11:18.279] Syncing: chain download in progress      synced=100.00% chain=18.00B headers=8@6.00B bodies=6@6.00B receipts=6@6.00B eta=0s
WARN [12-17|00:11:19.521] Snap syncing, discarded propagated block number=1 hash=50c7c7..bfe8ed
INFO [12-17|00:11:26.283] Syncing: chain download in progress      synced=100.00% chain=18.00B headers=8@6.00B bodies=6@6.00B receipts=6@6.00B eta=0s
INFO [12-17|00:11:34.287] Syncing: chain download in progress      synced=100.00% chain=18.00B headers=8@6.00B bodies=6@6.00B receipts=6@6.00B eta=0s
INFO [12-17|00:11:42.291] Syncing: chain download in progress      synced=100.00% chain=18.00B headers=8@6.00B bodies=6@6.00B receipts=6@6.00B eta=0s
INFO [12-17|00:11:46.904] Looking for peers                        peercount=2 tried=1 static=3
INFO [12-17|00:11:50.296] Syncing: chain download in progress      synced=100.00% chain=18.00B headers=8@6.00B bodies=6@6.00B receipts=6@6.00B eta=0s
WARN [12-17|00:11:53.321] Snap syncing, discarded propagated block number=1 hash=7af100..4154ec
INFO [12-17|00:11:58.301] Syncing: chain download in progress      synced=100.00% chain=18.00B headers=8@6.00B bodies=6@6.00B receipts=6@6.00B eta=0s
INFO [12-17|00:12:06.305] Syncing: chain download in progress      synced=100.00% chain=18.00B headers=8@6.00B bodies=6@6.00B receipts=6@6.00B eta=0s
WARN [12-17|00:12:11.342] Invalid header encountered               number=9 hash=0de48f..64fe3f parent=1f4d57..0a975e err="unknown ancestor"
WARN [12-17|00:12:11.343] Rewinding blockchain to block            target=0
ERROR[12-17|00:12:11.343] Gap in the chain, rewinding to genesis   number=6 hash=9c5a72..694828
INFO [12-17|00:12:11.345] Loaded most recent local block           number=0 hash=15e889..fbdc3a td=30 age=54y8mo3w
WARN [12-17|00:12:11.345] Rolled back chain segment                header=8->0 snap=6->0 block=6->0 reason="unknown ancestor"
WARN [12-17|00:12:12.309] Synchronisation failed, dropping peer    peer=52a8566b254f6425a81e2acb754aac83fa22354364581180c6253ed143f0cc71 err="retrieved hash chain is invalid: unknown ancestor"
INFO [12-17|00:12:12.310] Looking for peers                        peercount=1 tried=1 static=3
WARN [12-17|00:12:17.601] Snap syncing, discarded propagated block number=1 hash=fc02ca..32556d
WARN [12-17|00:12:22.313] Synchronisation failed, dropping peer    peer=52a8566b254f6425a81e2acb754aac83fa22354364581180c6253ed143f0cc71 err="action from bad peer ignored: returned headers 0 != requested 2"
INFO [12-17|00:12:22.314] Looking for peers                        peercount=2 tried=1 static=3
INFO [12-17|00:12:47.310] Looking for peers                        peercount=2 tried=0 static=3
INFO [12-17|00:12:47.360] Syncing: state download in progress      synced=19.88%  state=196.00B accounts=1@196.00B slots=0@0.00B codes=0@0.00B eta=35m27.855s
INFO [12-17|00:12:47.397] Syncing: chain download in progress      synced=50.00%  chain=18.00B headers=192@6.00B bodies=168@6.00B receipts=168@6.00B eta=8m47.938s
INFO [12-17|00:12:47.416] Syncing: state download in progress      synced=100.00% state=392.00B accounts=2@392.00B slots=0@0.00B codes=0@0.00B eta=-306ns
INFO [12-17|00:12:47.446] Syncing: state healing in progress       accounts=2@94.00B  slots=0@0.00B codes=0@0.00B nodes=3@315.00B pending=0
INFO [12-17|00:12:47.828] Rebuilding state snapshot 
INFO [12-17|00:12:47.828] Committed new head block                 number=336 hash=340d17..5b8192
INFO [12-17|00:12:47.830] Resuming state snapshot generation       root=4406aa..7028dc accounts=0         slots=0       storage=0.00B dangling=0 elapsed=1.640ms
INFO [12-17|00:12:47.830] Generated state snapshot                 accounts=2         slots=0       storage=96.00B dangling=0 elapsed=2.536ms
INFO [12-17|00:12:48.088] Imported new chain segment               number=384 hash=e2c87e..46c6c3 blocks=48 txs=0 mgas=0.000 elapsed=258.443ms   mgasps=0.000 age=1m33s    dirty=21.99KiB
INFO [12-17|00:12:48.173] Imported new chain segment               number=398 hash=dd0830..809e08 blocks=14 txs=0 mgas=0.000 elapsed=82.953ms    mgasps=0.000 dirty=28.20KiB
INFO [12-17|00:12:50.438] Imported new chain segment               number=400 hash=92ba38..25ffd7 blocks=2  txs=0 mgas=0.000 elapsed=10.363ms    mgasps=0.000 dirty=29.09KiB
INFO [12-17|00:12:50.439] Syncing: chain download in progress      synced=119.05% chain=18.00B headers=400@6.00B bodies=400@6.00B receipts=400@6.00B eta=-1m24.956s
INFO [12-17|00:12:50.440] Snap sync complete, auto disabling 
INFO [12-17|00:13:22.310] Looking for peers                        peercount=3 tried=1 static=3
INFO [12-17|00:13:47.600] Looking for peers                        peercount=2 tried=0 static=3
INFO [12-17|00:13:48.373] Updated mining threads                   threads=1
INFO [12-17|00:13:48.373] Transaction pool price threshold updated price=1,000,000,000
INFO [12-17|00:13:48.374] Commit new sealing work                  number=401 sealhash=de3296..91ccaf uncles=0 txs=0 gas=0 fees=0 elapsed="706.246µs"
INFO [12-17|00:13:48.375] Commit new sealing work                  number=401 sealhash=de3296..91ccaf uncles=0 txs=0 gas=0 fees=0 elapsed=1.186ms
