{"block_number": 1, "miner_hash": "0x2371162F66b550ac8C9269339dfb245Bd1CF545E", "block_hash": "0xe2f004d7cc05c7db41ae5f28dc21104f548de332d01c6f5d7e8824f2cc8fd07d", "block_time": 1702739392, "block_parent": "0x2aebf2c396e1f2ce488f60322482e60e32ea236b40fdbb035ef6f2aa2535d131"}
{"block_number": 2, "miner_hash": "0x2371162F66b550ac8C9269339dfb245Bd1CF545E", "block_hash": "0xa13f6f1dc1517736eafff24b299eb0f9f7a385fed0a286b6230a3999fd637c35", "block_time": 1702739397, "block_parent": "0xe2f004d7cc05c7db41ae5f28dc21104f548de332d01c6f5d7e8824f2cc8fd07d"}
{"block_number": 3, "miner_hash": "0x2371162F66b550ac8C9269339dfb245Bd1CF545E", "block_hash": "0x65090a5afcfeec74892f9ac64bdaffd3bddbf51ff89d107e3f5919d84a1230da", "block_time": 1702739401, "block_parent": "0xa13f6f1dc1517736eafff24b299eb0f9f7a385fed0a286b6230a3999fd637c35"}
{"block_number": 5, "miner_hash": "0x937Ad36f04F2Fb09CE37375b60C4B72e5762686e", "block_hash": "0xa5f5835da1e984d18f3a362ae9e0a06fec8e78c965fdf9216836bc4d53e1ba87", "block_time": 1702739406, "block_parent": "0x7180bfb3f68e3a11886766f7793015619504ae236b95d04984d7bf9e6780e293"}
{"block_number": 5, "miner_hash": "0x937Ad36f04F2Fb09CE37375b60C4B72e5762686e", "block_hash": "0xa5f5835da1e984d18f3a362ae9e0a06fec8e78c965fdf9216836bc4d53e1ba87", "block_time": 1702739406, "block_parent": "0x7180bfb3f68e3a11886766f7793015619504ae236b95d04984d7bf9e6780e293"}
{"block_number": 6, "miner_hash": "0x937Ad36f04F2Fb09CE37375b60C4B72e5762686e", "block_hash": "0x6b6593f579c8214dc2f6bc86621cc0acc3908c83b80fc7822dc2e9c571995799", "block_time": 1702739410, "block_parent": "0xa5f5835da1e984d18f3a362ae9e0a06fec8e78c965fdf9216836bc4d53e1ba87"}
{"block_number": 7, "miner_hash": "0x937Ad36f04F2Fb09CE37375b60C4B72e5762686e", "block_hash": "0x41c843119252e6df738ee0ba1b4c37c5781f971dd811a80c3d804840c17b9a09", "block_time": 1702739412, "block_parent": "0x6b6593f579c8214dc2f6bc86621cc0acc3908c83b80fc7822dc2e9c571995799"}
{"block_number": 8, "miner_hash": "0x4d4bFaACD3229411F17d3Deb5c644A032683bB7B", "block_hash": "0x77ac0e2b031edb440f7cbbaa5bd88e0d2e2f6ca16e9d34b4a3a57df29c6f35a2", "block_time": 1702739414, "block_parent": "0x41c843119252e6df738ee0ba1b4c37c5781f971dd811a80c3d804840c17b9a09"}
{"block_number": 9, "miner_hash": "0x4d4bFaACD3229411F17d3Deb5c644A032683bB7B", "block_hash": "0xb13b51237c27f599b3a7ccfc6c879b55e2910aeba80674f7649d23399aa1732d", "block_time": 1702739416, "block_parent": "0x77ac0e2b031edb440f7cbbaa5bd88e0d2e2f6ca16e9d34b4a3a57df29c6f35a2"}
{"block_number": 10, "miner_hash": "0x2371162F66b550ac8C9269339dfb245Bd1CF545E", "block_hash": "0x75961d78be76a8ab233478b3e7203658f8783a34f833c2a197a3015518b302fd", "block_time": 1702739418, "block_parent": "0xb13b51237c27f599b3a7ccfc6c879b55e2910aeba80674f7649d23399aa1732d"}
{"block_number": 11, "miner_hash": "0x2371162F66b550ac8C9269339dfb245Bd1CF545E", "block_hash": "0xcc73c598576b5a30f4e3828c8b4d3dc5035c39247a43423c3e3441c40f507128", "block_time": 1702739421, "block_parent": "0x75961d78be76a8ab233478b3e7203658f8783a34f833c2a197a3015518b302fd"}
{"block_number": 12, "miner_hash": "0x2371162F66b550ac8C9269339dfb245Bd1CF545E", "block_hash": "0x9a7173d4926af049d8c72e958b0b50c30246a24491b0c42c4125f8463797adc1", "block_time": 1702739422, "block_parent": "0xcc73c598576b5a30f4e3828c8b4d3dc5035c39247a43423c3e3441c40f507128"}
{"block_number": 13, "miner_hash": "0x2371162F66b550ac8C9269339dfb245Bd1CF545E", "block_hash": "0xc50e6aa6459b8b90ca9b5558472451ee3f25a3aad6e2a6991fd11473ed2df6d8", "block_time": 1702739424, "block_parent": "0x9a7173d4926af049d8c72e958b0b50c30246a24491b0c42c4125f8463797adc1"}
{"block_number": 14, "miner_hash": "0x2371162F66b550ac8C9269339dfb245Bd1CF545E", "block_hash": "0x4be64b94461aa91f29b0319ec17bbf9de43966ff01ec9afd3e20b34badd533d3", "block_time": 1702739425, "block_parent": "0xc50e6aa6459b8b90ca9b5558472451ee3f25a3aad6e2a6991fd11473ed2df6d8"}
{"block_number": 15, "miner_hash": "0x2371162F66b550ac8C9269339dfb245Bd1CF545E", "block_hash": "0xd82d7024de79e1ef9b0cf32b32db39a84f9e1f41cdfea3c37f7e14178d0bc522", "block_time": 1702739433, "block_parent": "0x4be64b94461aa91f29b0319ec17bbf9de43966ff01ec9afd3e20b34badd533d3"}
{"block_number": 16, "miner_hash": "0x2371162F66b550ac8C9269339dfb245Bd1CF545E", "block_hash": "0x47cc4092a314c9aac256d3aadd9c132542d7d6dffb5de2efcc8539aa5448f366", "block_time": 1702739436, "block_parent": "0xd82d7024de79e1ef9b0cf32b32db39a84f9e1f41cdfea3c37f7e14178d0bc522"}
{"block_number": 17, "miner_hash": "0x2371162F66b550ac8C9269339dfb245Bd1CF545E", "block_hash": "0x9382801a57e4c56d97ceab4af433acfcee632a27ee30edc399e6f60fb3bc2c67", "block_time": 1702739437, "block_parent": "0x47cc4092a314c9aac256d3aadd9c132542d7d6dffb5de2efcc8539aa5448f366"}
{"block_number": 18, "miner_hash": "0x2371162F66b550ac8C9269339dfb245Bd1CF545E", "block_hash": "0xd63e994801db3af8b49ef50a9a6987ec1875f6ac110d3d87696d42baa56cec88", "block_time": 1702739441, "block_parent": "0x9382801a57e4c56d97ceab4af433acfcee632a27ee30edc399e6f60fb3bc2c67"}
{"block_number": 19, "miner_hash": "0x2371162F66b550ac8C9269339dfb245Bd1CF545E", "block_hash": "0xa55eeac6a7ca027dd4684fc32243e8b8a26b78e5421bcd5117c2e14380e33c73", "block_time": 1702739444, "block_parent": "0xd63e994801db3af8b49ef50a9a6987ec1875f6ac110d3d87696d42baa56cec88"}
{"block_number": 20, "miner_hash": "0x2371162F66b550ac8C9269339dfb245Bd1CF545E", "block_hash": "0x805c81252099adf9727c41793bd0366d2106256d5613e0bc3403896b1fca330b", "block_time": 1702739445, "block_parent": "0xa55eeac6a7ca027dd4684fc32243e8b8a26b78e5421bcd5117c2e14380e33c73"}
{"block_number": 21, "miner_hash": "0x937Ad36f04F2Fb09CE37375b60C4B72e5762686e", "block_hash": "0xdedcdced75503b9177af93022f5adbae0950a071a5fc6b69f646aede2c28ee77", "block_time": 1702739462, "block_parent": "0x1b225a8a531fe949b6c4a7a28e6bdeb7e47e6ba9bc5f9c3e649d20faf3aa16b3"}
{"block_number": 22, "miner_hash": "0x2371162F66b550ac8C9269339dfb245Bd1CF545E", "block_hash": "0xc2adf3ab02895c960497f15441ff706b97c99cb3ec81766b4ea57cb1df38ba7e", "block_time": 1702739463, "block_parent": "0xdedcdced75503b9177af93022f5adbae0950a071a5fc6b69f646aede2c28ee77"}
{"block_number": 23, "miner_hash": "0x2371162F66b550ac8C9269339dfb245Bd1CF545E", "block_hash": "0xd6afcc2b2ca9edc9af7555098e9e2cf8224907722e1e2009122b08c98cdbe458", "block_time": 1702739464, "block_parent": "0xc2adf3ab02895c960497f15441ff706b97c99cb3ec81766b4ea57cb1df38ba7e"}
{"block_number": 24, "miner_hash": "0x2371162F66b550ac8C9269339dfb245Bd1CF545E", "block_hash": "0x3b4f82569050e3c0118561c02baf2c8e0c7d75e9f2499c961f11a70e5974fc96", "block_time": 1702739465, "block_parent": "0xd6afcc2b2ca9edc9af7555098e9e2cf8224907722e1e2009122b08c98cdbe458"}
{"block_number": 25, "miner_hash": "0x937Ad36f04F2Fb09CE37375b60C4B72e5762686e", "block_hash": "0x04f53a1b5cd3ddbcc35dfb6eea86c58f32c88ee05ec973a4cdcd2a662598746c", "block_time": 1702739473, "block_parent": "0xa983e77f1ae453500051901c040a85b7e5fc3cd600c084b101c82537cfe64e5e"}
{"block_number": 26, "miner_hash": "0x2371162F66b550ac8C9269339dfb245Bd1CF545E", "block_hash": "0xb47a69472c762648c0e46ab71724871a7fb14eab3687b4694b4275a001f21971", "block_time": 1702739475, "block_parent": "0x04f53a1b5cd3ddbcc35dfb6eea86c58f32c88ee05ec973a4cdcd2a662598746c"}
{"block_number": 27, "miner_hash": "0x4d4bFaACD3229411F17d3Deb5c644A032683bB7B", "block_hash": "0x7d1b3d6e10686d2ddf59cbec7f618cf89ead5b6198078749a781e9314aeb137c", "block_time": 1702739481, "block_parent": "0xf82a04a99dc1932c976df5dd5b6c1d4fec07828432d1984bdd8d4f876f365279"}
{"block_number": 28, "miner_hash": "0x2371162F66b550ac8C9269339dfb245Bd1CF545E", "block_hash": "0xf703e3e7cf17a8f645a465c77eba610729a45cced8d59a544c5bc9c847fbcfd3", "block_time": 1702739482, "block_parent": "0x7d1b3d6e10686d2ddf59cbec7f618cf89ead5b6198078749a781e9314aeb137c"}
{"block_number": 29, "miner_hash": "0x2371162F66b550ac8C9269339dfb245Bd1CF545E", "block_hash": "0xe5fad4097d01b0dcec74c8c315944968185ad34b8dfc1aa01f250982ddba2656", "block_time": 1702739483, "block_parent": "0xf703e3e7cf17a8f645a465c77eba610729a45cced8d59a544c5bc9c847fbcfd3"}
{"block_number": 30, "miner_hash": "0x2371162F66b550ac8C9269339dfb245Bd1CF545E", "block_hash": "0xb36f57090bbf79730240bab3e1867f7936d7e8e96d70169c40abd6ec416c1f3e", "block_time": 1702739484, "block_parent": "0xe5fad4097d01b0dcec74c8c315944968185ad34b8dfc1aa01f250982ddba2656"}
{"block_number": 31, "miner_hash": "0x2371162F66b550ac8C9269339dfb245Bd1CF545E", "block_hash": "0x70c6d45feac5692b438136fdc33ee00aaf599125091b1c38696ecf7c498da4f4", "block_time": 1702739485, "block_parent": "0xb36f57090bbf79730240bab3e1867f7936d7e8e96d70169c40abd6ec416c1f3e"}
{"block_number": 32, "miner_hash": "0x4d4bFaACD3229411F17d3Deb5c644A032683bB7B", "block_hash": "0xeb5770c64a01b99127fb52841f007d470ebefe5d27a11d0c3fcc143928940d58", "block_time": 1702739490, "block_parent": "0xec42a639ec26b144d0aedcc6101ba3f15a40e64ec89d29d1a2f0dde0d3434f98"}
{"block_number": 33, "miner_hash": "0x937Ad36f04F2Fb09CE37375b60C4B72e5762686e", "block_hash": "0x271b8d69e57d971da605c8715eafda7228533f98bf367f0164231ac835d79afe", "block_time": 1702739493, "block_parent": "0xeb5770c64a01b99127fb52841f007d470ebefe5d27a11d0c3fcc143928940d58"}
{"block_number": 34, "miner_hash": "0x2371162F66b550ac8C9269339dfb245Bd1CF545E", "block_hash": "0x5eb5e8f1571639a5ae59633165542c0ea1421998efa91445ff8f0dc7256ab7f2", "block_time": 1702739495, "block_parent": "0x271b8d69e57d971da605c8715eafda7228533f98bf367f0164231ac835d79afe"}
{"block_number": 35, "miner_hash": "0x4d4bFaACD3229411F17d3Deb5c644A032683bB7B", "block_hash": "0xae07204541c72313db5cc778827ab0bf02dfb300d01339d549a55bd5a971a243", "block_time": 1702739496, "block_parent": "0xdb39f4900d453e8d51ea7965eb286dc2472b2efe09f78859b045152603d471aa"}
{"block_number": 36, "miner_hash": "0x937Ad36f04F2Fb09CE37375b60C4B72e5762686e", "block_hash": "0xf2fd87c0244c994c7e398d96a5f690c3a06bea2a702d2fe679361ec6dd1df1c3", "block_time": 1702739498, "block_parent": "0xae07204541c72313db5cc778827ab0bf02dfb300d01339d549a55bd5a971a243"}
{"block_number": 37, "miner_hash": "0x937Ad36f04F2Fb09CE37375b60C4B72e5762686e", "block_hash": "0xa92fd49420d94c8d5b3e43cd71b60775b00bfd001d11c1fb52dd173ac7bfec2e", "block_time": 1702739499, "block_parent": "0xf2fd87c0244c994c7e398d96a5f690c3a06bea2a702d2fe679361ec6dd1df1c3"}
{"block_number": 38, "miner_hash": "0x937Ad36f04F2Fb09CE37375b60C4B72e5762686e", "block_hash": "0x6d997ecdd4bce4535a06c689302470ad5b7ffe97ac8680fad767784aa892b3fb", "block_time": 1702739500, "block_parent": "0xa92fd49420d94c8d5b3e43cd71b60775b00bfd001d11c1fb52dd173ac7bfec2e"}
{"block_number": 39, "miner_hash": "0x937Ad36f04F2Fb09CE37375b60C4B72e5762686e", "block_hash": "0x93e38fe63217b245b8a7149b5afa8fb91ec492856923fec326d271f49290b93f", "block_time": 1702739503, "block_parent": "0x6d997ecdd4bce4535a06c689302470ad5b7ffe97ac8680fad767784aa892b3fb"}
{"block_number": 40, "miner_hash": "0x937Ad36f04F2Fb09CE37375b60C4B72e5762686e", "block_hash": "0xfd3517049f9f951094c2bf9e79b53083b34927bb0df056fb8f02560567af0faa", "block_time": 1702739504, "block_parent": "0x93e38fe63217b245b8a7149b5afa8fb91ec492856923fec326d271f49290b93f"}
{"block_number": 41, "miner_hash": "0x89eC5Ca8D70aB1366da2a5e63eb6f895Ff75eEe1", "block_hash": "0x574f1cf1dc5f493fa9f2b42ae729809f803cfa6fe4655f2d6fa42b329b9f0774", "block_time": 1702739505, "block_parent": "0xfd3517049f9f951094c2bf9e79b53083b34927bb0df056fb8f02560567af0faa"}
{"block_number": 42, "miner_hash": "0x89eC5Ca8D70aB1366da2a5e63eb6f895Ff75eEe1", "block_hash": "0x3eeeb12f166b2469b1b39fd6261392c6f4147c8e9714563a7865ff315cd18276", "block_time": 1702739506, "block_parent": "0x574f1cf1dc5f493fa9f2b42ae729809f803cfa6fe4655f2d6fa42b329b9f0774"}
{"block_number": 43, "miner_hash": "0x2371162F66b550ac8C9269339dfb245Bd1CF545E", "block_hash": "0x0c2274e1c28aa5db914d690e5489bd35d30e920936e8cdcbda8541f6d505705e", "block_time": 1702739507, "block_parent": "0x3eeeb12f166b2469b1b39fd6261392c6f4147c8e9714563a7865ff315cd18276"}
{"block_number": 44, "miner_hash": "0x2371162F66b550ac8C9269339dfb245Bd1CF545E", "block_hash": "0x2ce80693d68cc4629b87e0c2e97abf77f68064928f36aff9d1c205400b7e48ad", "block_time": 1702739508, "block_parent": "0x0c2274e1c28aa5db914d690e5489bd35d30e920936e8cdcbda8541f6d505705e"}
{"block_number": 45, "miner_hash": "0x2371162F66b550ac8C9269339dfb245Bd1CF545E", "block_hash": "0x96824b4f8bbeba4e47a7216580255fe3d7c5bb6b344d6497738f356044a95837", "block_time": 1702739509, "block_parent": "0x2ce80693d68cc4629b87e0c2e97abf77f68064928f36aff9d1c205400b7e48ad"}
{"block_number": 46, "miner_hash": "0x2371162F66b550ac8C9269339dfb245Bd1CF545E", "block_hash": "0x5edc2a4f6592c68e78e3f6b0a7dd99cd66bd14fd1c446413ac70028c56ff7a6d", "block_time": 1702739510, "block_parent": "0x96824b4f8bbeba4e47a7216580255fe3d7c5bb6b344d6497738f356044a95837"}
{"block_number": 47, "miner_hash": "0x2371162F66b550ac8C9269339dfb245Bd1CF545E", "block_hash": "0x3a81eaa4fb6c229d98bbed39d61869b6dcb2aff73b31150a85c846ef3fd85e0d", "block_time": 1702739511, "block_parent": "0x5edc2a4f6592c68e78e3f6b0a7dd99cd66bd14fd1c446413ac70028c56ff7a6d"}
{"block_number": 48, "miner_hash": "0xb5bd2E84b4eb68CD4937faF6a8A6a48bC1fa402b", "block_hash": "0xf34e969531fc98f4109f9eab1d6958028e5e5038b0c7a6a47c098c77a657fee9", "block_time": 1702739517, "block_parent": "0x29f66d1a072b39803f9084c4468a99c2abb9b4e6b85df0ba060fe01d3dca2d67"}
{"block_number": 48, "miner_hash": "0x9752275C1A8a43df7F42C05Cb1436f5E1C68E286", "block_hash": "0xc3989796806c801d483fb16469e544556f6d739a10e0e6d3cb6d022da373d6b6", "block_time": 1702739517, "block_parent": "0x29f66d1a072b39803f9084c4468a99c2abb9b4e6b85df0ba060fe01d3dca2d67"}
{"block_number": 49, "miner_hash": "0x2371162F66b550ac8C9269339dfb245Bd1CF545E", "block_hash": "0xc7015401fbc87642656a7d737440c0bdce524b5f8dbca05b4f7050dc70d9a39a", "block_time": 1702739519, "block_parent": "0xc3989796806c801d483fb16469e544556f6d739a10e0e6d3cb6d022da373d6b6"}
{"block_number": 50, "miner_hash": "0xb5bd2E84b4eb68CD4937faF6a8A6a48bC1fa402b", "block_hash": "0x3fac190ebe178ad6771df1d916250aa1778d92af5c12d2bfd98f0dcaae118d72", "block_time": 1702739522, "block_parent": "0x2f678271538ba6cb290c7e9ec96830d2e9c1327d0d1ce5eeb8df1de07d97a148"}
