INFO [12-13|20:40:56.990] Maximum peer count                       ETH=50 LES=0 total=50
INFO [12-13|20:40:56.995] Smartcard socket not found, disabling    err="stat /run/pcscd/pcscd.comm: no such file or directory"
INFO [12-13|20:40:57.005] Set global gas cap                       cap=50,000,000
INFO [12-13|20:40:57.013] Allocated trie memory caches             clean=154.00MiB dirty=256.00MiB
INFO [12-13|20:40:57.013] Using leveldb as the backing database 
INFO [12-13|20:40:57.014] Allocated cache and file handles         database=/home/raspberry-node/.testchain44/geth/chaindata cache=512.00MiB handles=524,288
INFO [12-13|20:40:57.066] Using LevelDB as the backing database 
INFO [12-13|20:40:57.068] Opened ancient database                  database=/home/raspberry-node/.testchain44/geth/chaindata/ancient/chain readonly=false
INFO [12-13|20:40:57.069] Disk storage enabled for ethash caches   dir=/home/raspberry-node/.testchain44/geth/ethash count=3
INFO [12-13|20:40:57.070] Disk storage enabled for ethash DAGs     dir=/home/raspberry-node/.ethash count=2
INFO [12-13|20:40:57.070] Initialising Ethereum protocol           network=42 dbversion=<nil>
INFO [12-13|20:40:57.071]  
INFO [12-13|20:40:57.071] --------------------------------------------------------------------------------------------------------------------------------------------------------- 
INFO [12-13|20:40:57.072] Chain ID:  4265 (unknown) 
INFO [12-13|20:40:57.072] Consensus: Ethash (proof-of-work) 
INFO [12-13|20:40:57.072]  
INFO [12-13|20:40:57.072] Pre-Merge hard forks (block based): 
INFO [12-13|20:40:57.072]  - Homestead:                   #0        (https://github.com/ethereum/execution-specs/blob/master/network-upgrades/mainnet-upgrades/homestead.md) 
INFO [12-13|20:40:57.072]  - Tangerine Whistle (EIP 150): #0        (https://github.com/ethereum/execution-specs/blob/master/network-upgrades/mainnet-upgrades/tangerine-whistle.md) 
INFO [12-13|20:40:57.072]  - Spurious Dragon/1 (EIP 155): #0        (https://github.com/ethereum/execution-specs/blob/master/network-upgrades/mainnet-upgrades/spurious-dragon.md) 
INFO [12-13|20:40:57.072]  - Spurious Dragon/2 (EIP 158): #0        (https://github.com/ethereum/execution-specs/blob/master/network-upgrades/mainnet-upgrades/spurious-dragon.md) 
INFO [12-13|20:40:57.072]  - Byzantium:                   #0        (https://github.com/ethereum/execution-specs/blob/master/network-upgrades/mainnet-upgrades/byzantium.md) 
INFO [12-13|20:40:57.072]  - Constantinople:              #0        (https://github.com/ethereum/execution-specs/blob/master/network-upgrades/mainnet-upgrades/constantinople.md) 
INFO [12-13|20:40:57.072]  - Petersburg:                  #0        (https://github.com/ethereum/execution-specs/blob/master/network-upgrades/mainnet-upgrades/petersburg.md) 
INFO [12-13|20:40:57.072]  - Istanbul:                    #0        (https://github.com/ethereum/execution-specs/blob/master/network-upgrades/mainnet-upgrades/istanbul.md) 
INFO [12-13|20:40:57.072]  - Berlin:                      #0        (https://github.com/ethereum/execution-specs/blob/master/network-upgrades/mainnet-upgrades/berlin.md) 
INFO [12-13|20:40:57.072]  - London:                      #<nil> (https://github.com/ethereum/execution-specs/blob/master/network-upgrades/mainnet-upgrades/london.md) 
INFO [12-13|20:40:57.072]  
INFO [12-13|20:40:57.073] The Merge is not yet available for this network! 
INFO [12-13|20:40:57.073]  - Hard-fork specification: https://github.com/ethereum/execution-specs/blob/master/network-upgrades/mainnet-upgrades/paris.md 
INFO [12-13|20:40:57.073]  
INFO [12-13|20:40:57.073] Post-Merge hard forks (timestamp based): 
INFO [12-13|20:40:57.073]  
INFO [12-13|20:40:57.073] --------------------------------------------------------------------------------------------------------------------------------------------------------- 
INFO [12-13|20:40:57.073]  
INFO [12-13|20:40:57.074] Loaded most recent local block           number=0 hash=15e889..fbdc3a td=30 age=54y8mo3w
WARN [12-13|20:40:57.074] Failed to load snapshot                  err="missing or corrupted snapshot"
INFO [12-13|20:40:57.074] Rebuilding state snapshot 
INFO [12-13|20:40:57.075] Resuming state snapshot generation       root=56e81f..63b421 accounts=0 slots=0 storage=0.00B dangling=0 elapsed="565.674µs"
INFO [12-13|20:40:57.075] Regenerated local transaction journal    transactions=0 accounts=0
INFO [12-13|20:40:57.075] Generated state snapshot                 accounts=0 slots=0 storage=0.00B dangling=0 elapsed=1.120ms
INFO [12-13|20:40:57.076] Gasprice oracle is ignoring threshold set threshold=2
WARN [12-13|20:40:57.076] Error reading unclean shutdown markers   error="leveldb: not found"
WARN [12-13|20:40:57.076] Engine API enabled                       protocol=eth
WARN [12-13|20:40:57.076] Engine API started but chain not configured for merge yet 
INFO [12-13|20:40:57.077] Starting peer-to-peer node               instance=Geth/v1.11.6-stable-ea9e62ca/linux-arm64/go1.20.5
INFO [12-13|20:40:57.108] New local node record                    seq=1,702,496,457,106 id=c2f444f1814bc1a7 ip=127.0.0.1 udp=0 tcp=4242
INFO [12-13|20:40:57.108] Started P2P networking                   self="enode://5afed59e449c5110447fe094d59b4417d73d3469379492b9cb043e2dfb42024f50ae880a68e7e5f767098aae109a870697fc6cfde84603174ece73a810c45669@127.0.0.1:4242?discport=0"
INFO [12-13|20:40:57.110] IPC endpoint opened                      url=/home/raspberry-node/.testchain44/geth.ipc
INFO [12-13|20:40:57.110] Generated JWT secret                     path=/home/raspberry-node/.testchain44/geth/jwtsecret
INFO [12-13|20:40:57.112] WebSocket enabled                        url=ws://127.0.0.1:8551
INFO [12-13|20:40:57.112] HTTP server started                      endpoint=127.0.0.1:8551 auth=true prefix= cors=localhost vhosts=localhost
Welcome to the Geth JavaScript console!

instance: Geth/v1.11.6-stable-ea9e62ca/linux-arm64/go1.20.5
coinbase: 0xc0e4ba84a94266ab34b3e69b6c2fa3b21ad1d0bc
at block: 0 (Thu Jan 01 1970 01:00:00 GMT+0100 (CET))
 datadir: /home/raspberry-node/.testchain44
 modules: admin:1.0 debug:1.0 engine:1.0 eth:1.0 ethash:1.0 miner:1.0 net:1.0 rpc:1.0 txpool:1.0 web3:1.0

To exit, press ctrl-d or type exit
> INFO [12-13|20:41:20.736] Looking for peers                        peercount=1 tried=0 static=0
INFO [12-13|20:41:30.837] Looking for peers                        peercount=1 tried=0 static=1
INFO [12-13|20:41:30.933] Block synchronisation started 
INFO [12-13|20:41:33.244] Imported new chain segment               number=1 hash=185e2d..ac0604 blocks=1 txs=0 mgas=0.000 elapsed=8.880ms     mgasps=0.000 dirty=243.00B
INFO [12-13|20:41:33.245] Syncing: chain download in progress      synced=+Inf% chain=18.00B headers=1@6.00B bodies=1@6.00B receipts=1@6.00B eta=-10.462ms
WARN [12-13|20:41:33.245] Synchronisation failed, retrying         err="sync cancelled"
INFO [12-13|20:41:33.862] Updated mining threads                   threads=1
INFO [12-13|20:41:33.863] Transaction pool price threshold updated price=1,000,000,000
INFO [12-13|20:41:33.863] Commit new sealing work                  number=2 sealhash=cc01cc..ec1969 uncles=0 txs=0 gas=0 fees=0 elapsed="419.03µs"
INFO [12-13|20:41:33.864] Commit new sealing work                  number=2 sealhash=cc01cc..ec1969 uncles=0 txs=0 gas=0 fees=0 elapsed="837.801µs"
WARN [12-13|20:41:35.405] Snap syncing, discarded propagated block number=2 hash=46c6d1..cc4e97
INFO [12-13|20:41:43.249] Mining aborted due to sync 
INFO [12-13|20:41:43.327] Syncing: chain download in progress      synced=100.00% chain=18.00B headers=5@6.00B bodies=1@6.00B receipts=1@6.00B eta=0s
WARN [12-13|20:41:43.327] Unexpected account range packet          peer=385c4ea9 reqid=7,381,046,878,488,808,083
INFO [12-13|20:41:43.360] Syncing: state download in progress      synced=43.02%  state=194.00B accounts=1@194.00B slots=0@0.00B codes=0@0.00B eta=16.418s
WARN [12-13|20:41:43.364] Unexpected account range packet          peer=386dab36 reqid=4,860,388,487,709,660,761
INFO [12-13|20:41:43.452] Syncing: state download in progress      synced=100.00% state=194.00B accounts=1@194.00B slots=0@0.00B codes=0@0.00B eta=-189ns
INFO [12-13|20:41:43.464] Syncing: state healing in progress       accounts=1@46.00B  slots=0@0.00B codes=0@0.00B nodes=1@116.00B pending=0
INFO [12-13|20:41:43.465] Rebuilding state snapshot 
INFO [12-13|20:41:43.465] Committed new head block                 number=1 hash=185e2d..ac0604
INFO [12-13|20:41:43.466] Resuming state snapshot generation       root=6d1e62..f704ef accounts=0         slots=0       storage=0.00B dangling=0 elapsed=1.194ms
INFO [12-13|20:41:43.467] Generated state snapshot                 accounts=1         slots=0       storage=47.00B dangling=0 elapsed=2.603ms
INFO [12-13|20:41:43.488] Imported new chain segment               number=5 hash=f169e3..6735e6 blocks=4 txs=0 mgas=0.000 elapsed=22.550ms    mgasps=0.000 dirty=1.19KiB
INFO [12-13|20:41:45.126] Successfully sealed new block            number=2 sealhash=cc01cc..ec1969 hash=b8d217..aa800b elapsed=11.263s
INFO [12-13|20:41:45.127] "🔨 mined potential block"                number=2 hash=b8d217..aa800b
INFO [12-13|20:41:46.316] Syncing: chain download in progress      synced=500.00% chain=18.00B headers=5@6.00B bodies=5@6.00B receipts=5@6.00B eta=-10.465s
INFO [12-13|20:41:46.316] Snap sync complete, auto disabling 
INFO [12-13|20:41:46.317] Commit new sealing work                  number=6 sealhash=df9ef5..adff6f uncles=1 txs=0 gas=0 fees=0 elapsed="701.288µs"
INFO [12-13|20:41:46.317] Commit new sealing work                  number=6 sealhash=df9ef5..adff6f uncles=1 txs=0 gas=0 fees=0 elapsed=1.085ms
INFO [12-13|20:41:48.373] Imported new chain segment               number=6 hash=e7e0ab..733ee3 blocks=1 txs=0 mgas=0.000 elapsed=27.681ms    mgasps=0.000 dirty=2.10KiB
INFO [12-13|20:41:48.375] Commit new sealing work                  number=7 sealhash=90ba2d..f17be1 uncles=1 txs=0 gas=0 fees=0 elapsed="633.085µs"
INFO [12-13|20:41:48.375] Commit new sealing work                  number=7 sealhash=90ba2d..f17be1 uncles=1 txs=0 gas=0 fees=0 elapsed="966.192µs"
INFO [12-13|20:41:49.072] Imported new chain segment               number=7 hash=391267..ffce8a blocks=1 txs=0 mgas=0.000 elapsed=14.855ms    mgasps=0.000 dirty=2.34KiB
INFO [12-13|20:41:49.074] Commit new sealing work                  number=8 sealhash=ac9afc..2bda6c uncles=1 txs=0 gas=0 fees=0 elapsed="622.937µs"
INFO [12-13|20:41:49.075] Commit new sealing work                  number=8 sealhash=ac9afc..2bda6c uncles=1 txs=0 gas=0 fees=0 elapsed=1.100ms
INFO [12-13|20:41:50.161] Imported new chain segment               number=8 hash=508760..455c5e blocks=1 txs=0 mgas=0.000 elapsed=12.960ms    mgasps=0.000 dirty=2.58KiB
INFO [12-13|20:41:50.163] Commit new sealing work                  number=9 sealhash=42d387..d56ac7 uncles=0 txs=0 gas=0 fees=0 elapsed="432.569µs"
INFO [12-13|20:41:50.163] Commit new sealing work                  number=9 sealhash=42d387..d56ac7 uncles=0 txs=0 gas=0 fees=0 elapsed="778.658µs"
INFO [12-13|20:41:50.305] Imported new chain segment               number=9 hash=698d8d..e29018 blocks=1 txs=0 mgas=0.000 elapsed=9.608ms     mgasps=0.000 dirty=2.81KiB
INFO [12-13|20:41:50.306] "😱 block lost"                           number=2 hash=b8d217..aa800b
INFO [12-13|20:41:50.306] Commit new sealing work                  number=10 sealhash=2cf74c..d82175 uncles=0 txs=0 gas=0 fees=0 elapsed="601.844µs"
INFO [12-13|20:41:50.307] Commit new sealing work                  number=10 sealhash=2cf74c..d82175 uncles=0 txs=0 gas=0 fees=0 elapsed="856.73µs"
INFO [12-13|20:41:50.530] Successfully sealed new block            number=10 sealhash=2cf74c..d82175 hash=7208ce..bf2e12 elapsed=223.743ms
INFO [12-13|20:41:50.531] "🔨 mined potential block"                number=10 hash=7208ce..bf2e12
INFO [12-13|20:41:50.530] Commit new sealing work                  number=11 sealhash=dad1e7..c98691 uncles=0 txs=0 gas=0 fees=0 elapsed="515.198µs"
INFO [12-13|20:41:50.532] Commit new sealing work                  number=11 sealhash=dad1e7..c98691 uncles=0 txs=0 gas=0 fees=0 elapsed=2.102ms
INFO [12-13|20:41:51.722] Successfully sealed new block            number=11 sealhash=dad1e7..c98691 hash=df75a8..b76c72 elapsed=1.191s
INFO [12-13|20:41:51.722] "🔨 mined potential block"                number=11 hash=df75a8..b76c72
INFO [12-13|20:41:51.723] Commit new sealing work                  number=12 sealhash=69953e..1e77be uncles=0 txs=0 gas=0 fees=0 elapsed="515.087µs"
INFO [12-13|20:41:51.724] Commit new sealing work                  number=12 sealhash=69953e..1e77be uncles=0 txs=0 gas=0 fees=0 elapsed=1.375ms
INFO [12-13|20:41:51.962] Imported new chain segment               number=10 hash=44f33b..7405cf blocks=1 txs=0 mgas=0.000 elapsed=9.747ms     mgasps=0.000 dirty=3.94KiB
INFO [12-13|20:41:51.963] Commit new sealing work                  number=12 sealhash=e5edcf..fb454d uncles=1 txs=0 gas=0 fees=0 elapsed="402.292µs"
INFO [12-13|20:41:56.972] Imported new chain segment               number=11 hash=eb3f4e..9944bc blocks=1 txs=0 mgas=0.000 elapsed=8.525ms     mgasps=0.000 dirty=4.18KiB
INFO [12-13|20:41:57.105] Successfully sealed new block            number=12 sealhash=e5edcf..fb454d hash=5b381c..bf4002 elapsed=5.142s
INFO [12-13|20:41:57.105] "🔨 mined potential block"                number=12 hash=5b381c..bf4002
INFO [12-13|20:41:57.106] Commit new sealing work                  number=13 sealhash=9289a9..121551 uncles=0 txs=0 gas=0 fees=0 elapsed="720.381µs"
INFO [12-13|20:41:57.108] Commit new sealing work                  number=13 sealhash=9289a9..121551 uncles=0 txs=0 gas=0 fees=0 elapsed=1.842ms
INFO [12-13|20:41:59.690] Imported new chain segment               number=12 hash=4ffcd9..3a2bb3 blocks=1 txs=0 mgas=0.000 elapsed=12.721ms    mgasps=0.000 dirty=5.09KiB
INFO [12-13|20:42:05.574] Successfully sealed new block            number=13 sealhash=9289a9..121551 hash=f93aff..86572d elapsed=8.467s
INFO [12-13|20:42:05.574] "🔨 mined potential block"                number=13 hash=f93aff..86572d
INFO [12-13|20:42:05.574] Commit new sealing work                  number=14 sealhash=b84c00..d493f2 uncles=0 txs=0 gas=0 fees=0 elapsed="528.142µs"
INFO [12-13|20:42:05.575] Commit new sealing work                  number=14 sealhash=b84c00..d493f2 uncles=0 txs=0 gas=0 fees=0 elapsed="895.638µs"
INFO [12-13|20:42:05.837] Looking for peers                        peercount=2 tried=1 static=1
INFO [12-13|20:42:10.099] Imported new chain segment               number=13 hash=2a663b..1f6f30 blocks=1 txs=0 mgas=0.000 elapsed=43.557ms    mgasps=0.000 dirty=6.48KiB
INFO [12-13|20:42:13.929] Imported new chain segment               number=13 hash=9fb0cd..9f7567 blocks=1 txs=0 mgas=0.000 elapsed=30.035ms    mgasps=0.000 dirty=6.72KiB
INFO [12-13|20:42:22.782] Chain reorg detected                     number=9  hash=698d8d..e29018 drop=4 dropfrom=f93aff..86572d add=5 addfrom=d8940e..4b07c6
INFO [12-13|20:42:22.787] Imported new chain segment               number=15 hash=e6d429..50b947 blocks=2 txs=0 mgas=0.000 elapsed=28.020ms    mgasps=0.000 dirty=7.67KiB   ignored=1
INFO [12-13|20:42:22.790] Commit new sealing work                  number=16 sealhash=ad3065..d9ac40 uncles=1 txs=0 gas=0 fees=0 elapsed="799.397µs"
INFO [12-13|20:42:22.791] Commit new sealing work                  number=16 sealhash=ad3065..d9ac40 uncles=1 txs=0 gas=0 fees=0 elapsed=1.290ms
INFO [12-13|20:42:22.839] Imported new chain segment               number=17 hash=029cbc..9aab2f blocks=2 txs=0 mgas=0.000 elapsed=47.650ms    mgasps=0.000 dirty=8.85KiB
INFO [12-13|20:42:22.845] "⑂ block became an uncle"                number=10 hash=7208ce..bf2e12
INFO [12-13|20:42:22.846] Commit new sealing work                  number=18 sealhash=272c5a..6b97a4 uncles=0 txs=0 gas=0 fees=0 elapsed=1.448ms
INFO [12-13|20:42:22.847] Commit new sealing work                  number=18 sealhash=272c5a..6b97a4 uncles=0 txs=0 gas=0 fees=0 elapsed=2.575ms
INFO [12-13|20:42:25.792] Imported new chain segment               number=18 hash=050cd8..679eca blocks=1 txs=0 mgas=0.000 elapsed=22.222ms    mgasps=0.000 dirty=9.33KiB
INFO [12-13|20:42:25.793] "😱 block lost"                           number=11 hash=df75a8..b76c72
INFO [12-13|20:42:25.794] Commit new sealing work                  number=19 sealhash=4dd032..6eb148 uncles=0 txs=0 gas=0 fees=0 elapsed=1.458ms
INFO [12-13|20:42:25.795] Commit new sealing work                  number=19 sealhash=4dd032..6eb148 uncles=0 txs=0 gas=0 fees=0 elapsed=2.729ms
INFO [12-13|20:42:25.864] Imported new chain segment               number=19 hash=3d1a8f..834dda blocks=1 txs=0 mgas=0.000 elapsed=39.386ms    mgasps=0.000 dirty=9.80KiB
INFO [12-13|20:42:25.868] "😱 block lost"                           number=12 hash=5b381c..bf4002
INFO [12-13|20:42:25.868] Commit new sealing work                  number=20 sealhash=51ab72..75a45b uncles=0 txs=0 gas=0 fees=0 elapsed=1.767ms
INFO [12-13|20:42:25.876] Commit new sealing work                  number=20 sealhash=51ab72..75a45b uncles=0 txs=0 gas=0 fees=0 elapsed=8.792ms
INFO [12-13|20:42:27.625] Imported new chain segment               number=20 hash=49357d..530ed7 blocks=1 txs=0 mgas=0.000 elapsed=14.552ms    mgasps=0.000 dirty=10.28KiB
INFO [12-13|20:42:27.627] "😱 block lost"                           number=13 hash=f93aff..86572d
INFO [12-13|20:42:27.627] Commit new sealing work                  number=21 sealhash=3535ba..3d5ee2 uncles=0 txs=0 gas=0 fees=0 elapsed="797.694µs"
INFO [12-13|20:42:27.628] Commit new sealing work                  number=21 sealhash=3535ba..3d5ee2 uncles=0 txs=0 gas=0 fees=0 elapsed=1.135ms
INFO [12-13|20:42:27.771] Successfully sealed new block            number=21 sealhash=3535ba..3d5ee2 hash=129226..7d1cec elapsed=144.311ms
INFO [12-13|20:42:27.771] "🔨 mined potential block"                number=21 hash=129226..7d1cec
INFO [12-13|20:42:27.772] Commit new sealing work                  number=22 sealhash=2a88f3..b9597a uncles=0 txs=0 gas=0 fees=0 elapsed="911.23µs"
INFO [12-13|20:42:27.773] Commit new sealing work                  number=22 sealhash=2a88f3..b9597a uncles=0 txs=0 gas=0 fees=0 elapsed=1.558ms
INFO [12-13|20:42:31.047] Imported new chain segment               number=22 hash=214090..12d591 blocks=1 txs=0 mgas=0.000 elapsed=27.675ms    mgasps=0.000 dirty=11.22KiB
INFO [12-13|20:42:31.050] Commit new sealing work                  number=23 sealhash=7229c7..80c74f uncles=0 txs=0 gas=0 fees=0 elapsed=1.488ms
INFO [12-13|20:42:31.050] Commit new sealing work                  number=23 sealhash=7229c7..80c74f uncles=0 txs=0 gas=0 fees=0 elapsed=2.006ms
INFO [12-13|20:42:33.714] Successfully sealed new block            number=23 sealhash=7229c7..80c74f hash=eae0ae..1a690f elapsed=2.664s
INFO [12-13|20:42:33.714] "🔨 mined potential block"                number=23 hash=eae0ae..1a690f
INFO [12-13|20:42:33.715] Commit new sealing work                  number=24 sealhash=c89fc6..08b24d uncles=0 txs=0 gas=0 fees=0 elapsed="982.914µs"
INFO [12-13|20:42:33.716] Commit new sealing work                  number=24 sealhash=c89fc6..08b24d uncles=0 txs=0 gas=0 fees=0 elapsed=1.512ms
INFO [12-13|20:42:35.771] Imported new chain segment               number=24 hash=bbdd77..94aed6 blocks=1 txs=0 mgas=0.000 elapsed=12.365ms    mgasps=0.000 dirty=12.17KiB
INFO [12-13|20:42:35.773] Commit new sealing work                  number=25 sealhash=0b9c5c..ba1d76 uncles=0 txs=0 gas=0 fees=0 elapsed="778.157µs"
INFO [12-13|20:42:35.774] Commit new sealing work                  number=25 sealhash=0b9c5c..ba1d76 uncles=0 txs=0 gas=0 fees=0 elapsed=1.411ms
INFO [12-13|20:42:36.984] Imported new chain segment               number=25 hash=560d69..279281 blocks=1 txs=0 mgas=0.000 elapsed=12.250ms    mgasps=0.000 dirty=12.64KiB
INFO [12-13|20:42:36.985] Commit new sealing work                  number=26 sealhash=6e3514..dcdcfd uncles=0 txs=0 gas=0 fees=0 elapsed="551.993µs"
INFO [12-13|20:42:36.986] Commit new sealing work                  number=26 sealhash=6e3514..dcdcfd uncles=0 txs=0 gas=0 fees=0 elapsed=1.138ms
INFO [12-13|20:42:39.697] Imported new chain segment               number=26 hash=e1d37f..735c66 blocks=1 txs=0 mgas=0.000 elapsed=10.675ms    mgasps=0.000 dirty=13.12KiB
INFO [12-13|20:42:39.698] Commit new sealing work                  number=27 sealhash=e8392a..f3e66c uncles=0 txs=0 gas=0 fees=0 elapsed="553.142µs"
INFO [12-13|20:42:39.699] Commit new sealing work                  number=27 sealhash=e8392a..f3e66c uncles=0 txs=0 gas=0 fees=0 elapsed=1.532ms
INFO [12-13|20:42:42.712] Successfully sealed new block            number=27 sealhash=e8392a..f3e66c hash=a5a609..e6e919 elapsed=3.013s
INFO [12-13|20:42:42.712] "🔨 mined potential block"                number=27 hash=a5a609..e6e919
INFO [12-13|20:42:42.713] Commit new sealing work                  number=28 sealhash=c408f1..46a548 uncles=0 txs=0 gas=0 fees=0 elapsed=1.194ms
INFO [12-13|20:42:42.714] Commit new sealing work                  number=28 sealhash=c408f1..46a548 uncles=0 txs=0 gas=0 fees=0 elapsed=1.935ms
INFO [12-13|20:42:42.762] Commit new sealing work                  number=28 sealhash=60015e..9ed9c1 uncles=1 txs=0 gas=0 fees=0 elapsed="331.403µs"
INFO [12-13|20:42:42.762] Imported new chain segment               number=27 hash=4c407d..e13ae7 blocks=1 txs=0 mgas=0.000 elapsed=11.667ms    mgasps=0.000 dirty=14.07KiB
INFO [12-13|20:42:44.158] Imported new chain segment               number=28 hash=e124fe..8ff77d blocks=1 txs=0 mgas=0.000 elapsed=22.839ms    mgasps=0.000 dirty=14.78KiB
INFO [12-13|20:42:44.159] "🔗 block reached canonical chain"        number=21 hash=129226..7d1cec
INFO [12-13|20:42:44.160] Commit new sealing work                  number=29 sealhash=e46082..d55094 uncles=0 txs=0 gas=0 fees=0 elapsed=1.135ms
INFO [12-13|20:42:44.160] Commit new sealing work                  number=29 sealhash=e46082..d55094 uncles=0 txs=0 gas=0 fees=0 elapsed=1.557ms
INFO [12-13|20:42:45.313] Imported new chain segment               number=29 hash=e25adf..555889 blocks=1 txs=0 mgas=0.000 elapsed=10.034ms    mgasps=0.000 dirty=15.25KiB
INFO [12-13|20:42:45.314] Commit new sealing work                  number=30 sealhash=df3f1a..d00165 uncles=0 txs=0 gas=0 fees=0 elapsed="560.641µs"
INFO [12-13|20:42:45.315] Commit new sealing work                  number=30 sealhash=df3f1a..d00165 uncles=0 txs=0 gas=0 fees=0 elapsed=1.730ms
INFO [12-13|20:42:47.454] Imported new chain segment               number=30 hash=aa4d66..b0a11c blocks=1 txs=0 mgas=0.000 elapsed=9.310ms     mgasps=0.000 dirty=15.73KiB
INFO [12-13|20:42:47.455] "🔗 block reached canonical chain"        number=23 hash=eae0ae..1a690f
INFO [12-13|20:42:47.456] Commit new sealing work                  number=31 sealhash=fe8232..768d10 uncles=0 txs=0 gas=0 fees=0 elapsed=1.112ms
INFO [12-13|20:42:47.457] Commit new sealing work                  number=31 sealhash=fe8232..768d10 uncles=0 txs=0 gas=0 fees=0 elapsed=2.048ms
INFO [12-13|20:42:47.977] Imported new chain segment               number=31 hash=4aecc5..b71db4 blocks=1 txs=0 mgas=0.000 elapsed=9.730ms     mgasps=0.000 dirty=16.20KiB
INFO [12-13|20:42:47.979] Commit new sealing work                  number=32 sealhash=d825e1..789e26 uncles=0 txs=0 gas=0 fees=0 elapsed="883.619µs"
INFO [12-13|20:42:47.980] Commit new sealing work                  number=32 sealhash=d825e1..789e26 uncles=0 txs=0 gas=0 fees=0 elapsed=1.869ms
INFO [12-13|20:42:49.214] Successfully sealed new block            number=32 sealhash=d825e1..789e26 hash=8ed416..d36a1e elapsed=1.235s
INFO [12-13|20:42:49.215] "🔨 mined potential block"                number=32 hash=8ed416..d36a1e
INFO [12-13|20:42:49.216] Commit new sealing work                  number=33 sealhash=48a786..9f2f17 uncles=0 txs=0 gas=0 fees=0 elapsed="948.618µs"
INFO [12-13|20:42:49.216] Commit new sealing work                  number=33 sealhash=48a786..9f2f17 uncles=0 txs=0 gas=0 fees=0 elapsed=1.647ms
INFO [12-13|20:43:03.169] Successfully sealed new block            number=33 sealhash=48a786..9f2f17 hash=8a2d1c..644999 elapsed=13.952s
INFO [12-13|20:43:03.169] "🔨 mined potential block"                number=33 hash=8a2d1c..644999
INFO [12-13|20:43:03.171] Commit new sealing work                  number=34 sealhash=dcf845..f09180 uncles=0 txs=0 gas=0 fees=0 elapsed=2.482ms
INFO [12-13|20:43:03.172] Commit new sealing work                  number=34 sealhash=dcf845..f09180 uncles=0 txs=0 gas=0 fees=0 elapsed=3.248ms
INFO [12-13|20:43:03.801] Successfully sealed new block            number=34 sealhash=dcf845..f09180 hash=780d5e..dee6de elapsed=630.254ms
INFO [12-13|20:43:03.801] "🔗 block reached canonical chain"        number=27 hash=a5a609..e6e919
INFO [12-13|20:43:03.801] "🔨 mined potential block"                number=34 hash=780d5e..dee6de
INFO [12-13|20:43:03.802] Commit new sealing work                  number=35 sealhash=341a90..d9429f uncles=0 txs=0 gas=0 fees=0 elapsed="617.381µs"
INFO [12-13|20:43:03.804] Commit new sealing work                  number=35 sealhash=341a90..d9429f uncles=0 txs=0 gas=0 fees=0 elapsed=1.877ms
INFO [12-13|20:43:04.057] Imported new chain segment               number=34 hash=8bedac..118a23 blocks=1 txs=0 mgas=0.000 elapsed=10.095ms    mgasps=0.000 dirty=18.10KiB
INFO [12-13|20:43:04.059] Commit new sealing work                  number=35 sealhash=834b87..d77667 uncles=1 txs=0 gas=0 fees=0 elapsed=1.136ms
INFO [12-13|20:43:10.770] Commit new sealing work                  number=36 sealhash=b79f9a..f3726d uncles=0 txs=0 gas=0 fees=0 elapsed="593.252µs"
INFO [12-13|20:43:10.770] Commit new sealing work                  number=36 sealhash=b79f9a..f3726d uncles=0 txs=0 gas=0 fees=0 elapsed=1.222ms
INFO [12-13|20:43:10.769] Successfully sealed new block            number=35 sealhash=834b87..d77667 hash=ba0f8f..5b67be elapsed=6.710s
INFO [12-13|20:43:10.781] "🔨 mined potential block"                number=35 hash=ba0f8f..5b67be
INFO [12-13|20:43:13.015] Successfully sealed new block            number=36 sealhash=b79f9a..f3726d hash=1197a7..3d55b1 elapsed=2.245s
INFO [12-13|20:43:13.016] "🔨 mined potential block"                number=36 hash=1197a7..3d55b1
INFO [12-13|20:43:13.018] Commit new sealing work                  number=37 sealhash=5c17d3..d1d265 uncles=0 txs=0 gas=0 fees=0 elapsed=1.963ms
INFO [12-13|20:43:13.018] Commit new sealing work                  number=37 sealhash=5c17d3..d1d265 uncles=0 txs=0 gas=0 fees=0 elapsed=2.730ms
INFO [12-13|20:43:13.870] Commit new sealing work                  number=37 sealhash=d89882..f03942 uncles=1 txs=0 gas=0 fees=0 elapsed="816.082µs"
INFO [12-13|20:43:13.869] Imported new chain segment               number=36 hash=0dff69..908647 blocks=1 txs=0 mgas=0.000 elapsed=28.065ms    mgasps=0.000 dirty=19.76KiB
INFO [12-13|20:43:14.820] Chain reorg detected                     number=35 hash=ba0f8f..5b67be drop=1 dropfrom=1197a7..3d55b1 add=2 addfrom=6ef536..14e0fd
INFO [12-13|20:43:14.821] Imported new chain segment               number=37 hash=6ef536..14e0fd blocks=1 txs=0 mgas=0.000 elapsed=18.058ms    mgasps=0.000 dirty=20.47KiB
INFO [12-13|20:43:14.822] Commit new sealing work                  number=38 sealhash=609570..98380a uncles=0 txs=0 gas=0 fees=0 elapsed="592.067µs"
INFO [12-13|20:43:14.822] Commit new sealing work                  number=38 sealhash=609570..98380a uncles=0 txs=0 gas=0 fees=0 elapsed="987.71µs"
INFO [12-13|20:43:15.676] Successfully sealed new block            number=38 sealhash=609570..98380a hash=5953f1..e0c5c3 elapsed=854.000ms
INFO [12-13|20:43:15.676] "🔨 mined potential block"                number=38 hash=5953f1..e0c5c3
INFO [12-13|20:43:15.677] Commit new sealing work                  number=39 sealhash=2aad11..9102e5 uncles=0 txs=0 gas=0 fees=0 elapsed=1.464ms
INFO [12-13|20:43:15.678] Commit new sealing work                  number=39 sealhash=2aad11..9102e5 uncles=0 txs=0 gas=0 fees=0 elapsed=1.940ms
INFO [12-13|20:43:16.580] Successfully sealed new block            number=39 sealhash=2aad11..9102e5 hash=60805d..a0cac5 elapsed=902.785ms
INFO [12-13|20:43:16.580] "🔗 block reached canonical chain"        number=32 hash=8ed416..d36a1e
INFO [12-13|20:43:16.580] "🔨 mined potential block"                number=39 hash=60805d..a0cac5
INFO [12-13|20:43:16.582] Commit new sealing work                  number=40 sealhash=e5c217..a42598 uncles=0 txs=0 gas=0 fees=0 elapsed="607.122µs"
INFO [12-13|20:43:16.593] Commit new sealing work                  number=40 sealhash=e5c217..a42598 uncles=0 txs=0 gas=0 fees=0 elapsed=11.991ms
INFO [12-13|20:43:17.172] Imported new chain segment               number=40 hash=df7ac3..af0d74 blocks=1 txs=0 mgas=0.000 elapsed=17.592ms    mgasps=0.000 dirty=21.89KiB
INFO [12-13|20:43:17.175] "🔗 block reached canonical chain"        number=33 hash=8a2d1c..644999
INFO [12-13|20:43:17.175] Commit new sealing work                  number=41 sealhash=07d2ef..c11458 uncles=0 txs=0 gas=0 fees=0 elapsed="922.451µs"
INFO [12-13|20:43:17.176] Commit new sealing work                  number=41 sealhash=07d2ef..c11458 uncles=0 txs=0 gas=0 fees=0 elapsed=2.009ms
INFO [12-13|20:43:17.871] Successfully sealed new block            number=41 sealhash=07d2ef..c11458 hash=0390f7..c3c061 elapsed=696.736ms
INFO [12-13|20:43:17.872] "🔗 block reached canonical chain"        number=34 hash=780d5e..dee6de
INFO [12-13|20:43:17.872] "🔨 mined potential block"                number=41 hash=0390f7..c3c061
INFO [12-13|20:43:17.875] Commit new sealing work                  number=42 sealhash=a0adb4..d00cec uncles=0 txs=0 gas=0 fees=0 elapsed=2.952ms
INFO [12-13|20:43:17.883] Commit new sealing work                  number=42 sealhash=a0adb4..d00cec uncles=0 txs=0 gas=0 fees=0 elapsed=10.502ms
INFO [12-13|20:43:18.535] Imported new chain segment               number=42 hash=cb7958..2c22ff blocks=1 txs=0 mgas=0.000 elapsed=11.981ms    mgasps=0.000 dirty=22.84KiB
INFO [12-13|20:43:18.552] "🔗 block reached canonical chain"        number=35 hash=ba0f8f..5b67be
INFO [12-13|20:43:18.552] Commit new sealing work                  number=43 sealhash=2cdf43..1e4b30 uncles=0 txs=0 gas=0 fees=0 elapsed=16.339ms
INFO [12-13|20:43:18.562] Commit new sealing work                  number=43 sealhash=2cdf43..1e4b30 uncles=0 txs=0 gas=0 fees=0 elapsed=26.233ms
